[ 2018-05-28T10:13:31+08:00 ] ::1 /qa/index.php?s=/Home/Robot/studyLog.html
INFO: [ app_init ] --START--
INFO: Run Behavior\BuildLiteBehavior [ RunTime:0.000000s ]
INFO: [ app_init ] --END-- [ RunTime:0.032001s ]
INFO: [ app_begin ] --START--
INFO: Run Behavior\ReadHtmlCacheBehavior [ RunTime:0.002000s ]
INFO: [ app_begin ] --END-- [ RunTime:0.002000s ]

[ 2018-05-28T10:13:31+08:00 ] ::1 /qa/index.php?s=/Home/Login/index.html
INFO: [ app_init ] --START--
INFO: Run Behavior\BuildLiteBehavior [ RunTime:0.000000s ]
INFO: [ app_init ] --END-- [ RunTime:0.001000s ]
INFO: [ app_begin ] --START--
INFO: Run Behavior\ReadHtmlCacheBehavior [ RunTime:0.001000s ]
INFO: [ app_begin ] --END-- [ RunTime:0.001000s ]
INFO: [ view_parse ] --START--
INFO: [ template_filter ] --START--
INFO: Run Behavior\ContentReplaceBehavior [ RunTime:0.000000s ]
INFO: [ template_filter ] --END-- [ RunTime:0.000000s ]
INFO: Run Behavior\ParseTemplateBehavior [ RunTime:0.063004s ]
INFO: [ view_parse ] --END-- [ RunTime:0.063004s ]
INFO: [ view_filter ] --START--
INFO: Run Behavior\WriteHtmlCacheBehavior [ RunTime:0.012001s ]
INFO: [ view_filter ] --END-- [ RunTime:0.012001s ]
INFO: [ app_end ] --START--
INFO: Run Behavior\ShowPageTraceBehavior [ RunTime:0.002000s ]
INFO: [ app_end ] --END-- [ RunTime:0.002000s ]

[ 2018-05-28T10:13:32+08:00 ] ::1 /qa/index.php?m=home&c=login&a=verify
INFO: [ app_init ] --START--
INFO: Run Behavior\BuildLiteBehavior [ RunTime:0.000000s ]
INFO: [ app_init ] --END-- [ RunTime:0.000000s ]
INFO: [ app_begin ] --START--
INFO: Run Behavior\ReadHtmlCacheBehavior [ RunTime:0.000000s ]
INFO: [ app_begin ] --END-- [ RunTime:0.001000s ]
INFO: [ app_end ] --START--
INFO: Run Behavior\ShowPageTraceBehavior [ RunTime:0.001000s ]
INFO: [ app_end ] --END-- [ RunTime:0.001000s ]

[ 2018-05-28T14:34:10+08:00 ] ::1 /qa/index.php?s=/Home/Robot/studyLog.html
INFO: [ app_init ] --START--
INFO: Run Behavior\BuildLiteBehavior [ RunTime:0.000000s ]
INFO: [ app_init ] --END-- [ RunTime:0.001000s ]
INFO: [ app_begin ] --START--
INFO: Run Behavior\ReadHtmlCacheBehavior [ RunTime:0.001000s ]
INFO: [ app_begin ] --END-- [ RunTime:0.001000s ]

[ 2018-05-28T14:34:10+08:00 ] ::1 /qa/index.php?s=/Home/Login/index.html
INFO: [ app_init ] --START--
INFO: Run Behavior\BuildLiteBehavior [ RunTime:0.000000s ]
INFO: [ app_init ] --END-- [ RunTime:0.001000s ]
INFO: [ app_begin ] --START--
INFO: Run Behavior\ReadHtmlCacheBehavior [ RunTime:0.001000s ]
INFO: [ app_begin ] --END-- [ RunTime:0.001000s ]
INFO: [ view_parse ] --START--
INFO: [ template_filter ] --START--
INFO: Run Behavior\ContentReplaceBehavior [ RunTime:0.000000s ]
INFO: [ template_filter ] --END-- [ RunTime:0.001000s ]
INFO: Run Behavior\ParseTemplateBehavior [ RunTime:0.013001s ]
INFO: [ view_parse ] --END-- [ RunTime:0.013001s ]
INFO: [ view_filter ] --START--
INFO: Run Behavior\WriteHtmlCacheBehavior [ RunTime:0.000000s ]
INFO: [ view_filter ] --END-- [ RunTime:0.000000s ]
INFO: [ app_end ] --START--
INFO: Run Behavior\ShowPageTraceBehavior [ RunTime:0.001000s ]
INFO: [ app_end ] --END-- [ RunTime:0.001000s ]

[ 2018-05-28T14:34:11+08:00 ] ::1 /qa/index.php?s=/Home/Robot/studyLog.html
INFO: [ app_init ] --START--
INFO: Run Behavior\BuildLiteBehavior [ RunTime:0.000000s ]
INFO: [ app_init ] --END-- [ RunTime:0.000000s ]
INFO: [ app_begin ] --START--
INFO: Run Behavior\ReadHtmlCacheBehavior [ RunTime:0.001000s ]
INFO: [ app_begin ] --END-- [ RunTime:0.001000s ]

[ 2018-05-28T14:34:11+08:00 ] ::1 /qa/index.php?m=home&c=login&a=verify
INFO: [ app_init ] --START--
INFO: Run Behavior\BuildLiteBehavior [ RunTime:0.000000s ]
INFO: [ app_init ] --END-- [ RunTime:0.000000s ]
INFO: [ app_begin ] --START--
INFO: Run Behavior\ReadHtmlCacheBehavior [ RunTime:0.000000s ]
INFO: [ app_begin ] --END-- [ RunTime:0.000000s ]
INFO: [ app_end ] --START--
INFO: Run Behavior\ShowPageTraceBehavior [ RunTime:0.000000s ]
INFO: [ app_end ] --END-- [ RunTime:0.000000s ]

[ 2018-05-28T14:34:17+08:00 ] ::1 /qa/index.php?s=/Home/Login/checkVerity
INFO: [ app_init ] --START--
INFO: Run Behavior\BuildLiteBehavior [ RunTime:0.000000s ]
INFO: [ app_init ] --END-- [ RunTime:0.000000s ]
INFO: [ app_begin ] --START--
INFO: Run Behavior\ReadHtmlCacheBehavior [ RunTime:0.000000s ]
INFO: [ app_begin ] --END-- [ RunTime:0.000000s ]

[ 2018-05-28T14:34:17+08:00 ] ::1 /qa/index.php?s=/home/login/checkLogin
INFO: [ app_init ] --START--
INFO: Run Behavior\BuildLiteBehavior [ RunTime:0.000000s ]
INFO: [ app_init ] --END-- [ RunTime:0.001000s ]
INFO: [ app_begin ] --START--
INFO: Run Behavior\ReadHtmlCacheBehavior [ RunTime:0.000000s ]
INFO: [ app_begin ] --END-- [ RunTime:0.000000s ]
SQL: SHOW COLUMNS FROM `qa_admin` [ RunTime:0.0220s ]
SQL: SELECT `id`,`salt`,`pwd`,`uname`,`tname`,`status` FROM `qa_admin` WHERE ( uname = "admin" ) LIMIT 1   [ RunTime:0.0010s ]
SQL: UPDATE `qa_admin` SET `logintime`='1527489257',`loginip`='0.0.0.0' WHERE ( uname = "admin" ) [ RunTime:0.0390s ]

[ 2018-05-28T14:34:17+08:00 ] ::1 /qa/index.php?s=/Home/Index/index.html
INFO: [ app_init ] --START--
INFO: Run Behavior\BuildLiteBehavior [ RunTime:0.000000s ]
INFO: [ app_init ] --END-- [ RunTime:0.000000s ]
INFO: [ app_begin ] --START--
INFO: Run Behavior\ReadHtmlCacheBehavior [ RunTime:0.001000s ]
INFO: [ app_begin ] --END-- [ RunTime:0.001000s ]

[ 2018-05-28T14:34:18+08:00 ] ::1 /qa/index.php?s=/Home/Questions/questionsList.html
INFO: [ app_init ] --START--
INFO: Run Behavior\BuildLiteBehavior [ RunTime:0.000000s ]
INFO: [ app_init ] --END-- [ RunTime:0.000000s ]
INFO: [ app_begin ] --START--
INFO: Run Behavior\ReadHtmlCacheBehavior [ RunTime:0.000000s ]
INFO: [ app_begin ] --END-- [ RunTime:0.000000s ]
SQL: SHOW COLUMNS FROM `qa_question_list` [ RunTime:0.0470s ]
SQL: SELECT COUNT(*) AS tp_count FROM qa_question_list l INNER JOIN qa_question_answer a ON a.question_id=l.id  LIMIT 1   [ RunTime:0.2060s ]
NOTIC: [8] Undefined variable: prePage E:\phpStudy\PHPTutorial\WWW\QA\ThinkPHP\Library\Org\Util\Page.class.php 第 684 行.
NOTIC: [8] Undefined variable: nextPage E:\phpStudy\PHPTutorial\WWW\QA\ThinkPHP\Library\Org\Util\Page.class.php 第 684 行.
SQL: SELECT l.id,l.question_title,l.consultanter,l.add_time,l.status,l.is_robot_learning,l.admin_id,l.type_id,a.contents FROM qa_question_list l INNER JOIN qa_question_answer a ON a.question_id=l.id  ORDER BY l.id desc LIMIT 0,20   [ RunTime:0.0380s ]
SQL: SHOW COLUMNS FROM `qa_admin` [ RunTime:0.0030s ]
SQL: SELECT `tname` FROM `qa_admin` WHERE ( id=1 ) LIMIT 1   [ RunTime:0.0000s ]
SQL: SHOW COLUMNS FROM `qa_question_type` [ RunTime:0.0240s ]
SQL: SELECT `type_name` FROM `qa_question_type` WHERE ( id=2854 ) LIMIT 1   [ RunTime:0.0010s ]
SQL: SELECT `tname` FROM `qa_admin` WHERE ( id=1 ) LIMIT 1   [ RunTime:0.0010s ]
SQL: SELECT `type_name` FROM `qa_question_type` WHERE ( id=2135 ) LIMIT 1   [ RunTime:0.0010s ]
SQL: SELECT `tname` FROM `qa_admin` WHERE ( id=1 ) LIMIT 1   [ RunTime:0.0010s ]
SQL: SELECT `type_name` FROM `qa_question_type` WHERE ( id=2928 ) LIMIT 1   [ RunTime:0.0000s ]
SQL: SELECT `tname` FROM `qa_admin` WHERE ( id=1 ) LIMIT 1   [ RunTime:0.0010s ]
SQL: SELECT `type_name` FROM `qa_question_type` WHERE ( id=2869 ) LIMIT 1   [ RunTime:0.0010s ]
SQL: SELECT `tname` FROM `qa_admin` WHERE ( id=1 ) LIMIT 1   [ RunTime:0.0000s ]
SQL: SELECT `type_name` FROM `qa_question_type` WHERE ( id=2869 ) LIMIT 1   [ RunTime:0.0010s ]
SQL: SELECT `tname` FROM `qa_admin` WHERE ( id=0 ) LIMIT 1   [ RunTime:0.0000s ]
SQL: SELECT `type_name` FROM `qa_question_type` WHERE ( id=2839 ) LIMIT 1   [ RunTime:0.0000s ]
SQL: SELECT `tname` FROM `qa_admin` WHERE ( id=0 ) LIMIT 1   [ RunTime:0.0010s ]
SQL: SELECT `type_name` FROM `qa_question_type` WHERE ( id=2839 ) LIMIT 1   [ RunTime:0.0000s ]
SQL: SELECT `tname` FROM `qa_admin` WHERE ( id=0 ) LIMIT 1   [ RunTime:0.0010s ]
SQL: SELECT `type_name` FROM `qa_question_type` WHERE ( id=2837 ) LIMIT 1   [ RunTime:0.0000s ]
SQL: SELECT `tname` FROM `qa_admin` WHERE ( id=0 ) LIMIT 1   [ RunTime:0.0010s ]
SQL: SELECT `type_name` FROM `qa_question_type` WHERE ( id=2839 ) LIMIT 1   [ RunTime:0.0000s ]
SQL: SELECT `tname` FROM `qa_admin` WHERE ( id=0 ) LIMIT 1   [ RunTime:0.0000s ]
SQL: SELECT `type_name` FROM `qa_question_type` WHERE ( id=2839 ) LIMIT 1   [ RunTime:0.0010s ]
SQL: SELECT `tname` FROM `qa_admin` WHERE ( id=0 ) LIMIT 1   [ RunTime:0.0000s ]
SQL: SELECT `type_name` FROM `qa_question_type` WHERE ( id=2837 ) LIMIT 1   [ RunTime:0.0010s ]
SQL: SELECT `tname` FROM `qa_admin` WHERE ( id=0 ) LIMIT 1   [ RunTime:0.0000s ]
SQL: SELECT `type_name` FROM `qa_question_type` WHERE ( id=2839 ) LIMIT 1   [ RunTime:0.0010s ]
SQL: SELECT `tname` FROM `qa_admin` WHERE ( id=0 ) LIMIT 1   [ RunTime:0.0000s ]
SQL: SELECT `type_name` FROM `qa_question_type` WHERE ( id=2839 ) LIMIT 1   [ RunTime:0.0010s ]
SQL: SELECT `tname` FROM `qa_admin` WHERE ( id=0 ) LIMIT 1   [ RunTime:0.0010s ]
SQL: SELECT `type_name` FROM `qa_question_type` WHERE ( id=2840 ) LIMIT 1   [ RunTime:0.0010s ]
SQL: SELECT `tname` FROM `qa_admin` WHERE ( id=0 ) LIMIT 1   [ RunTime:0.0000s ]
SQL: SELECT `type_name` FROM `qa_question_type` WHERE ( id=2837 ) LIMIT 1   [ RunTime:0.0000s ]
SQL: SELECT `tname` FROM `qa_admin` WHERE ( id=0 ) LIMIT 1   [ RunTime:0.0010s ]
SQL: SELECT `type_name` FROM `qa_question_type` WHERE ( id=2837 ) LIMIT 1   [ RunTime:0.0000s ]
SQL: SELECT `tname` FROM `qa_admin` WHERE ( id=0 ) LIMIT 1   [ RunTime:0.0010s ]
SQL: SELECT `type_name` FROM `qa_question_type` WHERE ( id=2837 ) LIMIT 1   [ RunTime:0.0000s ]
SQL: SELECT `tname` FROM `qa_admin` WHERE ( id=0 ) LIMIT 1   [ RunTime:0.0010s ]
SQL: SELECT `type_name` FROM `qa_question_type` WHERE ( id=2839 ) LIMIT 1   [ RunTime:0.0000s ]
SQL: SELECT `tname` FROM `qa_admin` WHERE ( id=0 ) LIMIT 1   [ RunTime:0.0000s ]
SQL: SELECT `type_name` FROM `qa_question_type` WHERE ( id=2837 ) LIMIT 1   [ RunTime:0.0000s ]
SQL: SELECT `tname` FROM `qa_admin` WHERE ( id=0 ) LIMIT 1   [ RunTime:0.0000s ]
SQL: SELECT `type_name` FROM `qa_question_type` WHERE ( id=2837 ) LIMIT 1   [ RunTime:0.0010s ]
INFO: [ view_parse ] --START--
INFO: [ template_filter ] --START--
INFO: Run Behavior\ContentReplaceBehavior [ RunTime:0.000000s ]
INFO: [ template_filter ] --END-- [ RunTime:0.000000s ]
INFO: Run Behavior\ParseTemplateBehavior [ RunTime:0.197012s ]
INFO: [ view_parse ] --END-- [ RunTime:0.197012s ]
INFO: [ view_filter ] --START--
INFO: Run Behavior\WriteHtmlCacheBehavior [ RunTime:0.001000s ]
INFO: [ view_filter ] --END-- [ RunTime:0.001000s ]
INFO: [ app_end ] --START--
INFO: Run Behavior\ShowPageTraceBehavior [ RunTime:0.001000s ]
INFO: [ app_end ] --END-- [ RunTime:0.001000s ]

[ 2018-05-28T14:35:02+08:00 ] ::1 /qa/index.php?s=/home/questions/questionsaddD.html
ERR: 非法操作:questionsaddd

