[ 2018-05-14T10:24:13+08:00 ] ::1 /qa/index.php?s=/Home/Robot/studyLog.html
INFO: [ app_init ] --START--
INFO: Run Behavior\BuildLiteBehavior [ RunTime:0.000000s ]
INFO: [ app_init ] --END-- [ RunTime:0.001000s ]
INFO: [ app_begin ] --START--
INFO: Run Behavior\ReadHtmlCacheBehavior [ RunTime:0.001000s ]
INFO: [ app_begin ] --END-- [ RunTime:0.001000s ]

[ 2018-05-14T10:24:13+08:00 ] ::1 /qa/index.php?s=/Home/Login/index.html
INFO: [ app_init ] --START--
INFO: Run Behavior\BuildLiteBehavior [ RunTime:0.000000s ]
INFO: [ app_init ] --END-- [ RunTime:0.001000s ]
INFO: [ app_begin ] --START--
INFO: Run Behavior\ReadHtmlCacheBehavior [ RunTime:0.001000s ]
INFO: [ app_begin ] --END-- [ RunTime:0.001000s ]
INFO: [ view_parse ] --START--
INFO: [ template_filter ] --START--
INFO: Run Behavior\ContentReplaceBehavior [ RunTime:0.000000s ]
INFO: [ template_filter ] --END-- [ RunTime:0.000000s ]
INFO: Run Behavior\ParseTemplateBehavior [ RunTime:0.097006s ]
INFO: [ view_parse ] --END-- [ RunTime:0.097006s ]
INFO: [ view_filter ] --START--
INFO: Run Behavior\WriteHtmlCacheBehavior [ RunTime:0.000000s ]
INFO: [ view_filter ] --END-- [ RunTime:0.000000s ]
INFO: [ app_end ] --START--
INFO: Run Behavior\ShowPageTraceBehavior [ RunTime:0.001000s ]
INFO: [ app_end ] --END-- [ RunTime:0.001000s ]

[ 2018-05-14T10:24:13+08:00 ] ::1 /qa/index.php?m=home&c=login&a=verify
INFO: [ app_init ] --START--
INFO: Run Behavior\BuildLiteBehavior [ RunTime:0.000000s ]
INFO: [ app_init ] --END-- [ RunTime:0.000000s ]
INFO: [ app_begin ] --START--
INFO: Run Behavior\ReadHtmlCacheBehavior [ RunTime:0.000000s ]
INFO: [ app_begin ] --END-- [ RunTime:0.001000s ]
INFO: [ app_end ] --START--
INFO: Run Behavior\ShowPageTraceBehavior [ RunTime:0.001000s ]
INFO: [ app_end ] --END-- [ RunTime:0.001000s ]

[ 2018-05-14T10:24:20+08:00 ] ::1 /qa/index.php?s=/Home/Login/checkVerity
INFO: [ app_init ] --START--
INFO: Run Behavior\BuildLiteBehavior [ RunTime:0.000000s ]
INFO: [ app_init ] --END-- [ RunTime:0.001000s ]
INFO: [ app_begin ] --START--
INFO: Run Behavior\ReadHtmlCacheBehavior [ RunTime:0.000000s ]
INFO: [ app_begin ] --END-- [ RunTime:0.000000s ]

[ 2018-05-14T10:24:22+08:00 ] ::1 /qa/index.php?s=/Home/Login/checkVerity
INFO: [ app_init ] --START--
INFO: Run Behavior\BuildLiteBehavior [ RunTime:0.000000s ]
INFO: [ app_init ] --END-- [ RunTime:0.001000s ]
INFO: [ app_begin ] --START--
INFO: Run Behavior\ReadHtmlCacheBehavior [ RunTime:0.001000s ]
INFO: [ app_begin ] --END-- [ RunTime:0.001000s ]

[ 2018-05-14T10:24:22+08:00 ] ::1 /qa/index.php?s=/Home/Login/checkVerity
INFO: [ app_init ] --START--
INFO: Run Behavior\BuildLiteBehavior [ RunTime:0.000000s ]
INFO: [ app_init ] --END-- [ RunTime:0.001000s ]
INFO: [ app_begin ] --START--
INFO: Run Behavior\ReadHtmlCacheBehavior [ RunTime:0.001000s ]
INFO: [ app_begin ] --END-- [ RunTime:0.001000s ]

[ 2018-05-14T10:24:25+08:00 ] ::1 /qa/index.php?s=/Home/Login/checkVerity
INFO: [ app_init ] --START--
INFO: Run Behavior\BuildLiteBehavior [ RunTime:0.000000s ]
INFO: [ app_init ] --END-- [ RunTime:0.001000s ]
INFO: [ app_begin ] --START--
INFO: Run Behavior\ReadHtmlCacheBehavior [ RunTime:0.001000s ]
INFO: [ app_begin ] --END-- [ RunTime:0.001000s ]

[ 2018-05-14T10:24:25+08:00 ] ::1 /qa/index.php?s=/Home/Login/checkVerity
INFO: [ app_init ] --START--
INFO: Run Behavior\BuildLiteBehavior [ RunTime:0.000000s ]
INFO: [ app_init ] --END-- [ RunTime:0.001000s ]
INFO: [ app_begin ] --START--
INFO: Run Behavior\ReadHtmlCacheBehavior [ RunTime:0.001000s ]
INFO: [ app_begin ] --END-- [ RunTime:0.001000s ]

[ 2018-05-14T10:24:26+08:00 ] ::1 /qa/index.php?s=/Home/Login/checkVerity
INFO: [ app_init ] --START--
INFO: Run Behavior\BuildLiteBehavior [ RunTime:0.000000s ]
INFO: [ app_init ] --END-- [ RunTime:0.001000s ]
INFO: [ app_begin ] --START--
INFO: Run Behavior\ReadHtmlCacheBehavior [ RunTime:0.001000s ]
INFO: [ app_begin ] --END-- [ RunTime:0.001000s ]

[ 2018-05-14T10:24:28+08:00 ] ::1 /qa/index.php?s=/Home/Login/checkVerity
INFO: [ app_init ] --START--
INFO: Run Behavior\BuildLiteBehavior [ RunTime:0.000000s ]
INFO: [ app_init ] --END-- [ RunTime:0.001000s ]
INFO: [ app_begin ] --START--
INFO: Run Behavior\ReadHtmlCacheBehavior [ RunTime:0.000000s ]
INFO: [ app_begin ] --END-- [ RunTime:0.000000s ]

[ 2018-05-14T10:24:30+08:00 ] ::1 /qa/index.php?s=/Home/Login/checkVerity
INFO: [ app_init ] --START--
INFO: Run Behavior\BuildLiteBehavior [ RunTime:0.000000s ]
INFO: [ app_init ] --END-- [ RunTime:0.001000s ]
INFO: [ app_begin ] --START--
INFO: Run Behavior\ReadHtmlCacheBehavior [ RunTime:0.001001s ]
INFO: [ app_begin ] --END-- [ RunTime:0.001001s ]

[ 2018-05-14T10:24:30+08:00 ] ::1 /qa/index.php?s=/Home/Login/checkVerity
INFO: [ app_init ] --START--
INFO: Run Behavior\BuildLiteBehavior [ RunTime:0.000000s ]
INFO: [ app_init ] --END-- [ RunTime:0.001000s ]
INFO: [ app_begin ] --START--
INFO: Run Behavior\ReadHtmlCacheBehavior [ RunTime:0.001000s ]
INFO: [ app_begin ] --END-- [ RunTime:0.001000s ]

[ 2018-05-14T10:24:31+08:00 ] ::1 /qa/index.php?s=/home/login/checkLogin
INFO: [ app_init ] --START--
INFO: Run Behavior\BuildLiteBehavior [ RunTime:0.000000s ]
INFO: [ app_init ] --END-- [ RunTime:0.000000s ]
INFO: [ app_begin ] --START--
INFO: Run Behavior\ReadHtmlCacheBehavior [ RunTime:0.000000s ]
INFO: [ app_begin ] --END-- [ RunTime:0.000000s ]
SQL: SHOW COLUMNS FROM `qa_admin` [ RunTime:0.0520s ]
SQL: SELECT `id`,`salt`,`pwd`,`uname`,`tname`,`status` FROM `qa_admin` WHERE ( uname = "admin" ) LIMIT 1   [ RunTime:0.0010s ]
SQL: UPDATE `qa_admin` SET `logintime`='1526264671',`loginip`='0.0.0.0' WHERE ( uname = "admin" ) [ RunTime:0.0230s ]

[ 2018-05-14T10:24:31+08:00 ] ::1 /qa/index.php?s=/Home/Index/index.html
INFO: [ app_init ] --START--
INFO: Run Behavior\BuildLiteBehavior [ RunTime:0.000000s ]
INFO: [ app_init ] --END-- [ RunTime:0.000000s ]
INFO: [ app_begin ] --START--
INFO: Run Behavior\ReadHtmlCacheBehavior [ RunTime:0.001000s ]
INFO: [ app_begin ] --END-- [ RunTime:0.001000s ]

[ 2018-05-14T10:24:31+08:00 ] ::1 /qa/index.php?s=/Home/Questions/questionsList.html
INFO: [ app_init ] --START--
INFO: Run Behavior\BuildLiteBehavior [ RunTime:0.000000s ]
INFO: [ app_init ] --END-- [ RunTime:0.001000s ]
INFO: [ app_begin ] --START--
INFO: Run Behavior\ReadHtmlCacheBehavior [ RunTime:0.001000s ]
INFO: [ app_begin ] --END-- [ RunTime:0.001000s ]
SQL: SHOW COLUMNS FROM `qa_question_list` [ RunTime:0.0010s ]
SQL: SELECT COUNT(*) AS tp_count FROM qa_question_list l LEFT JOIN qa_question_answer a ON a.question_id=l.id  LIMIT 1   [ RunTime:0.1040s ]
NOTIC: [8] Undefined variable: prePage E:\phpStudy\PHPTutorial\WWW\QA\ThinkPHP\Library\Org\Util\Page.class.php 第 684 行.
NOTIC: [8] Undefined variable: nextPage E:\phpStudy\PHPTutorial\WWW\QA\ThinkPHP\Library\Org\Util\Page.class.php 第 684 行.
SQL: SELECT l.id,l.question_title,l.consultanter,l.add_time,l.status,l.is_robot_learning,l.admin_id,l.type_id,a.contents FROM qa_question_list l LEFT JOIN qa_question_answer a ON a.question_id=l.id  ORDER BY l.id desc LIMIT 0,20   [ RunTime:0.0180s ]
SQL: SHOW COLUMNS FROM `qa_admin` [ RunTime:0.0030s ]
SQL: SELECT `tname` FROM `qa_admin` WHERE ( id=0 ) LIMIT 1   [ RunTime:0.0010s ]
SQL: SHOW COLUMNS FROM `qa_question_type` [ RunTime:0.0030s ]
SQL: SELECT `type_name` FROM `qa_question_type` WHERE ( id=2839 ) LIMIT 1   [ RunTime:0.0010s ]
SQL: SELECT `tname` FROM `qa_admin` WHERE ( id=0 ) LIMIT 1   [ RunTime:0.0000s ]
SQL: SELECT `type_name` FROM `qa_question_type` WHERE ( id=2839 ) LIMIT 1   [ RunTime:0.0010s ]
SQL: SELECT `tname` FROM `qa_admin` WHERE ( id=0 ) LIMIT 1   [ RunTime:0.0000s ]
SQL: SELECT `type_name` FROM `qa_question_type` WHERE ( id=2837 ) LIMIT 1   [ RunTime:0.0000s ]
SQL: SELECT `tname` FROM `qa_admin` WHERE ( id=0 ) LIMIT 1   [ RunTime:0.0010s ]
SQL: SELECT `type_name` FROM `qa_question_type` WHERE ( id=2839 ) LIMIT 1   [ RunTime:0.0000s ]
SQL: SELECT `tname` FROM `qa_admin` WHERE ( id=0 ) LIMIT 1   [ RunTime:0.0010s ]
SQL: SELECT `type_name` FROM `qa_question_type` WHERE ( id=2839 ) LIMIT 1   [ RunTime:0.0000s ]
SQL: SELECT `tname` FROM `qa_admin` WHERE ( id=0 ) LIMIT 1   [ RunTime:0.0010s ]
SQL: SELECT `type_name` FROM `qa_question_type` WHERE ( id=2837 ) LIMIT 1   [ RunTime:0.0000s ]
SQL: SELECT `tname` FROM `qa_admin` WHERE ( id=0 ) LIMIT 1   [ RunTime:0.0010s ]
SQL: SELECT `type_name` FROM `qa_question_type` WHERE ( id=2839 ) LIMIT 1   [ RunTime:0.0000s ]
SQL: SELECT `tname` FROM `qa_admin` WHERE ( id=0 ) LIMIT 1   [ RunTime:0.0000s ]
SQL: SELECT `type_name` FROM `qa_question_type` WHERE ( id=2839 ) LIMIT 1   [ RunTime:0.0000s ]
SQL: SELECT `tname` FROM `qa_admin` WHERE ( id=0 ) LIMIT 1   [ RunTime:0.0000s ]
SQL: SELECT `type_name` FROM `qa_question_type` WHERE ( id=2840 ) LIMIT 1   [ RunTime:0.0010s ]
SQL: SELECT `tname` FROM `qa_admin` WHERE ( id=0 ) LIMIT 1   [ RunTime:0.0000s ]
SQL: SELECT `type_name` FROM `qa_question_type` WHERE ( id=2837 ) LIMIT 1   [ RunTime:0.0000s ]
SQL: SELECT `tname` FROM `qa_admin` WHERE ( id=0 ) LIMIT 1   [ RunTime:0.0010s ]
SQL: SELECT `type_name` FROM `qa_question_type` WHERE ( id=2837 ) LIMIT 1   [ RunTime:0.0000s ]
SQL: SELECT `tname` FROM `qa_admin` WHERE ( id=0 ) LIMIT 1   [ RunTime:0.0000s ]
SQL: SELECT `type_name` FROM `qa_question_type` WHERE ( id=2837 ) LIMIT 1   [ RunTime:0.0000s ]
SQL: SELECT `tname` FROM `qa_admin` WHERE ( id=0 ) LIMIT 1   [ RunTime:0.0000s ]
SQL: SELECT `type_name` FROM `qa_question_type` WHERE ( id=2839 ) LIMIT 1   [ RunTime:0.0010s ]
SQL: SELECT `tname` FROM `qa_admin` WHERE ( id=0 ) LIMIT 1   [ RunTime:0.0000s ]
SQL: SELECT `type_name` FROM `qa_question_type` WHERE ( id=2837 ) LIMIT 1   [ RunTime:0.0000s ]
SQL: SELECT `tname` FROM `qa_admin` WHERE ( id=0 ) LIMIT 1   [ RunTime:0.0010s ]
SQL: SELECT `type_name` FROM `qa_question_type` WHERE ( id=2837 ) LIMIT 1   [ RunTime:0.0000s ]
SQL: SELECT `tname` FROM `qa_admin` WHERE ( id=0 ) LIMIT 1   [ RunTime:0.0000s ]
SQL: SELECT `type_name` FROM `qa_question_type` WHERE ( id=2840 ) LIMIT 1   [ RunTime:0.0010s ]
SQL: SELECT `tname` FROM `qa_admin` WHERE ( id=0 ) LIMIT 1   [ RunTime:0.0000s ]
SQL: SELECT `type_name` FROM `qa_question_type` WHERE ( id=2837 ) LIMIT 1   [ RunTime:0.0000s ]
SQL: SELECT `tname` FROM `qa_admin` WHERE ( id=0 ) LIMIT 1   [ RunTime:0.0010s ]
SQL: SELECT `type_name` FROM `qa_question_type` WHERE ( id=2839 ) LIMIT 1   [ RunTime:0.0000s ]
SQL: SELECT `tname` FROM `qa_admin` WHERE ( id=0 ) LIMIT 1   [ RunTime:0.0000s ]
SQL: SELECT `type_name` FROM `qa_question_type` WHERE ( id=2839 ) LIMIT 1   [ RunTime:0.0010s ]
SQL: SELECT `tname` FROM `qa_admin` WHERE ( id=0 ) LIMIT 1   [ RunTime:0.0000s ]
SQL: SELECT `type_name` FROM `qa_question_type` WHERE ( id=2837 ) LIMIT 1   [ RunTime:0.0000s ]
INFO: [ view_parse ] --START--
INFO: [ template_filter ] --START--
INFO: Run Behavior\ContentReplaceBehavior [ RunTime:0.000000s ]
INFO: [ template_filter ] --END-- [ RunTime:0.000000s ]
INFO: Run Behavior\ParseTemplateBehavior [ RunTime:0.042003s ]
INFO: [ view_parse ] --END-- [ RunTime:0.042003s ]
INFO: [ view_filter ] --START--
INFO: Run Behavior\WriteHtmlCacheBehavior [ RunTime:0.000000s ]
INFO: [ view_filter ] --END-- [ RunTime:0.001000s ]
INFO: [ app_end ] --START--
INFO: Run Behavior\ShowPageTraceBehavior [ RunTime:0.000000s ]
INFO: [ app_end ] --END-- [ RunTime:0.001000s ]

[ 2018-05-14T10:53:54+08:00 ] ::1 /qa/index.php?s=/Home/Questions/questionsList.html
INFO: [ app_init ] --START--
INFO: Run Behavior\BuildLiteBehavior [ RunTime:0.000000s ]
INFO: [ app_init ] --END-- [ RunTime:0.001000s ]
INFO: [ app_begin ] --START--
INFO: Run Behavior\ReadHtmlCacheBehavior [ RunTime:0.001000s ]
INFO: [ app_begin ] --END-- [ RunTime:0.001000s ]
SQL: SHOW COLUMNS FROM `qa_question_list` [ RunTime:0.0020s ]
SQL: SELECT COUNT(*) AS tp_count FROM qa_question_list l LEFT JOIN qa_question_answer a ON a.question_id=l.id  LIMIT 1   [ RunTime:0.0030s ]
NOTIC: [8] Undefined variable: prePage E:\phpStudy\PHPTutorial\WWW\QA\ThinkPHP\Library\Org\Util\Page.class.php 第 684 行.
NOTIC: [8] Undefined variable: nextPage E:\phpStudy\PHPTutorial\WWW\QA\ThinkPHP\Library\Org\Util\Page.class.php 第 684 行.
SQL: SELECT l.id,l.question_title,l.consultanter,l.add_time,l.status,l.is_robot_learning,l.admin_id,l.type_id,a.contents FROM qa_question_list l LEFT JOIN qa_question_answer a ON a.question_id=l.id  ORDER BY l.id desc LIMIT 0,20   [ RunTime:0.0100s ]
SQL: SHOW COLUMNS FROM `qa_admin` [ RunTime:0.0010s ]
SQL: SELECT `tname` FROM `qa_admin` WHERE ( id=0 ) LIMIT 1   [ RunTime:0.0010s ]
SQL: SHOW COLUMNS FROM `qa_question_type` [ RunTime:0.0010s ]
SQL: SELECT `type_name` FROM `qa_question_type` WHERE ( id=2839 ) LIMIT 1   [ RunTime:0.0010s ]
SQL: SELECT `tname` FROM `qa_admin` WHERE ( id=0 ) LIMIT 1   [ RunTime:0.0000s ]
SQL: SELECT `type_name` FROM `qa_question_type` WHERE ( id=2839 ) LIMIT 1   [ RunTime:0.0000s ]
SQL: SELECT `tname` FROM `qa_admin` WHERE ( id=0 ) LIMIT 1   [ RunTime:0.0010s ]
SQL: SELECT `type_name` FROM `qa_question_type` WHERE ( id=2837 ) LIMIT 1   [ RunTime:0.0000s ]
SQL: SELECT `tname` FROM `qa_admin` WHERE ( id=0 ) LIMIT 1   [ RunTime:0.0000s ]
SQL: SELECT `type_name` FROM `qa_question_type` WHERE ( id=2839 ) LIMIT 1   [ RunTime:0.0000s ]
SQL: SELECT `tname` FROM `qa_admin` WHERE ( id=0 ) LIMIT 1   [ RunTime:0.0000s ]
SQL: SELECT `type_name` FROM `qa_question_type` WHERE ( id=2839 ) LIMIT 1   [ RunTime:0.0000s ]
SQL: SELECT `tname` FROM `qa_admin` WHERE ( id=0 ) LIMIT 1   [ RunTime:0.0000s ]
SQL: SELECT `type_name` FROM `qa_question_type` WHERE ( id=2837 ) LIMIT 1   [ RunTime:0.0010s ]
SQL: SELECT `tname` FROM `qa_admin` WHERE ( id=0 ) LIMIT 1   [ RunTime:0.0000s ]
SQL: SELECT `type_name` FROM `qa_question_type` WHERE ( id=2839 ) LIMIT 1   [ RunTime:0.0000s ]
SQL: SELECT `tname` FROM `qa_admin` WHERE ( id=0 ) LIMIT 1   [ RunTime:0.0000s ]
SQL: SELECT `type_name` FROM `qa_question_type` WHERE ( id=2839 ) LIMIT 1   [ RunTime:0.0000s ]
SQL: SELECT `tname` FROM `qa_admin` WHERE ( id=0 ) LIMIT 1   [ RunTime:0.0010s ]
SQL: SELECT `type_name` FROM `qa_question_type` WHERE ( id=2840 ) LIMIT 1   [ RunTime:0.0000s ]
SQL: SELECT `tname` FROM `qa_admin` WHERE ( id=0 ) LIMIT 1   [ RunTime:0.0010s ]
SQL: SELECT `type_name` FROM `qa_question_type` WHERE ( id=2837 ) LIMIT 1   [ RunTime:0.0000s ]
SQL: SELECT `tname` FROM `qa_admin` WHERE ( id=0 ) LIMIT 1   [ RunTime:0.0000s ]
SQL: SELECT `type_name` FROM `qa_question_type` WHERE ( id=2837 ) LIMIT 1   [ RunTime:0.0000s ]
SQL: SELECT `tname` FROM `qa_admin` WHERE ( id=0 ) LIMIT 1   [ RunTime:0.0000s ]
SQL: SELECT `type_name` FROM `qa_question_type` WHERE ( id=2837 ) LIMIT 1   [ RunTime:0.0000s ]
SQL: SELECT `tname` FROM `qa_admin` WHERE ( id=0 ) LIMIT 1   [ RunTime:0.0000s ]
SQL: SELECT `type_name` FROM `qa_question_type` WHERE ( id=2839 ) LIMIT 1   [ RunTime:0.0000s ]
SQL: SELECT `tname` FROM `qa_admin` WHERE ( id=0 ) LIMIT 1   [ RunTime:0.0000s ]
SQL: SELECT `type_name` FROM `qa_question_type` WHERE ( id=2837 ) LIMIT 1   [ RunTime:0.0000s ]
SQL: SELECT `tname` FROM `qa_admin` WHERE ( id=0 ) LIMIT 1   [ RunTime:0.0000s ]
SQL: SELECT `type_name` FROM `qa_question_type` WHERE ( id=2837 ) LIMIT 1   [ RunTime:0.0000s ]
SQL: SELECT `tname` FROM `qa_admin` WHERE ( id=0 ) LIMIT 1   [ RunTime:0.0000s ]
SQL: SELECT `type_name` FROM `qa_question_type` WHERE ( id=2840 ) LIMIT 1   [ RunTime:0.0010s ]
SQL: SELECT `tname` FROM `qa_admin` WHERE ( id=0 ) LIMIT 1   [ RunTime:0.0000s ]
SQL: SELECT `type_name` FROM `qa_question_type` WHERE ( id=2837 ) LIMIT 1   [ RunTime:0.0000s ]
SQL: SELECT `tname` FROM `qa_admin` WHERE ( id=0 ) LIMIT 1   [ RunTime:0.0010s ]
SQL: SELECT `type_name` FROM `qa_question_type` WHERE ( id=2839 ) LIMIT 1   [ RunTime:0.0000s ]
SQL: SELECT `tname` FROM `qa_admin` WHERE ( id=0 ) LIMIT 1   [ RunTime:0.0000s ]
SQL: SELECT `type_name` FROM `qa_question_type` WHERE ( id=2839 ) LIMIT 1   [ RunTime:0.0000s ]
SQL: SELECT `tname` FROM `qa_admin` WHERE ( id=0 ) LIMIT 1   [ RunTime:0.0000s ]
SQL: SELECT `type_name` FROM `qa_question_type` WHERE ( id=2837 ) LIMIT 1   [ RunTime:0.0000s ]
INFO: [ view_parse ] --START--
INFO: [ template_filter ] --START--
INFO: Run Behavior\ContentReplaceBehavior [ RunTime:0.000000s ]
INFO: [ template_filter ] --END-- [ RunTime:0.000000s ]
INFO: Run Behavior\ParseTemplateBehavior [ RunTime:0.024001s ]
INFO: [ view_parse ] --END-- [ RunTime:0.024001s ]
INFO: [ view_filter ] --START--
INFO: Run Behavior\WriteHtmlCacheBehavior [ RunTime:0.000000s ]
INFO: [ view_filter ] --END-- [ RunTime:0.000000s ]
INFO: [ app_end ] --START--
INFO: Run Behavior\ShowPageTraceBehavior [ RunTime:0.001000s ]
INFO: [ app_end ] --END-- [ RunTime:0.001000s ]

[ 2018-05-14T10:53:55+08:00 ] ::1 /qa/index.php?s=/Home/Questions/questionsList.html
INFO: [ app_init ] --START--
INFO: Run Behavior\BuildLiteBehavior [ RunTime:0.000000s ]
INFO: [ app_init ] --END-- [ RunTime:0.000000s ]
INFO: [ app_begin ] --START--
INFO: Run Behavior\ReadHtmlCacheBehavior [ RunTime:0.000000s ]
INFO: [ app_begin ] --END-- [ RunTime:0.000000s ]
SQL: SHOW COLUMNS FROM `qa_question_list` [ RunTime:0.0010s ]
SQL: SELECT COUNT(*) AS tp_count FROM qa_question_list l LEFT JOIN qa_question_answer a ON a.question_id=l.id  LIMIT 1   [ RunTime:0.0020s ]
NOTIC: [8] Undefined variable: prePage E:\phpStudy\PHPTutorial\WWW\QA\ThinkPHP\Library\Org\Util\Page.class.php 第 684 行.
NOTIC: [8] Undefined variable: nextPage E:\phpStudy\PHPTutorial\WWW\QA\ThinkPHP\Library\Org\Util\Page.class.php 第 684 行.
SQL: SELECT l.id,l.question_title,l.consultanter,l.add_time,l.status,l.is_robot_learning,l.admin_id,l.type_id,a.contents FROM qa_question_list l LEFT JOIN qa_question_answer a ON a.question_id=l.id  ORDER BY l.id desc LIMIT 0,20   [ RunTime:0.0090s ]
SQL: SHOW COLUMNS FROM `qa_admin` [ RunTime:0.0020s ]
SQL: SELECT `tname` FROM `qa_admin` WHERE ( id=0 ) LIMIT 1   [ RunTime:0.0000s ]
SQL: SHOW COLUMNS FROM `qa_question_type` [ RunTime:0.0020s ]
SQL: SELECT `type_name` FROM `qa_question_type` WHERE ( id=2839 ) LIMIT 1   [ RunTime:0.0000s ]
SQL: SELECT `tname` FROM `qa_admin` WHERE ( id=0 ) LIMIT 1   [ RunTime:0.0000s ]
SQL: SELECT `type_name` FROM `qa_question_type` WHERE ( id=2839 ) LIMIT 1   [ RunTime:0.0000s ]
SQL: SELECT `tname` FROM `qa_admin` WHERE ( id=0 ) LIMIT 1   [ RunTime:0.0000s ]
SQL: SELECT `type_name` FROM `qa_question_type` WHERE ( id=2837 ) LIMIT 1   [ RunTime:0.0000s ]
SQL: SELECT `tname` FROM `qa_admin` WHERE ( id=0 ) LIMIT 1   [ RunTime:0.0000s ]
SQL: SELECT `type_name` FROM `qa_question_type` WHERE ( id=2839 ) LIMIT 1   [ RunTime:0.0000s ]
SQL: SELECT `tname` FROM `qa_admin` WHERE ( id=0 ) LIMIT 1   [ RunTime:0.0000s ]
SQL: SELECT `type_name` FROM `qa_question_type` WHERE ( id=2839 ) LIMIT 1   [ RunTime:0.0000s ]
SQL: SELECT `tname` FROM `qa_admin` WHERE ( id=0 ) LIMIT 1   [ RunTime:0.0000s ]
SQL: SELECT `type_name` FROM `qa_question_type` WHERE ( id=2837 ) LIMIT 1   [ RunTime:0.0000s ]
SQL: SELECT `tname` FROM `qa_admin` WHERE ( id=0 ) LIMIT 1   [ RunTime:0.0010s ]
SQL: SELECT `type_name` FROM `qa_question_type` WHERE ( id=2839 ) LIMIT 1   [ RunTime:0.0000s ]
SQL: SELECT `tname` FROM `qa_admin` WHERE ( id=0 ) LIMIT 1   [ RunTime:0.0000s ]
SQL: SELECT `type_name` FROM `qa_question_type` WHERE ( id=2839 ) LIMIT 1   [ RunTime:0.0010s ]
SQL: SELECT `tname` FROM `qa_admin` WHERE ( id=0 ) LIMIT 1   [ RunTime:0.0000s ]
SQL: SELECT `type_name` FROM `qa_question_type` WHERE ( id=2840 ) LIMIT 1   [ RunTime:0.0000s ]
SQL: SELECT `tname` FROM `qa_admin` WHERE ( id=0 ) LIMIT 1   [ RunTime:0.0010s ]
SQL: SELECT `type_name` FROM `qa_question_type` WHERE ( id=2837 ) LIMIT 1   [ RunTime:0.0000s ]
SQL: SELECT `tname` FROM `qa_admin` WHERE ( id=0 ) LIMIT 1   [ RunTime:0.0000s ]
SQL: SELECT `type_name` FROM `qa_question_type` WHERE ( id=2837 ) LIMIT 1   [ RunTime:0.0010s ]
SQL: SELECT `tname` FROM `qa_admin` WHERE ( id=0 ) LIMIT 1   [ RunTime:0.0000s ]
SQL: SELECT `type_name` FROM `qa_question_type` WHERE ( id=2837 ) LIMIT 1   [ RunTime:0.0000s ]
SQL: SELECT `tname` FROM `qa_admin` WHERE ( id=0 ) LIMIT 1   [ RunTime:0.0010s ]
SQL: SELECT `type_name` FROM `qa_question_type` WHERE ( id=2839 ) LIMIT 1   [ RunTime:0.0000s ]
SQL: SELECT `tname` FROM `qa_admin` WHERE ( id=0 ) LIMIT 1   [ RunTime:0.0000s ]
SQL: SELECT `type_name` FROM `qa_question_type` WHERE ( id=2837 ) LIMIT 1   [ RunTime:0.0010s ]
SQL: SELECT `tname` FROM `qa_admin` WHERE ( id=0 ) LIMIT 1   [ RunTime:0.0000s ]
SQL: SELECT `type_name` FROM `qa_question_type` WHERE ( id=2837 ) LIMIT 1   [ RunTime:0.0000s ]
SQL: SELECT `tname` FROM `qa_admin` WHERE ( id=0 ) LIMIT 1   [ RunTime:0.0010s ]
SQL: SELECT `type_name` FROM `qa_question_type` WHERE ( id=2840 ) LIMIT 1   [ RunTime:0.0000s ]
SQL: SELECT `tname` FROM `qa_admin` WHERE ( id=0 ) LIMIT 1   [ RunTime:0.0000s ]
SQL: SELECT `type_name` FROM `qa_question_type` WHERE ( id=2837 ) LIMIT 1   [ RunTime:0.0000s ]
SQL: SELECT `tname` FROM `qa_admin` WHERE ( id=0 ) LIMIT 1   [ RunTime:0.0000s ]
SQL: SELECT `type_name` FROM `qa_question_type` WHERE ( id=2839 ) LIMIT 1   [ RunTime:0.0000s ]
SQL: SELECT `tname` FROM `qa_admin` WHERE ( id=0 ) LIMIT 1   [ RunTime:0.0000s ]
SQL: SELECT `type_name` FROM `qa_question_type` WHERE ( id=2839 ) LIMIT 1   [ RunTime:0.0010s ]
SQL: SELECT `tname` FROM `qa_admin` WHERE ( id=0 ) LIMIT 1   [ RunTime:0.0000s ]
SQL: SELECT `type_name` FROM `qa_question_type` WHERE ( id=2837 ) LIMIT 1   [ RunTime:0.0000s ]
INFO: [ view_parse ] --START--
INFO: [ template_filter ] --START--
INFO: Run Behavior\ContentReplaceBehavior [ RunTime:0.000000s ]
INFO: [ template_filter ] --END-- [ RunTime:0.000000s ]
INFO: Run Behavior\ParseTemplateBehavior [ RunTime:0.015001s ]
INFO: [ view_parse ] --END-- [ RunTime:0.015001s ]
INFO: [ view_filter ] --START--
INFO: Run Behavior\WriteHtmlCacheBehavior [ RunTime:0.001000s ]
INFO: [ view_filter ] --END-- [ RunTime:0.001000s ]
INFO: [ app_end ] --START--
INFO: Run Behavior\ShowPageTraceBehavior [ RunTime:0.001000s ]
INFO: [ app_end ] --END-- [ RunTime:0.001000s ]

[ 2018-05-14T10:53:57+08:00 ] ::1 /qa/index.php?s=/Home/Questions/questionsList.html
INFO: [ app_init ] --START--
INFO: Run Behavior\BuildLiteBehavior [ RunTime:0.000000s ]
INFO: [ app_init ] --END-- [ RunTime:0.000000s ]
INFO: [ app_begin ] --START--
INFO: Run Behavior\ReadHtmlCacheBehavior [ RunTime:0.001000s ]
INFO: [ app_begin ] --END-- [ RunTime:0.001000s ]
SQL: SHOW COLUMNS FROM `qa_question_list` [ RunTime:0.0020s ]
SQL: SELECT COUNT(*) AS tp_count FROM qa_question_list l LEFT JOIN qa_question_answer a ON a.question_id=l.id  LIMIT 1   [ RunTime:0.0020s ]
NOTIC: [8] Undefined variable: prePage E:\phpStudy\PHPTutorial\WWW\QA\ThinkPHP\Library\Org\Util\Page.class.php 第 684 行.
NOTIC: [8] Undefined variable: nextPage E:\phpStudy\PHPTutorial\WWW\QA\ThinkPHP\Library\Org\Util\Page.class.php 第 684 行.
SQL: SELECT l.id,l.question_title,l.consultanter,l.add_time,l.status,l.is_robot_learning,l.admin_id,l.type_id,a.contents FROM qa_question_list l LEFT JOIN qa_question_answer a ON a.question_id=l.id  ORDER BY l.id desc LIMIT 0,20   [ RunTime:0.0100s ]
SQL: SHOW COLUMNS FROM `qa_admin` [ RunTime:0.0020s ]
SQL: SELECT `tname` FROM `qa_admin` WHERE ( id=0 ) LIMIT 1   [ RunTime:0.0010s ]
SQL: SHOW COLUMNS FROM `qa_question_type` [ RunTime:0.0010s ]
SQL: SELECT `type_name` FROM `qa_question_type` WHERE ( id=2839 ) LIMIT 1   [ RunTime:0.0010s ]
SQL: SELECT `tname` FROM `qa_admin` WHERE ( id=0 ) LIMIT 1   [ RunTime:0.0000s ]
SQL: SELECT `type_name` FROM `qa_question_type` WHERE ( id=2839 ) LIMIT 1   [ RunTime:0.0010s ]
SQL: SELECT `tname` FROM `qa_admin` WHERE ( id=0 ) LIMIT 1   [ RunTime:0.0000s ]
SQL: SELECT `type_name` FROM `qa_question_type` WHERE ( id=2837 ) LIMIT 1   [ RunTime:0.0000s ]
SQL: SELECT `tname` FROM `qa_admin` WHERE ( id=0 ) LIMIT 1   [ RunTime:0.0000s ]
SQL: SELECT `type_name` FROM `qa_question_type` WHERE ( id=2839 ) LIMIT 1   [ RunTime:0.0000s ]
SQL: SELECT `tname` FROM `qa_admin` WHERE ( id=0 ) LIMIT 1   [ RunTime:0.0000s ]
SQL: SELECT `type_name` FROM `qa_question_type` WHERE ( id=2839 ) LIMIT 1   [ RunTime:0.0000s ]
SQL: SELECT `tname` FROM `qa_admin` WHERE ( id=0 ) LIMIT 1   [ RunTime:0.0000s ]
SQL: SELECT `type_name` FROM `qa_question_type` WHERE ( id=2837 ) LIMIT 1   [ RunTime:0.0010s ]
SQL: SELECT `tname` FROM `qa_admin` WHERE ( id=0 ) LIMIT 1   [ RunTime:0.0000s ]
SQL: SELECT `type_name` FROM `qa_question_type` WHERE ( id=2839 ) LIMIT 1   [ RunTime:0.0000s ]
SQL: SELECT `tname` FROM `qa_admin` WHERE ( id=0 ) LIMIT 1   [ RunTime:0.0010s ]
SQL: SELECT `type_name` FROM `qa_question_type` WHERE ( id=2839 ) LIMIT 1   [ RunTime:0.0000s ]
SQL: SELECT `tname` FROM `qa_admin` WHERE ( id=0 ) LIMIT 1   [ RunTime:0.0000s ]
SQL: SELECT `type_name` FROM `qa_question_type` WHERE ( id=2840 ) LIMIT 1   [ RunTime:0.0010s ]
SQL: SELECT `tname` FROM `qa_admin` WHERE ( id=0 ) LIMIT 1   [ RunTime:0.0000s ]
SQL: SELECT `type_name` FROM `qa_question_type` WHERE ( id=2837 ) LIMIT 1   [ RunTime:0.0000s ]
SQL: SELECT `tname` FROM `qa_admin` WHERE ( id=0 ) LIMIT 1   [ RunTime:0.0010s ]
SQL: SELECT `type_name` FROM `qa_question_type` WHERE ( id=2837 ) LIMIT 1   [ RunTime:0.0000s ]
SQL: SELECT `tname` FROM `qa_admin` WHERE ( id=0 ) LIMIT 1   [ RunTime:0.0010s ]
SQL: SELECT `type_name` FROM `qa_question_type` WHERE ( id=2837 ) LIMIT 1   [ RunTime:0.0000s ]
SQL: SELECT `tname` FROM `qa_admin` WHERE ( id=0 ) LIMIT 1   [ RunTime:0.0000s ]
SQL: SELECT `type_name` FROM `qa_question_type` WHERE ( id=2839 ) LIMIT 1   [ RunTime:0.0010s ]
SQL: SELECT `tname` FROM `qa_admin` WHERE ( id=0 ) LIMIT 1   [ RunTime:0.0000s ]
SQL: SELECT `type_name` FROM `qa_question_type` WHERE ( id=2837 ) LIMIT 1   [ RunTime:0.0000s ]
SQL: SELECT `tname` FROM `qa_admin` WHERE ( id=0 ) LIMIT 1   [ RunTime:0.0010s ]
SQL: SELECT `type_name` FROM `qa_question_type` WHERE ( id=2837 ) LIMIT 1   [ RunTime:0.0000s ]
SQL: SELECT `tname` FROM `qa_admin` WHERE ( id=0 ) LIMIT 1   [ RunTime:0.0000s ]
SQL: SELECT `type_name` FROM `qa_question_type` WHERE ( id=2840 ) LIMIT 1   [ RunTime:0.0010s ]
SQL: SELECT `tname` FROM `qa_admin` WHERE ( id=0 ) LIMIT 1   [ RunTime:0.0000s ]
SQL: SELECT `type_name` FROM `qa_question_type` WHERE ( id=2837 ) LIMIT 1   [ RunTime:0.0000s ]
SQL: SELECT `tname` FROM `qa_admin` WHERE ( id=0 ) LIMIT 1   [ RunTime:0.0010s ]
SQL: SELECT `type_name` FROM `qa_question_type` WHERE ( id=2839 ) LIMIT 1   [ RunTime:0.0000s ]
SQL: SELECT `tname` FROM `qa_admin` WHERE ( id=0 ) LIMIT 1   [ RunTime:0.0000s ]
SQL: SELECT `type_name` FROM `qa_question_type` WHERE ( id=2839 ) LIMIT 1   [ RunTime:0.0010s ]
SQL: SELECT `tname` FROM `qa_admin` WHERE ( id=0 ) LIMIT 1   [ RunTime:0.0000s ]
SQL: SELECT `type_name` FROM `qa_question_type` WHERE ( id=2837 ) LIMIT 1   [ RunTime:0.0000s ]
INFO: [ view_parse ] --START--
INFO: [ template_filter ] --START--
INFO: Run Behavior\ContentReplaceBehavior [ RunTime:0.001001s ]
INFO: [ template_filter ] --END-- [ RunTime:0.001001s ]
INFO: Run Behavior\ParseTemplateBehavior [ RunTime:0.017001s ]
INFO: [ view_parse ] --END-- [ RunTime:0.017001s ]
INFO: [ view_filter ] --START--
INFO: Run Behavior\WriteHtmlCacheBehavior [ RunTime:0.000000s ]
INFO: [ view_filter ] --END-- [ RunTime:0.000000s ]
INFO: [ app_end ] --START--
INFO: Run Behavior\ShowPageTraceBehavior [ RunTime:0.001000s ]
INFO: [ app_end ] --END-- [ RunTime:0.001000s ]

[ 2018-05-14T11:21:16+08:00 ] ::1 /qa/index.php?s=/Home/Questions/questionsList/oid/2
INFO: [ app_init ] --START--
INFO: Run Behavior\BuildLiteBehavior [ RunTime:0.000000s ]
INFO: [ app_init ] --END-- [ RunTime:0.000000s ]
INFO: [ app_begin ] --START--
INFO: Run Behavior\ReadHtmlCacheBehavior [ RunTime:0.000000s ]
INFO: [ app_begin ] --END-- [ RunTime:0.000000s ]
SQL: SHOW COLUMNS FROM `qa_question_list` [ RunTime:0.0020s ]
SQL: SELECT COUNT(*) AS tp_count FROM qa_question_list l LEFT JOIN qa_question_answer a ON a.question_id=l.id  WHERE a.contents IS NULL LIMIT 1   [ RunTime:0.0030s ]
NOTIC: [8] Undefined variable: prePage E:\phpStudy\PHPTutorial\WWW\QA\ThinkPHP\Library\Org\Util\Page.class.php 第 684 行.
NOTIC: [8] Undefined variable: nextPage E:\phpStudy\PHPTutorial\WWW\QA\ThinkPHP\Library\Org\Util\Page.class.php 第 684 行.
SQL: SELECT l.id,l.question_title,l.consultanter,l.add_time,l.status,l.is_robot_learning,l.admin_id,l.type_id,a.contents FROM qa_question_list l LEFT JOIN qa_question_answer a ON a.question_id=l.id  WHERE a.contents IS NULL ORDER BY l.id desc LIMIT 0,20   [ RunTime:0.0070s ]
SQL: SHOW COLUMNS FROM `qa_admin` [ RunTime:0.0020s ]
SQL: SELECT `tname` FROM `qa_admin` WHERE ( id=0 ) LIMIT 1   [ RunTime:0.0000s ]
SQL: SHOW COLUMNS FROM `qa_question_type` [ RunTime:0.0020s ]
SQL: SELECT `type_name` FROM `qa_question_type` WHERE ( id=2837 ) LIMIT 1   [ RunTime:0.0000s ]
SQL: SELECT `tname` FROM `qa_admin` WHERE ( id=0 ) LIMIT 1   [ RunTime:0.0000s ]
SQL: SELECT `type_name` FROM `qa_question_type` WHERE ( id=2837 ) LIMIT 1   [ RunTime:0.0000s ]
SQL: SELECT `tname` FROM `qa_admin` WHERE ( id=0 ) LIMIT 1   [ RunTime:0.0000s ]
SQL: SELECT `type_name` FROM `qa_question_type` WHERE ( id=2839 ) LIMIT 1   [ RunTime:0.0000s ]
SQL: SELECT `tname` FROM `qa_admin` WHERE ( id=0 ) LIMIT 1   [ RunTime:0.0010s ]
SQL: SELECT `type_name` FROM `qa_question_type` WHERE ( id=2837 ) LIMIT 1   [ RunTime:0.0000s ]
SQL: SELECT `tname` FROM `qa_admin` WHERE ( id=0 ) LIMIT 1   [ RunTime:0.0000s ]
SQL: SELECT `type_name` FROM `qa_question_type` WHERE ( id=2837 ) LIMIT 1   [ RunTime:0.0010s ]
SQL: SELECT `tname` FROM `qa_admin` WHERE ( id=0 ) LIMIT 1   [ RunTime:0.0000s ]
SQL: SELECT `type_name` FROM `qa_question_type` WHERE ( id=2837 ) LIMIT 1   [ RunTime:0.0000s ]
SQL: SELECT `tname` FROM `qa_admin` WHERE ( id=0 ) LIMIT 1   [ RunTime:0.0010s ]
SQL: SELECT `type_name` FROM `qa_question_type` WHERE ( id=2839 ) LIMIT 1   [ RunTime:0.0000s ]
SQL: SELECT `tname` FROM `qa_admin` WHERE ( id=0 ) LIMIT 1   [ RunTime:0.0000s ]
SQL: SELECT `type_name` FROM `qa_question_type` WHERE ( id=2837 ) LIMIT 1   [ RunTime:0.0010s ]
SQL: SELECT `tname` FROM `qa_admin` WHERE ( id=1 ) LIMIT 1   [ RunTime:0.0000s ]
SQL: SELECT `type_name` FROM `qa_question_type` WHERE ( id=2869 ) LIMIT 1   [ RunTime:0.0000s ]
SQL: SELECT `tname` FROM `qa_admin` WHERE ( id=1 ) LIMIT 1   [ RunTime:0.0010s ]
SQL: SELECT `type_name` FROM `qa_question_type` WHERE ( id=2869 ) LIMIT 1   [ RunTime:0.0000s ]
SQL: SELECT `tname` FROM `qa_admin` WHERE ( id=1 ) LIMIT 1   [ RunTime:0.0010s ]
SQL: SELECT `type_name` FROM `qa_question_type` WHERE ( id=2869 ) LIMIT 1   [ RunTime:0.0000s ]
SQL: SELECT `tname` FROM `qa_admin` WHERE ( id=1 ) LIMIT 1   [ RunTime:0.0000s ]
SQL: SELECT `type_name` FROM `qa_question_type` WHERE ( id=2869 ) LIMIT 1   [ RunTime:0.0000s ]
INFO: [ view_parse ] --START--
INFO: [ template_filter ] --START--
INFO: Run Behavior\ContentReplaceBehavior [ RunTime:0.000000s ]
INFO: [ template_filter ] --END-- [ RunTime:0.000000s ]
INFO: Run Behavior\ParseTemplateBehavior [ RunTime:0.024002s ]
INFO: [ view_parse ] --END-- [ RunTime:0.024002s ]
INFO: [ view_filter ] --START--
INFO: Run Behavior\WriteHtmlCacheBehavior [ RunTime:0.001000s ]
INFO: [ view_filter ] --END-- [ RunTime:0.001000s ]
INFO: [ app_end ] --START--
INFO: Run Behavior\ShowPageTraceBehavior [ RunTime:0.001000s ]
INFO: [ app_end ] --END-- [ RunTime:0.001000s ]

[ 2018-05-14T11:21:36+08:00 ] ::1 /qa/index.php?s=/Home/Questions/getQuestionsAnswer.html
INFO: [ app_init ] --START--
INFO: Run Behavior\BuildLiteBehavior [ RunTime:0.000000s ]
INFO: [ app_init ] --END-- [ RunTime:0.001000s ]
INFO: [ app_begin ] --START--
INFO: Run Behavior\ReadHtmlCacheBehavior [ RunTime:0.001000s ]
INFO: [ app_begin ] --END-- [ RunTime:0.001000s ]
SQL: SHOW COLUMNS FROM `qa_question_list` [ RunTime:0.0020s ]
SQL: SELECT `id`,`question_title`,`type_id` FROM `qa_question_list` WHERE ( id=149 and status=1 ) LIMIT 1   [ RunTime:0.0000s ]
SQL: SELECT `id`,`question_title`,`type_id` FROM `qa_question_list` WHERE ( id=128 and status=1 ) LIMIT 1   [ RunTime:0.0010s ]
SQL: SELECT `id`,`question_title`,`type_id` FROM `qa_question_list` WHERE ( id=123 and status=1 ) LIMIT 1   [ RunTime:0.0010s ]
SQL: SELECT `id`,`question_title`,`type_id` FROM `qa_question_list` WHERE ( id=112 and status=1 ) LIMIT 1   [ RunTime:0.0000s ]
SQL: SELECT `id`,`question_title`,`type_id` FROM `qa_question_list` WHERE ( id=104 and status=1 ) LIMIT 1   [ RunTime:0.0010s ]
SQL: SELECT `id`,`question_title`,`type_id` FROM `qa_question_list` WHERE ( id=103 and status=1 ) LIMIT 1   [ RunTime:0.0000s ]
SQL: SELECT `id`,`question_title`,`type_id` FROM `qa_question_list` WHERE ( id=100 and status=1 ) LIMIT 1   [ RunTime:0.0010s ]
SQL: SELECT `id`,`question_title`,`type_id` FROM `qa_question_list` WHERE ( id=76 and status=1 ) LIMIT 1   [ RunTime:0.0010s ]
SQL: SELECT `id`,`question_title`,`type_id` FROM `qa_question_list` WHERE ( id=57 and status=1 ) LIMIT 1   [ RunTime:0.0010s ]
SQL: SELECT `id`,`question_title`,`type_id` FROM `qa_question_list` WHERE ( id=56 and status=1 ) LIMIT 1   [ RunTime:0.0000s ]
SQL: SELECT `id`,`question_title`,`type_id` FROM `qa_question_list` WHERE ( id=55 and status=1 ) LIMIT 1   [ RunTime:0.0010s ]
SQL: SELECT `id`,`question_title`,`type_id` FROM `qa_question_list` WHERE ( id=51 and status=1 ) LIMIT 1   [ RunTime:0.0000s ]
SQL: SHOW COLUMNS FROM `qa_question_answer` [ RunTime:0.0010s ]
NOTIC: [8] Undefined variable: strBody E:\phpStudy\PHPTutorial\WWW\QA\Application\Home\Controller\QuestionsController.class.php 第 523 行.
SQL: SELECT `type_id` FROM `qa_question_list` WHERE ( id=149 ) LIMIT 1   [ RunTime:0.0010s ]
SQL: SELECT `id` FROM `qa_question_answer` WHERE ( question_id=149 ) LIMIT 1   [ RunTime:0.0010s ]
SQL: DELETE FROM `qa_question_answer` WHERE ( question_id=149 ) [ RunTime:0.0010s ]
SQL: INSERT INTO `qa_question_answer` (`question_id`,`question_title`,`add_time`,`type_id`) VALUES ('149','Simulation of Micro Blanking Process of ','1526268082','2837') [ RunTime:0.0010s ]
NOTIC: [8] Undefined variable: strBody E:\phpStudy\PHPTutorial\WWW\QA\Application\Home\Controller\QuestionsController.class.php 第 523 行.
SQL: SELECT `type_id` FROM `qa_question_list` WHERE ( id=128 ) LIMIT 1   [ RunTime:0.0010s ]
SQL: SELECT `id` FROM `qa_question_answer` WHERE ( question_id=128 ) LIMIT 1   [ RunTime:0.0010s ]
SQL: DELETE FROM `qa_question_answer` WHERE ( question_id=128 ) [ RunTime:0.0020s ]
SQL: INSERT INTO `qa_question_answer` (`question_id`,`question_title`,`add_time`,`type_id`) VALUES ('128','Fabrication and characterization of a no','1526268082','2837') [ RunTime:0.0010s ]
NOTIC: [8] Undefined variable: strBody E:\phpStudy\PHPTutorial\WWW\QA\Application\Home\Controller\QuestionsController.class.php 第 523 行.
SQL: SELECT `type_id` FROM `qa_question_list` WHERE ( id=123 ) LIMIT 1   [ RunTime:0.0000s ]
SQL: SELECT `id` FROM `qa_question_answer` WHERE ( question_id=123 ) LIMIT 1   [ RunTime:0.0020s ]
SQL: DELETE FROM `qa_question_answer` WHERE ( question_id=123 ) [ RunTime:0.0010s ]
SQL: INSERT INTO `qa_question_answer` (`question_id`,`question_title`,`add_time`,`type_id`) VALUES ('123','电致发光测试在晶硅电池组件检测认证中的应','1526268082','2839') [ RunTime:0.0010s ]
NOTIC: [8] Undefined variable: strBody E:\phpStudy\PHPTutorial\WWW\QA\Application\Home\Controller\QuestionsController.class.php 第 523 行.
SQL: SELECT `type_id` FROM `qa_question_list` WHERE ( id=112 ) LIMIT 1   [ RunTime:0.0000s ]
SQL: SELECT `id` FROM `qa_question_answer` WHERE ( question_id=112 ) LIMIT 1   [ RunTime:0.0010s ]
SQL: DELETE FROM `qa_question_answer` WHERE ( question_id=112 ) [ RunTime:0.0010s ]
SQL: INSERT INTO `qa_question_answer` (`question_id`,`question_title`,`add_time`,`type_id`) VALUES ('112','Second homes and urban landscape pattern','1526268082','2837') [ RunTime:0.0000s ]
NOTIC: [8] Undefined variable: strBody E:\phpStudy\PHPTutorial\WWW\QA\Application\Home\Controller\QuestionsController.class.php 第 523 行.
SQL: SELECT `type_id` FROM `qa_question_list` WHERE ( id=104 ) LIMIT 1   [ RunTime:0.0010s ]
SQL: SELECT `id` FROM `qa_question_answer` WHERE ( question_id=104 ) LIMIT 1   [ RunTime:0.0010s ]
SQL: DELETE FROM `qa_question_answer` WHERE ( question_id=104 ) [ RunTime:0.0010s ]
SQL: INSERT INTO `qa_question_answer` (`question_id`,`question_title`,`add_time`,`type_id`) VALUES ('104','复方氨基酸注射液的变色原因探讨','1526268082','2837') [ RunTime:0.0000s ]
NOTIC: [8] Undefined variable: strBody E:\phpStudy\PHPTutorial\WWW\QA\Application\Home\Controller\QuestionsController.class.php 第 523 行.
SQL: SELECT `type_id` FROM `qa_question_list` WHERE ( id=103 ) LIMIT 1   [ RunTime:0.0000s ]
SQL: SELECT `id` FROM `qa_question_answer` WHERE ( question_id=103 ) LIMIT 1   [ RunTime:0.0010s ]
SQL: DELETE FROM `qa_question_answer` WHERE ( question_id=103 ) [ RunTime:0.0010s ]
SQL: INSERT INTO `qa_question_answer` (`question_id`,`question_title`,`add_time`,`type_id`) VALUES ('103','Minerals in vitro bioaccessibility and c','1526268082','2837') [ RunTime:0.0010s ]
NOTIC: [8] Undefined variable: strBody E:\phpStudy\PHPTutorial\WWW\QA\Application\Home\Controller\QuestionsController.class.php 第 523 行.
SQL: SELECT `type_id` FROM `qa_question_list` WHERE ( id=100 ) LIMIT 1   [ RunTime:0.0000s ]
SQL: SELECT `id` FROM `qa_question_answer` WHERE ( question_id=100 ) LIMIT 1   [ RunTime:0.0010s ]
SQL: DELETE FROM `qa_question_answer` WHERE ( question_id=100 ) [ RunTime:0.0010s ]
SQL: INSERT INTO `qa_question_answer` (`question_id`,`question_title`,`add_time`,`type_id`) VALUES ('100','in search of relativistic debye potentia','1526268082','2839') [ RunTime:0.0010s ]
NOTIC: [8] Undefined variable: strBody E:\phpStudy\PHPTutorial\WWW\QA\Application\Home\Controller\QuestionsController.class.php 第 523 行.
SQL: SELECT `type_id` FROM `qa_question_list` WHERE ( id=76 ) LIMIT 1   [ RunTime:0.0020s ]
SQL: SELECT `id` FROM `qa_question_answer` WHERE ( question_id=76 ) LIMIT 1   [ RunTime:0.0030s ]
SQL: DELETE FROM `qa_question_answer` WHERE ( question_id=76 ) [ RunTime:0.0010s ]
SQL: INSERT INTO `qa_question_answer` (`question_id`,`question_title`,`add_time`,`type_id`) VALUES ('76','浅析荷马史诗与彝族史诗支格阿鲁中','1526268082','2837') [ RunTime:0.0000s ]
NOTIC: [8] Undefined variable: strBody E:\phpStudy\PHPTutorial\WWW\QA\Application\Home\Controller\QuestionsController.class.php 第 523 行.
SQL: SELECT `type_id` FROM `qa_question_list` WHERE ( id=57 ) LIMIT 1   [ RunTime:0.0010s ]
SQL: SELECT `id` FROM `qa_question_answer` WHERE ( question_id=57 ) LIMIT 1   [ RunTime:0.0010s ]
SQL: DELETE FROM `qa_question_answer` WHERE ( question_id=57 ) [ RunTime:0.0010s ]
SQL: INSERT INTO `qa_question_answer` (`question_id`,`question_title`,`add_time`,`type_id`) VALUES ('57','急性肾衰竭少尿期摄入水分过多可发生','1526268082','2869') [ RunTime:0.0000s ]
NOTIC: [8] Undefined variable: strBody E:\phpStudy\PHPTutorial\WWW\QA\Application\Home\Controller\QuestionsController.class.php 第 523 行.
SQL: SELECT `type_id` FROM `qa_question_list` WHERE ( id=56 ) LIMIT 1   [ RunTime:0.0010s ]
SQL: SELECT `id` FROM `qa_question_answer` WHERE ( question_id=56 ) LIMIT 1   [ RunTime:0.0010s ]
SQL: DELETE FROM `qa_question_answer` WHERE ( question_id=56 ) [ RunTime:0.0020s ]
SQL: INSERT INTO `qa_question_answer` (`question_id`,`question_title`,`add_time`,`type_id`) VALUES ('56','最容易导致周围循环衰竭的是','1526268082','2869') [ RunTime:0.0000s ]
NOTIC: [8] Undefined variable: strBody E:\phpStudy\PHPTutorial\WWW\QA\Application\Home\Controller\QuestionsController.class.php 第 523 行.
SQL: SELECT `type_id` FROM `qa_question_list` WHERE ( id=55 ) LIMIT 1   [ RunTime:0.0010s ]
SQL: SELECT `id` FROM `qa_question_answer` WHERE ( question_id=55 ) LIMIT 1   [ RunTime:0.0010s ]
SQL: DELETE FROM `qa_question_answer` WHERE ( question_id=55 ) [ RunTime:0.0010s ]
SQL: INSERT INTO `qa_question_answer` (`question_id`,`question_title`,`add_time`,`type_id`) VALUES ('55','膀胱三角','1526268082','2869') [ RunTime:0.0010s ]
NOTIC: [8] Undefined variable: strBody E:\phpStudy\PHPTutorial\WWW\QA\Application\Home\Controller\QuestionsController.class.php 第 523 行.
SQL: SELECT `type_id` FROM `qa_question_list` WHERE ( id=51 ) LIMIT 1   [ RunTime:0.0010s ]
SQL: SELECT `id` FROM `qa_question_answer` WHERE ( question_id=51 ) LIMIT 1   [ RunTime:0.0010s ]
SQL: DELETE FROM `qa_question_answer` WHERE ( question_id=51 ) [ RunTime:0.0020s ]
SQL: INSERT INTO `qa_question_answer` (`question_id`,`question_title`,`add_time`,`type_id`) VALUES ('51','血浆总渗透压是指','1526268082','2869') [ RunTime:0.0000s ]

[ 2018-05-14T11:21:37+08:00 ] ::1 /qa/index.php?s=/Home/Questions/questionsList/oid/2
INFO: [ app_init ] --START--
INFO: Run Behavior\BuildLiteBehavior [ RunTime:0.000000s ]
INFO: [ app_init ] --END-- [ RunTime:0.001000s ]
INFO: [ app_begin ] --START--
INFO: Run Behavior\ReadHtmlCacheBehavior [ RunTime:0.001001s ]
INFO: [ app_begin ] --END-- [ RunTime:0.001001s ]
SQL: SHOW COLUMNS FROM `qa_question_list` [ RunTime:0.0040s ]
SQL: SELECT COUNT(*) AS tp_count FROM qa_question_list l LEFT JOIN qa_question_answer a ON a.question_id=l.id  WHERE a.contents IS NULL LIMIT 1   [ RunTime:0.0040s ]
NOTIC: [8] Undefined variable: prePage E:\phpStudy\PHPTutorial\WWW\QA\ThinkPHP\Library\Org\Util\Page.class.php 第 684 行.
NOTIC: [8] Undefined variable: nextPage E:\phpStudy\PHPTutorial\WWW\QA\ThinkPHP\Library\Org\Util\Page.class.php 第 684 行.
SQL: SELECT l.id,l.question_title,l.consultanter,l.add_time,l.status,l.is_robot_learning,l.admin_id,l.type_id,a.contents FROM qa_question_list l LEFT JOIN qa_question_answer a ON a.question_id=l.id  WHERE a.contents IS NULL ORDER BY l.id desc LIMIT 0,20   [ RunTime:0.0080s ]
SQL: SHOW COLUMNS FROM `qa_admin` [ RunTime:0.0020s ]
SQL: SELECT `tname` FROM `qa_admin` WHERE ( id=0 ) LIMIT 1   [ RunTime:0.0000s ]
SQL: SHOW COLUMNS FROM `qa_question_type` [ RunTime:0.0020s ]
SQL: SELECT `type_name` FROM `qa_question_type` WHERE ( id=2837 ) LIMIT 1   [ RunTime:0.0010s ]
SQL: SELECT `tname` FROM `qa_admin` WHERE ( id=0 ) LIMIT 1   [ RunTime:0.0000s ]
SQL: SELECT `type_name` FROM `qa_question_type` WHERE ( id=2837 ) LIMIT 1   [ RunTime:0.0000s ]
SQL: SELECT `tname` FROM `qa_admin` WHERE ( id=0 ) LIMIT 1   [ RunTime:0.0010s ]
SQL: SELECT `type_name` FROM `qa_question_type` WHERE ( id=2839 ) LIMIT 1   [ RunTime:0.0000s ]
SQL: SELECT `tname` FROM `qa_admin` WHERE ( id=0 ) LIMIT 1   [ RunTime:0.0000s ]
SQL: SELECT `type_name` FROM `qa_question_type` WHERE ( id=2837 ) LIMIT 1   [ RunTime:0.0000s ]
SQL: SELECT `tname` FROM `qa_admin` WHERE ( id=0 ) LIMIT 1   [ RunTime:0.0000s ]
SQL: SELECT `type_name` FROM `qa_question_type` WHERE ( id=2837 ) LIMIT 1   [ RunTime:0.0000s ]
SQL: SELECT `tname` FROM `qa_admin` WHERE ( id=0 ) LIMIT 1   [ RunTime:0.0000s ]
SQL: SELECT `type_name` FROM `qa_question_type` WHERE ( id=2837 ) LIMIT 1   [ RunTime:0.0000s ]
SQL: SELECT `tname` FROM `qa_admin` WHERE ( id=0 ) LIMIT 1   [ RunTime:0.0000s ]
SQL: SELECT `type_name` FROM `qa_question_type` WHERE ( id=2839 ) LIMIT 1   [ RunTime:0.0000s ]
SQL: SELECT `tname` FROM `qa_admin` WHERE ( id=0 ) LIMIT 1   [ RunTime:0.0000s ]
SQL: SELECT `type_name` FROM `qa_question_type` WHERE ( id=2837 ) LIMIT 1   [ RunTime:0.0000s ]
SQL: SELECT `tname` FROM `qa_admin` WHERE ( id=1 ) LIMIT 1   [ RunTime:0.0000s ]
SQL: SELECT `type_name` FROM `qa_question_type` WHERE ( id=2869 ) LIMIT 1   [ RunTime:0.0000s ]
SQL: SELECT `tname` FROM `qa_admin` WHERE ( id=1 ) LIMIT 1   [ RunTime:0.0000s ]
SQL: SELECT `type_name` FROM `qa_question_type` WHERE ( id=2869 ) LIMIT 1   [ RunTime:0.0000s ]
SQL: SELECT `tname` FROM `qa_admin` WHERE ( id=1 ) LIMIT 1   [ RunTime:0.0000s ]
SQL: SELECT `type_name` FROM `qa_question_type` WHERE ( id=2869 ) LIMIT 1   [ RunTime:0.0010s ]
SQL: SELECT `tname` FROM `qa_admin` WHERE ( id=1 ) LIMIT 1   [ RunTime:0.0000s ]
SQL: SELECT `type_name` FROM `qa_question_type` WHERE ( id=2869 ) LIMIT 1   [ RunTime:0.0000s ]
INFO: [ view_parse ] --START--
INFO: [ template_filter ] --START--
INFO: Run Behavior\ContentReplaceBehavior [ RunTime:0.000000s ]
INFO: [ template_filter ] --END-- [ RunTime:0.000000s ]
INFO: Run Behavior\ParseTemplateBehavior [ RunTime:0.018001s ]
INFO: [ view_parse ] --END-- [ RunTime:0.018001s ]
INFO: [ view_filter ] --START--
INFO: Run Behavior\WriteHtmlCacheBehavior [ RunTime:0.001000s ]
INFO: [ view_filter ] --END-- [ RunTime:0.001000s ]
INFO: [ app_end ] --START--
INFO: Run Behavior\ShowPageTraceBehavior [ RunTime:0.001000s ]
INFO: [ app_end ] --END-- [ RunTime:0.001000s ]

[ 2018-05-14T13:09:56+08:00 ] ::1 /qa/index.php?s=/Home/Robot/studyLog.html
INFO: [ app_init ] --START--
INFO: Run Behavior\BuildLiteBehavior [ RunTime:0.000000s ]
INFO: [ app_init ] --END-- [ RunTime:0.001000s ]
INFO: [ app_begin ] --START--
INFO: Run Behavior\ReadHtmlCacheBehavior [ RunTime:0.001000s ]
INFO: [ app_begin ] --END-- [ RunTime:0.001000s ]
SQL: SHOW COLUMNS FROM `qa_robot_study_log` [ RunTime:0.0020s ]
SQL: SELECT COUNT(*) AS tp_count FROM `qa_robot_study_log` LIMIT 1   [ RunTime:0.0000s ]
NOTIC: [8] Undefined variable: prePage E:\phpStudy\PHPTutorial\WWW\QA\ThinkPHP\Library\Org\Util\Page.class.php 第 684 行.
NOTIC: [8] Undefined variable: nextPage E:\phpStudy\PHPTutorial\WWW\QA\ThinkPHP\Library\Org\Util\Page.class.php 第 684 行.
SQL: SELECT * FROM `qa_robot_study_log` ORDER BY id desc LIMIT 0,30   [ RunTime:0.0010s ]
INFO: [ view_parse ] --START--
INFO: [ template_filter ] --START--
INFO: Run Behavior\ContentReplaceBehavior [ RunTime:0.000000s ]
INFO: [ template_filter ] --END-- [ RunTime:0.000000s ]
INFO: Run Behavior\ParseTemplateBehavior [ RunTime:0.021002s ]
INFO: [ view_parse ] --END-- [ RunTime:0.021002s ]
INFO: [ view_filter ] --START--
INFO: Run Behavior\WriteHtmlCacheBehavior [ RunTime:0.001000s ]
INFO: [ view_filter ] --END-- [ RunTime:0.001000s ]
INFO: [ app_end ] --START--
INFO: Run Behavior\ShowPageTraceBehavior [ RunTime:0.001000s ]
INFO: [ app_end ] --END-- [ RunTime:0.001000s ]

[ 2018-05-14T17:59:43+08:00 ] ::1 /qa/index.php?s=/Home/Robot/studyLog.html
INFO: [ app_init ] --START--
INFO: Run Behavior\BuildLiteBehavior [ RunTime:0.000000s ]
INFO: [ app_init ] --END-- [ RunTime:0.000000s ]
INFO: [ app_begin ] --START--
INFO: Run Behavior\ReadHtmlCacheBehavior [ RunTime:0.001000s ]
INFO: [ app_begin ] --END-- [ RunTime:0.001000s ]
SQL: SHOW COLUMNS FROM `qa_robot_study_log` [ RunTime:0.0020s ]
SQL: SELECT COUNT(*) AS tp_count FROM `qa_robot_study_log` LIMIT 1   [ RunTime:0.0010s ]
NOTIC: [8] Undefined variable: prePage E:\phpStudy\PHPTutorial\WWW\QA\ThinkPHP\Library\Org\Util\Page.class.php 第 684 行.
NOTIC: [8] Undefined variable: nextPage E:\phpStudy\PHPTutorial\WWW\QA\ThinkPHP\Library\Org\Util\Page.class.php 第 684 行.
SQL: SELECT * FROM `qa_robot_study_log` ORDER BY id desc LIMIT 0,30   [ RunTime:0.0010s ]
INFO: [ view_parse ] --START--
INFO: [ template_filter ] --START--
INFO: Run Behavior\ContentReplaceBehavior [ RunTime:0.001000s ]
INFO: [ template_filter ] --END-- [ RunTime:0.001000s ]
INFO: Run Behavior\ParseTemplateBehavior [ RunTime:0.021001s ]
INFO: [ view_parse ] --END-- [ RunTime:0.021001s ]
INFO: [ view_filter ] --START--
INFO: Run Behavior\WriteHtmlCacheBehavior [ RunTime:0.000000s ]
INFO: [ view_filter ] --END-- [ RunTime:0.000000s ]
INFO: [ app_end ] --START--
INFO: Run Behavior\ShowPageTraceBehavior [ RunTime:0.001000s ]
INFO: [ app_end ] --END-- [ RunTime:0.001000s ]

[ 2018-05-14T17:59:49+08:00 ] ::1 /qa/index.php?s=/Home/Robot/studyLog/lid/1.html
INFO: [ app_init ] --START--
INFO: Run Behavior\BuildLiteBehavior [ RunTime:0.000000s ]
INFO: [ app_init ] --END-- [ RunTime:0.001000s ]
INFO: [ app_begin ] --START--
INFO: Run Behavior\ReadHtmlCacheBehavior [ RunTime:0.001000s ]
INFO: [ app_begin ] --END-- [ RunTime:0.001000s ]
SQL: SHOW COLUMNS FROM `qa_robot_study_article_log` [ RunTime:0.0140s ]
SQL: SELECT COUNT(*) AS tp_count FROM `qa_robot_study_article_log` LIMIT 1   [ RunTime:0.0000s ]
NOTIC: [8] Undefined variable: prePage E:\phpStudy\PHPTutorial\WWW\QA\ThinkPHP\Library\Org\Util\Page.class.php 第 684 行.
NOTIC: [8] Undefined variable: nextPage E:\phpStudy\PHPTutorial\WWW\QA\ThinkPHP\Library\Org\Util\Page.class.php 第 684 行.
SQL: SELECT * FROM `qa_robot_study_article_log` ORDER BY id desc LIMIT 0,30   [ RunTime:0.0830s ]
INFO: [ view_parse ] --START--
INFO: [ template_filter ] --START--
INFO: Run Behavior\ContentReplaceBehavior [ RunTime:0.001000s ]
INFO: [ template_filter ] --END-- [ RunTime:0.001000s ]
INFO: Run Behavior\ParseTemplateBehavior [ RunTime:0.025001s ]
INFO: [ view_parse ] --END-- [ RunTime:0.025001s ]
INFO: [ view_filter ] --START--
INFO: Run Behavior\WriteHtmlCacheBehavior [ RunTime:0.000000s ]
INFO: [ view_filter ] --END-- [ RunTime:0.001000s ]
INFO: [ app_end ] --START--
INFO: Run Behavior\ShowPageTraceBehavior [ RunTime:0.001000s ]
INFO: [ app_end ] --END-- [ RunTime:0.001000s ]

[ 2018-05-14T17:59:57+08:00 ] ::1 /qa/index.php?s=/Home/Robot/studyLog.html
INFO: [ app_init ] --START--
INFO: Run Behavior\BuildLiteBehavior [ RunTime:0.000000s ]
INFO: [ app_init ] --END-- [ RunTime:0.001000s ]
INFO: [ app_begin ] --START--
INFO: Run Behavior\ReadHtmlCacheBehavior [ RunTime:0.001000s ]
INFO: [ app_begin ] --END-- [ RunTime:0.001000s ]
SQL: SHOW COLUMNS FROM `qa_robot_study_log` [ RunTime:0.0030s ]
SQL: SELECT COUNT(*) AS tp_count FROM `qa_robot_study_log` LIMIT 1   [ RunTime:0.0000s ]
NOTIC: [8] Undefined variable: prePage E:\phpStudy\PHPTutorial\WWW\QA\ThinkPHP\Library\Org\Util\Page.class.php 第 684 行.
NOTIC: [8] Undefined variable: nextPage E:\phpStudy\PHPTutorial\WWW\QA\ThinkPHP\Library\Org\Util\Page.class.php 第 684 行.
SQL: SELECT * FROM `qa_robot_study_log` ORDER BY id desc LIMIT 0,30   [ RunTime:0.0010s ]
INFO: [ view_parse ] --START--
INFO: [ template_filter ] --START--
INFO: Run Behavior\ContentReplaceBehavior [ RunTime:0.000000s ]
INFO: [ template_filter ] --END-- [ RunTime:0.000000s ]
INFO: Run Behavior\ParseTemplateBehavior [ RunTime:0.014001s ]
INFO: [ view_parse ] --END-- [ RunTime:0.014001s ]
INFO: [ view_filter ] --START--
INFO: Run Behavior\WriteHtmlCacheBehavior [ RunTime:0.001000s ]
INFO: [ view_filter ] --END-- [ RunTime:0.001000s ]
INFO: [ app_end ] --START--
INFO: Run Behavior\ShowPageTraceBehavior [ RunTime:0.001000s ]
INFO: [ app_end ] --END-- [ RunTime:0.001000s ]

[ 2018-05-14T18:02:46+08:00 ] ::1 /qa/index.php?s=/Home/Robot/studyLog.html
INFO: [ app_init ] --START--
INFO: Run Behavior\BuildLiteBehavior [ RunTime:0.000000s ]
INFO: [ app_init ] --END-- [ RunTime:0.001000s ]
INFO: [ app_begin ] --START--
INFO: Run Behavior\ReadHtmlCacheBehavior [ RunTime:0.001000s ]
INFO: [ app_begin ] --END-- [ RunTime:0.001000s ]
SQL: SHOW COLUMNS FROM `qa_robot_study_log` [ RunTime:0.0010s ]
SQL: SELECT COUNT(*) AS tp_count FROM `qa_robot_study_log` LIMIT 1   [ RunTime:0.0010s ]
NOTIC: [8] Undefined variable: prePage E:\phpStudy\PHPTutorial\WWW\QA\ThinkPHP\Library\Org\Util\Page.class.php 第 684 行.
NOTIC: [8] Undefined variable: nextPage E:\phpStudy\PHPTutorial\WWW\QA\ThinkPHP\Library\Org\Util\Page.class.php 第 684 行.
SQL: SELECT * FROM `qa_robot_study_log` ORDER BY id desc LIMIT 0,30   [ RunTime:0.0010s ]
INFO: [ view_parse ] --START--
INFO: [ template_filter ] --START--
INFO: Run Behavior\ContentReplaceBehavior [ RunTime:0.001000s ]
INFO: [ template_filter ] --END-- [ RunTime:0.001000s ]
INFO: Run Behavior\ParseTemplateBehavior [ RunTime:0.014001s ]
INFO: [ view_parse ] --END-- [ RunTime:0.014001s ]
INFO: [ view_filter ] --START--
INFO: Run Behavior\WriteHtmlCacheBehavior [ RunTime:0.000000s ]
INFO: [ view_filter ] --END-- [ RunTime:0.000000s ]
INFO: [ app_end ] --START--
INFO: Run Behavior\ShowPageTraceBehavior [ RunTime:0.001000s ]
INFO: [ app_end ] --END-- [ RunTime:0.001000s ]

[ 2018-05-14T18:02:47+08:00 ] ::1 /qa/index.php?s=/Home/Robot/studyLog/lid/1.html
INFO: [ app_init ] --START--
INFO: Run Behavior\BuildLiteBehavior [ RunTime:0.000000s ]
INFO: [ app_init ] --END-- [ RunTime:0.001000s ]
INFO: [ app_begin ] --START--
INFO: Run Behavior\ReadHtmlCacheBehavior [ RunTime:0.001000s ]
INFO: [ app_begin ] --END-- [ RunTime:0.001000s ]
SQL: SHOW COLUMNS FROM `qa_robot_study_article_log` [ RunTime:0.0020s ]
SQL: SELECT COUNT(*) AS tp_count FROM `qa_robot_study_article_log` LIMIT 1   [ RunTime:0.0000s ]
NOTIC: [8] Undefined variable: prePage E:\phpStudy\PHPTutorial\WWW\QA\ThinkPHP\Library\Org\Util\Page.class.php 第 684 行.
NOTIC: [8] Undefined variable: nextPage E:\phpStudy\PHPTutorial\WWW\QA\ThinkPHP\Library\Org\Util\Page.class.php 第 684 行.
SQL: SELECT * FROM `qa_robot_study_article_log` ORDER BY id desc LIMIT 0,30   [ RunTime:0.0020s ]
INFO: [ view_parse ] --START--
INFO: [ template_filter ] --START--
INFO: Run Behavior\ContentReplaceBehavior [ RunTime:0.000000s ]
INFO: [ template_filter ] --END-- [ RunTime:0.000000s ]
INFO: Run Behavior\ParseTemplateBehavior [ RunTime:0.013000s ]
INFO: [ view_parse ] --END-- [ RunTime:0.013000s ]
INFO: [ view_filter ] --START--
INFO: Run Behavior\WriteHtmlCacheBehavior [ RunTime:0.001000s ]
INFO: [ view_filter ] --END-- [ RunTime:0.001000s ]
INFO: [ app_end ] --START--
INFO: Run Behavior\ShowPageTraceBehavior [ RunTime:0.000000s ]
INFO: [ app_end ] --END-- [ RunTime:0.000000s ]

[ 2018-05-14T18:02:48+08:00 ] ::1 /qa/index.php?s=/Home/Robot/studyLog/lid/1.html
INFO: [ app_init ] --START--
INFO: Run Behavior\BuildLiteBehavior [ RunTime:0.000000s ]
INFO: [ app_init ] --END-- [ RunTime:0.001001s ]
INFO: [ app_begin ] --START--
INFO: Run Behavior\ReadHtmlCacheBehavior [ RunTime:0.001000s ]
INFO: [ app_begin ] --END-- [ RunTime:0.001000s ]
SQL: SHOW COLUMNS FROM `qa_robot_study_article_log` [ RunTime:0.0020s ]
SQL: SELECT COUNT(*) AS tp_count FROM `qa_robot_study_article_log` LIMIT 1   [ RunTime:0.0000s ]
NOTIC: [8] Undefined variable: prePage E:\phpStudy\PHPTutorial\WWW\QA\ThinkPHP\Library\Org\Util\Page.class.php 第 684 行.
NOTIC: [8] Undefined variable: nextPage E:\phpStudy\PHPTutorial\WWW\QA\ThinkPHP\Library\Org\Util\Page.class.php 第 684 行.
SQL: SELECT * FROM `qa_robot_study_article_log` ORDER BY id desc LIMIT 0,30   [ RunTime:0.0010s ]
INFO: [ view_parse ] --START--
INFO: [ template_filter ] --START--
INFO: Run Behavior\ContentReplaceBehavior [ RunTime:0.000000s ]
INFO: [ template_filter ] --END-- [ RunTime:0.000000s ]
INFO: Run Behavior\ParseTemplateBehavior [ RunTime:0.015001s ]
INFO: [ view_parse ] --END-- [ RunTime:0.015001s ]
INFO: [ view_filter ] --START--
INFO: Run Behavior\WriteHtmlCacheBehavior [ RunTime:0.000000s ]
INFO: [ view_filter ] --END-- [ RunTime:0.000000s ]
INFO: [ app_end ] --START--
INFO: Run Behavior\ShowPageTraceBehavior [ RunTime:0.001000s ]
INFO: [ app_end ] --END-- [ RunTime:0.001000s ]

[ 2018-05-14T18:02:48+08:00 ] ::1 /qa/index.php?s=/Home/Robot/studyLog/lid/1.html
INFO: [ app_init ] --START--
INFO: Run Behavior\BuildLiteBehavior [ RunTime:0.000000s ]
INFO: [ app_init ] --END-- [ RunTime:0.001000s ]
INFO: [ app_begin ] --START--
INFO: Run Behavior\ReadHtmlCacheBehavior [ RunTime:0.001000s ]
INFO: [ app_begin ] --END-- [ RunTime:0.001000s ]
SQL: SHOW COLUMNS FROM `qa_robot_study_article_log` [ RunTime:0.0020s ]
SQL: SELECT COUNT(*) AS tp_count FROM `qa_robot_study_article_log` LIMIT 1   [ RunTime:0.0000s ]
NOTIC: [8] Undefined variable: prePage E:\phpStudy\PHPTutorial\WWW\QA\ThinkPHP\Library\Org\Util\Page.class.php 第 684 行.
NOTIC: [8] Undefined variable: nextPage E:\phpStudy\PHPTutorial\WWW\QA\ThinkPHP\Library\Org\Util\Page.class.php 第 684 行.
SQL: SELECT * FROM `qa_robot_study_article_log` ORDER BY id desc LIMIT 0,30   [ RunTime:0.0020s ]
INFO: [ view_parse ] --START--
INFO: [ template_filter ] --START--
INFO: Run Behavior\ContentReplaceBehavior [ RunTime:0.000000s ]
INFO: [ template_filter ] --END-- [ RunTime:0.000000s ]
INFO: Run Behavior\ParseTemplateBehavior [ RunTime:0.013001s ]
INFO: [ view_parse ] --END-- [ RunTime:0.013001s ]
INFO: [ view_filter ] --START--
INFO: Run Behavior\WriteHtmlCacheBehavior [ RunTime:0.000000s ]
INFO: [ view_filter ] --END-- [ RunTime:0.000000s ]
INFO: [ app_end ] --START--
INFO: Run Behavior\ShowPageTraceBehavior [ RunTime:0.000000s ]
INFO: [ app_end ] --END-- [ RunTime:0.000000s ]

[ 2018-05-14T18:21:37+08:00 ] ::1 /qa/index.php?s=/Home/Robot/studyLog.html
INFO: [ app_init ] --START--
INFO: Run Behavior\BuildLiteBehavior [ RunTime:0.000000s ]
INFO: [ app_init ] --END-- [ RunTime:0.001000s ]
INFO: [ app_begin ] --START--
INFO: Run Behavior\ReadHtmlCacheBehavior [ RunTime:0.001000s ]
INFO: [ app_begin ] --END-- [ RunTime:0.001000s ]
SQL: SHOW COLUMNS FROM `qa_robot_study_log` [ RunTime:0.0020s ]
SQL: SELECT COUNT(*) AS tp_count FROM `qa_robot_study_log` LIMIT 1   [ RunTime:0.0000s ]
NOTIC: [8] Undefined variable: prePage E:\phpStudy\PHPTutorial\WWW\QA\ThinkPHP\Library\Org\Util\Page.class.php 第 684 行.
NOTIC: [8] Undefined variable: nextPage E:\phpStudy\PHPTutorial\WWW\QA\ThinkPHP\Library\Org\Util\Page.class.php 第 684 行.
SQL: SELECT * FROM `qa_robot_study_log` ORDER BY id desc LIMIT 0,30   [ RunTime:0.0010s ]
INFO: [ view_parse ] --START--
INFO: [ template_filter ] --START--
INFO: Run Behavior\ContentReplaceBehavior [ RunTime:0.000000s ]
INFO: [ template_filter ] --END-- [ RunTime:0.000000s ]
INFO: Run Behavior\ParseTemplateBehavior [ RunTime:0.022002s ]
INFO: [ view_parse ] --END-- [ RunTime:0.022002s ]
INFO: [ view_filter ] --START--
INFO: Run Behavior\WriteHtmlCacheBehavior [ RunTime:0.001000s ]
INFO: [ view_filter ] --END-- [ RunTime:0.001000s ]
INFO: [ app_end ] --START--
INFO: Run Behavior\ShowPageTraceBehavior [ RunTime:0.000000s ]
INFO: [ app_end ] --END-- [ RunTime:0.001000s ]

[ 2018-05-14T18:21:38+08:00 ] ::1 /qa/index.php?s=/Home/Robot/studyLog.html
INFO: [ app_init ] --START--
INFO: Run Behavior\BuildLiteBehavior [ RunTime:0.000000s ]
INFO: [ app_init ] --END-- [ RunTime:0.000000s ]
INFO: [ app_begin ] --START--
INFO: Run Behavior\ReadHtmlCacheBehavior [ RunTime:0.000000s ]
INFO: [ app_begin ] --END-- [ RunTime:0.000000s ]
SQL: SHOW COLUMNS FROM `qa_robot_study_log` [ RunTime:0.0020s ]
SQL: SELECT COUNT(*) AS tp_count FROM `qa_robot_study_log` LIMIT 1   [ RunTime:0.0010s ]
NOTIC: [8] Undefined variable: prePage E:\phpStudy\PHPTutorial\WWW\QA\ThinkPHP\Library\Org\Util\Page.class.php 第 684 行.
NOTIC: [8] Undefined variable: nextPage E:\phpStudy\PHPTutorial\WWW\QA\ThinkPHP\Library\Org\Util\Page.class.php 第 684 行.
SQL: SELECT * FROM `qa_robot_study_log` ORDER BY id desc LIMIT 0,30   [ RunTime:0.0010s ]
INFO: [ view_parse ] --START--
INFO: [ template_filter ] --START--
INFO: Run Behavior\ContentReplaceBehavior [ RunTime:0.000000s ]
INFO: [ template_filter ] --END-- [ RunTime:0.000000s ]
INFO: Run Behavior\ParseTemplateBehavior [ RunTime:0.012000s ]
INFO: [ view_parse ] --END-- [ RunTime:0.013000s ]
INFO: [ view_filter ] --START--
INFO: Run Behavior\WriteHtmlCacheBehavior [ RunTime:0.000000s ]
INFO: [ view_filter ] --END-- [ RunTime:0.000000s ]
INFO: [ app_end ] --START--
INFO: Run Behavior\ShowPageTraceBehavior [ RunTime:0.001000s ]
INFO: [ app_end ] --END-- [ RunTime:0.001000s ]

[ 2018-05-14T18:21:39+08:00 ] ::1 /qa/index.php?s=/Home/Robot/studyLog.html
INFO: [ app_init ] --START--
INFO: Run Behavior\BuildLiteBehavior [ RunTime:0.000000s ]
INFO: [ app_init ] --END-- [ RunTime:0.001000s ]
INFO: [ app_begin ] --START--
INFO: Run Behavior\ReadHtmlCacheBehavior [ RunTime:0.001000s ]
INFO: [ app_begin ] --END-- [ RunTime:0.001000s ]
SQL: SHOW COLUMNS FROM `qa_robot_study_log` [ RunTime:0.0020s ]
SQL: SELECT COUNT(*) AS tp_count FROM `qa_robot_study_log` LIMIT 1   [ RunTime:0.0000s ]
NOTIC: [8] Undefined variable: prePage E:\phpStudy\PHPTutorial\WWW\QA\ThinkPHP\Library\Org\Util\Page.class.php 第 684 行.
NOTIC: [8] Undefined variable: nextPage E:\phpStudy\PHPTutorial\WWW\QA\ThinkPHP\Library\Org\Util\Page.class.php 第 684 行.
SQL: SELECT * FROM `qa_robot_study_log` ORDER BY id desc LIMIT 0,30   [ RunTime:0.0010s ]
INFO: [ view_parse ] --START--
INFO: [ template_filter ] --START--
INFO: Run Behavior\ContentReplaceBehavior [ RunTime:0.000000s ]
INFO: [ template_filter ] --END-- [ RunTime:0.000000s ]
INFO: Run Behavior\ParseTemplateBehavior [ RunTime:0.015001s ]
INFO: [ view_parse ] --END-- [ RunTime:0.015001s ]
INFO: [ view_filter ] --START--
INFO: Run Behavior\WriteHtmlCacheBehavior [ RunTime:0.001000s ]
INFO: [ view_filter ] --END-- [ RunTime:0.001000s ]
INFO: [ app_end ] --START--
INFO: Run Behavior\ShowPageTraceBehavior [ RunTime:0.000000s ]
INFO: [ app_end ] --END-- [ RunTime:0.000000s ]

[ 2018-05-14T18:21:39+08:00 ] ::1 /qa/index.php?s=/Home/Robot/studyLog/lid/1.html
INFO: [ app_init ] --START--
INFO: Run Behavior\BuildLiteBehavior [ RunTime:0.000000s ]
INFO: [ app_init ] --END-- [ RunTime:0.000000s ]
INFO: [ app_begin ] --START--
INFO: Run Behavior\ReadHtmlCacheBehavior [ RunTime:0.000000s ]
INFO: [ app_begin ] --END-- [ RunTime:0.000000s ]
SQL: SHOW COLUMNS FROM `qa_robot_study_article_log` [ RunTime:0.0030s ]
SQL: SELECT COUNT(*) AS tp_count FROM `qa_robot_study_article_log` LIMIT 1   [ RunTime:0.0010s ]
NOTIC: [8] Undefined variable: prePage E:\phpStudy\PHPTutorial\WWW\QA\ThinkPHP\Library\Org\Util\Page.class.php 第 684 行.
NOTIC: [8] Undefined variable: nextPage E:\phpStudy\PHPTutorial\WWW\QA\ThinkPHP\Library\Org\Util\Page.class.php 第 684 行.
SQL: SELECT * FROM `qa_robot_study_article_log` ORDER BY id desc LIMIT 0,30   [ RunTime:0.0020s ]
INFO: [ view_parse ] --START--
INFO: [ template_filter ] --START--
INFO: Run Behavior\ContentReplaceBehavior [ RunTime:0.000000s ]
INFO: [ template_filter ] --END-- [ RunTime:0.000000s ]
INFO: Run Behavior\ParseTemplateBehavior [ RunTime:0.013001s ]
INFO: [ view_parse ] --END-- [ RunTime:0.013001s ]
INFO: [ view_filter ] --START--
INFO: Run Behavior\WriteHtmlCacheBehavior [ RunTime:0.001000s ]
INFO: [ view_filter ] --END-- [ RunTime:0.001000s ]
INFO: [ app_end ] --START--
INFO: Run Behavior\ShowPageTraceBehavior [ RunTime:0.001000s ]
INFO: [ app_end ] --END-- [ RunTime:0.001000s ]

[ 2018-05-14T18:27:33+08:00 ] ::1 /qa/index.php?s=/Home/Questions/questionsType.html
INFO: [ app_init ] --START--
INFO: Run Behavior\BuildLiteBehavior [ RunTime:0.000000s ]
INFO: [ app_init ] --END-- [ RunTime:0.000000s ]
INFO: [ app_begin ] --START--
INFO: Run Behavior\ReadHtmlCacheBehavior [ RunTime:0.000000s ]
INFO: [ app_begin ] --END-- [ RunTime:0.001000s ]
INFO: [ view_parse ] --START--
INFO: [ template_filter ] --START--
INFO: Run Behavior\ContentReplaceBehavior [ RunTime:0.000000s ]
INFO: [ template_filter ] --END-- [ RunTime:0.000000s ]
INFO: Run Behavior\ParseTemplateBehavior [ RunTime:0.039002s ]
INFO: [ view_parse ] --END-- [ RunTime:0.039002s ]
INFO: [ view_filter ] --START--
INFO: Run Behavior\WriteHtmlCacheBehavior [ RunTime:0.000000s ]
INFO: [ view_filter ] --END-- [ RunTime:0.001000s ]
INFO: [ app_end ] --START--
INFO: Run Behavior\ShowPageTraceBehavior [ RunTime:0.000000s ]
INFO: [ app_end ] --END-- [ RunTime:0.000000s ]

[ 2018-05-14T18:45:29+08:00 ] ::1 /qa/index.php?s=/Home/Robot/studyLog.html
INFO: [ app_init ] --START--
INFO: Run Behavior\BuildLiteBehavior [ RunTime:0.000000s ]
INFO: [ app_init ] --END-- [ RunTime:0.001000s ]
INFO: [ app_begin ] --START--
INFO: Run Behavior\ReadHtmlCacheBehavior [ RunTime:0.001000s ]
INFO: [ app_begin ] --END-- [ RunTime:0.001000s ]
SQL: SHOW COLUMNS FROM `qa_robot_study_log` [ RunTime:0.0020s ]
SQL: SELECT COUNT(*) AS tp_count FROM `qa_robot_study_log` LIMIT 1   [ RunTime:0.0000s ]
NOTIC: [8] Undefined variable: prePage E:\phpStudy\PHPTutorial\WWW\QA\ThinkPHP\Library\Org\Util\Page.class.php 第 684 行.
NOTIC: [8] Undefined variable: nextPage E:\phpStudy\PHPTutorial\WWW\QA\ThinkPHP\Library\Org\Util\Page.class.php 第 684 行.
SQL: SELECT * FROM `qa_robot_study_log` ORDER BY id desc LIMIT 0,30   [ RunTime:0.0010s ]
INFO: [ view_parse ] --START--
INFO: [ template_filter ] --START--
INFO: Run Behavior\ContentReplaceBehavior [ RunTime:0.000000s ]
INFO: [ template_filter ] --END-- [ RunTime:0.000000s ]
INFO: Run Behavior\ParseTemplateBehavior [ RunTime:0.021001s ]
INFO: [ view_parse ] --END-- [ RunTime:0.021001s ]
INFO: [ view_filter ] --START--
INFO: Run Behavior\WriteHtmlCacheBehavior [ RunTime:0.000000s ]
INFO: [ view_filter ] --END-- [ RunTime:0.000000s ]
INFO: [ app_end ] --START--
INFO: Run Behavior\ShowPageTraceBehavior [ RunTime:0.000000s ]
INFO: [ app_end ] --END-- [ RunTime:0.000000s ]

