[ 2018-03-29T10:03:06+08:00 ] ::1 /qa/index.php?s=/Home/Questions/questionsList.html
INFO: [ app_init ] --START--
INFO: Run Behavior\BuildLiteBehavior [ RunTime:0.000000s ]
INFO: [ app_init ] --END-- [ RunTime:0.000000s ]
INFO: [ app_begin ] --START--
INFO: Run Behavior\ReadHtmlCacheBehavior [ RunTime:0.001000s ]
INFO: [ app_begin ] --END-- [ RunTime:0.001000s ]
SQL: SHOW COLUMNS FROM `qa_question_list` [ RunTime:0.0080s ]
SQL: SELECT COUNT(*) AS tp_count FROM qa_question_list l LEFT JOIN qa_question_answer a ON a.question_id=l.id  LIMIT 1   [ RunTime:0.0010s ]
NOTIC: [8] Undefined variable: prePage E:\phpStudy\PHPTutorial\WWW\QA\ThinkPHP\Library\Org\Util\Page.class.php 第 684 行.
NOTIC: [8] Undefined variable: nextPage E:\phpStudy\PHPTutorial\WWW\QA\ThinkPHP\Library\Org\Util\Page.class.php 第 684 行.
SQL: SELECT l.id,l.question_title,l.consultanter,l.add_time,l.status,l.is_robot_learning,l.admin_id,l.type_id,a.contents FROM qa_question_list l LEFT JOIN qa_question_answer a ON a.question_id=l.id  ORDER BY l.id desc LIMIT 0,20   [ RunTime:0.0070s ]
SQL: SHOW COLUMNS FROM `qa_admin` [ RunTime:0.0080s ]
SQL: SELECT `tname` FROM `qa_admin` WHERE ( id=0 ) LIMIT 1   [ RunTime:0.0000s ]
SQL: SHOW COLUMNS FROM `qa_question_type` [ RunTime:0.0080s ]
SQL: SELECT `type_name` FROM `qa_question_type` WHERE ( id=2869 ) LIMIT 1   [ RunTime:0.0000s ]
SQL: SELECT `tname` FROM `qa_admin` WHERE ( id=0 ) LIMIT 1   [ RunTime:0.0000s ]
SQL: SELECT `type_name` FROM `qa_question_type` WHERE ( id=2869 ) LIMIT 1   [ RunTime:0.0000s ]
SQL: SELECT `tname` FROM `qa_admin` WHERE ( id=0 ) LIMIT 1   [ RunTime:0.0000s ]
SQL: SELECT `type_name` FROM `qa_question_type` WHERE ( id=2869 ) LIMIT 1   [ RunTime:0.0010s ]
SQL: SELECT `tname` FROM `qa_admin` WHERE ( id=0 ) LIMIT 1   [ RunTime:0.0000s ]
SQL: SELECT `type_name` FROM `qa_question_type` WHERE ( id=2869 ) LIMIT 1   [ RunTime:0.0000s ]
SQL: SELECT `tname` FROM `qa_admin` WHERE ( id=0 ) LIMIT 1   [ RunTime:0.0010s ]
SQL: SELECT `type_name` FROM `qa_question_type` WHERE ( id=2869 ) LIMIT 1   [ RunTime:0.0000s ]
SQL: SELECT `tname` FROM `qa_admin` WHERE ( id=0 ) LIMIT 1   [ RunTime:0.0010s ]
SQL: SELECT `type_name` FROM `qa_question_type` WHERE ( id=2869 ) LIMIT 1   [ RunTime:0.0000s ]
SQL: SELECT `tname` FROM `qa_admin` WHERE ( id=0 ) LIMIT 1   [ RunTime:0.0010s ]
SQL: SELECT `type_name` FROM `qa_question_type` WHERE ( id=2869 ) LIMIT 1   [ RunTime:0.0000s ]
SQL: SELECT `tname` FROM `qa_admin` WHERE ( id=0 ) LIMIT 1   [ RunTime:0.0000s ]
SQL: SELECT `type_name` FROM `qa_question_type` WHERE ( id=2869 ) LIMIT 1   [ RunTime:0.0010s ]
SQL: SELECT `tname` FROM `qa_admin` WHERE ( id=0 ) LIMIT 1   [ RunTime:0.0010s ]
SQL: SELECT `type_name` FROM `qa_question_type` WHERE ( id=2869 ) LIMIT 1   [ RunTime:0.0010s ]
INFO: [ view_parse ] --START--
INFO: [ template_filter ] --START--
INFO: Run Behavior\ContentReplaceBehavior [ RunTime:0.000000s ]
INFO: [ template_filter ] --END-- [ RunTime:0.001000s ]
INFO: Run Behavior\ParseTemplateBehavior [ RunTime:0.022001s ]
INFO: [ view_parse ] --END-- [ RunTime:0.022001s ]
INFO: [ view_filter ] --START--
INFO: Run Behavior\WriteHtmlCacheBehavior [ RunTime:0.000000s ]
INFO: [ view_filter ] --END-- [ RunTime:0.000000s ]
INFO: [ app_end ] --START--
INFO: Run Behavior\ShowPageTraceBehavior [ RunTime:0.001000s ]
INFO: [ app_end ] --END-- [ RunTime:0.001000s ]

[ 2018-03-29T10:03:20+08:00 ] 127.0.0.1 /qa/index.php?s=/Home/Questions/questionsList.html
INFO: [ app_init ] --START--
INFO: Run Behavior\BuildLiteBehavior [ RunTime:0.000000s ]
INFO: [ app_init ] --END-- [ RunTime:0.001000s ]
INFO: [ app_begin ] --START--
INFO: Run Behavior\ReadHtmlCacheBehavior [ RunTime:0.001000s ]
INFO: [ app_begin ] --END-- [ RunTime:0.001000s ]
SQL: SHOW COLUMNS FROM `qa_question_list` [ RunTime:0.0090s ]
SQL: SELECT COUNT(*) AS tp_count FROM qa_question_list l LEFT JOIN qa_question_answer a ON a.question_id=l.id  LIMIT 1   [ RunTime:0.0010s ]
NOTIC: [8] Undefined variable: prePage E:\phpStudy\PHPTutorial\WWW\QA\ThinkPHP\Library\Org\Util\Page.class.php 第 684 行.
NOTIC: [8] Undefined variable: nextPage E:\phpStudy\PHPTutorial\WWW\QA\ThinkPHP\Library\Org\Util\Page.class.php 第 684 行.
SQL: SELECT l.id,l.question_title,l.consultanter,l.add_time,l.status,l.is_robot_learning,l.admin_id,l.type_id,a.contents FROM qa_question_list l LEFT JOIN qa_question_answer a ON a.question_id=l.id  ORDER BY l.id desc LIMIT 0,20   [ RunTime:0.0080s ]
SQL: SHOW COLUMNS FROM `qa_admin` [ RunTime:0.0070s ]
SQL: SELECT `tname` FROM `qa_admin` WHERE ( id=0 ) LIMIT 1   [ RunTime:0.0000s ]
SQL: SHOW COLUMNS FROM `qa_question_type` [ RunTime:0.0080s ]
SQL: SELECT `type_name` FROM `qa_question_type` WHERE ( id=2869 ) LIMIT 1   [ RunTime:0.0000s ]
SQL: SELECT `tname` FROM `qa_admin` WHERE ( id=0 ) LIMIT 1   [ RunTime:0.0010s ]
SQL: SELECT `type_name` FROM `qa_question_type` WHERE ( id=2869 ) LIMIT 1   [ RunTime:0.0000s ]
SQL: SELECT `tname` FROM `qa_admin` WHERE ( id=0 ) LIMIT 1   [ RunTime:0.0000s ]
SQL: SELECT `type_name` FROM `qa_question_type` WHERE ( id=2869 ) LIMIT 1   [ RunTime:0.0010s ]
SQL: SELECT `tname` FROM `qa_admin` WHERE ( id=0 ) LIMIT 1   [ RunTime:0.0000s ]
SQL: SELECT `type_name` FROM `qa_question_type` WHERE ( id=2869 ) LIMIT 1   [ RunTime:0.0000s ]
SQL: SELECT `tname` FROM `qa_admin` WHERE ( id=0 ) LIMIT 1   [ RunTime:0.0010s ]
SQL: SELECT `type_name` FROM `qa_question_type` WHERE ( id=2869 ) LIMIT 1   [ RunTime:0.0000s ]
SQL: SELECT `tname` FROM `qa_admin` WHERE ( id=0 ) LIMIT 1   [ RunTime:0.0000s ]
SQL: SELECT `type_name` FROM `qa_question_type` WHERE ( id=2869 ) LIMIT 1   [ RunTime:0.0010s ]
SQL: SELECT `tname` FROM `qa_admin` WHERE ( id=0 ) LIMIT 1   [ RunTime:0.0000s ]
SQL: SELECT `type_name` FROM `qa_question_type` WHERE ( id=2869 ) LIMIT 1   [ RunTime:0.0000s ]
SQL: SELECT `tname` FROM `qa_admin` WHERE ( id=0 ) LIMIT 1   [ RunTime:0.0000s ]
SQL: SELECT `type_name` FROM `qa_question_type` WHERE ( id=2869 ) LIMIT 1   [ RunTime:0.0000s ]
SQL: SELECT `tname` FROM `qa_admin` WHERE ( id=0 ) LIMIT 1   [ RunTime:0.0000s ]
SQL: SELECT `type_name` FROM `qa_question_type` WHERE ( id=2869 ) LIMIT 1   [ RunTime:0.0000s ]
INFO: [ view_parse ] --START--
INFO: [ template_filter ] --START--
INFO: Run Behavior\ContentReplaceBehavior [ RunTime:0.001000s ]
INFO: [ template_filter ] --END-- [ RunTime:0.001000s ]
INFO: Run Behavior\ParseTemplateBehavior [ RunTime:0.015001s ]
INFO: [ view_parse ] --END-- [ RunTime:0.015001s ]
INFO: [ view_filter ] --START--
INFO: Run Behavior\WriteHtmlCacheBehavior [ RunTime:0.000000s ]
INFO: [ view_filter ] --END-- [ RunTime:0.000000s ]
INFO: [ app_end ] --START--
INFO: Run Behavior\ShowPageTraceBehavior [ RunTime:0.002000s ]
INFO: [ app_end ] --END-- [ RunTime:0.002000s ]

[ 2018-03-29T10:10:49+08:00 ] 127.0.0.1 /qa/index.php?s=/Home/Questions/questionsEdit/id/9
INFO: [ app_init ] --START--
INFO: Run Behavior\BuildLiteBehavior [ RunTime:0.000000s ]
INFO: [ app_init ] --END-- [ RunTime:0.000000s ]
INFO: [ app_begin ] --START--
INFO: Run Behavior\ReadHtmlCacheBehavior [ RunTime:0.001000s ]
INFO: [ app_begin ] --END-- [ RunTime:0.001000s ]
SQL: SHOW COLUMNS FROM `qa_question_list` [ RunTime:0.0070s ]
SQL: SHOW COLUMNS FROM `qa_question_answer` [ RunTime:0.0060s ]
SQL: SELECT * FROM `qa_question_list` WHERE ( id=9 ) LIMIT 1   [ RunTime:0.0010s ]
SQL: SELECT `contents` FROM `qa_question_answer` WHERE ( question_id=9 ) LIMIT 1   [ RunTime:0.0000s ]
SQL: SHOW COLUMNS FROM `qa_question_type` [ RunTime:0.0060s ]
SQL: SELECT `id`,`type_name` FROM `qa_question_type` WHERE ( status=1 ) ORDER BY id desc  [ RunTime:0.0050s ]
INFO: [ view_parse ] --START--
INFO: [ template_filter ] --START--
INFO: Run Behavior\ContentReplaceBehavior [ RunTime:0.000000s ]
INFO: [ template_filter ] --END-- [ RunTime:0.000000s ]
INFO: Run Behavior\ParseTemplateBehavior [ RunTime:0.022001s ]
INFO: [ view_parse ] --END-- [ RunTime:0.022001s ]
INFO: [ view_filter ] --START--
INFO: Run Behavior\WriteHtmlCacheBehavior [ RunTime:0.000000s ]
INFO: [ view_filter ] --END-- [ RunTime:0.000000s ]
INFO: [ app_end ] --START--
INFO: Run Behavior\ShowPageTraceBehavior [ RunTime:0.001000s ]
INFO: [ app_end ] --END-- [ RunTime:0.001000s ]

[ 2018-03-29T10:27:18+08:00 ] ::1 /qa/index.php?s=/Home/Robot/robotSet.html
INFO: [ app_init ] --START--
INFO: Run Behavior\BuildLiteBehavior [ RunTime:0.000000s ]
INFO: [ app_init ] --END-- [ RunTime:0.000000s ]
INFO: [ app_begin ] --START--
INFO: Run Behavior\ReadHtmlCacheBehavior [ RunTime:0.000000s ]
INFO: [ app_begin ] --END-- [ RunTime:0.000000s ]
SQL: SHOW COLUMNS FROM `qa_robot_set` [ RunTime:0.0060s ]
SQL: SELECT `status` FROM `qa_robot_set` WHERE ( id = 1 ) LIMIT 1   [ RunTime:0.0000s ]
INFO: [ view_parse ] --START--
INFO: [ template_filter ] --START--
INFO: Run Behavior\ContentReplaceBehavior [ RunTime:0.000000s ]
INFO: [ template_filter ] --END-- [ RunTime:0.000000s ]
INFO: Run Behavior\ParseTemplateBehavior [ RunTime:0.016001s ]
INFO: [ view_parse ] --END-- [ RunTime:0.016001s ]
INFO: [ view_filter ] --START--
INFO: Run Behavior\WriteHtmlCacheBehavior [ RunTime:0.001000s ]
INFO: [ view_filter ] --END-- [ RunTime:0.001000s ]
INFO: [ app_end ] --START--
INFO: Run Behavior\ShowPageTraceBehavior [ RunTime:0.000000s ]
INFO: [ app_end ] --END-- [ RunTime:0.000000s ]

[ 2018-03-29T10:27:18+08:00 ] ::1 /qa/index.php?s=/Home/Questions/questionsImport.html
INFO: [ app_init ] --START--
INFO: Run Behavior\BuildLiteBehavior [ RunTime:0.000000s ]
INFO: [ app_init ] --END-- [ RunTime:0.001000s ]
INFO: [ app_begin ] --START--
INFO: Run Behavior\ReadHtmlCacheBehavior [ RunTime:0.001001s ]
INFO: [ app_begin ] --END-- [ RunTime:0.001001s ]
INFO: [ view_parse ] --START--
INFO: [ template_filter ] --START--
INFO: Run Behavior\ContentReplaceBehavior [ RunTime:0.000000s ]
INFO: [ template_filter ] --END-- [ RunTime:0.000000s ]
INFO: Run Behavior\ParseTemplateBehavior [ RunTime:0.009000s ]
INFO: [ view_parse ] --END-- [ RunTime:0.009000s ]
INFO: [ view_filter ] --START--
INFO: Run Behavior\WriteHtmlCacheBehavior [ RunTime:0.001000s ]
INFO: [ view_filter ] --END-- [ RunTime:0.001000s ]
INFO: [ app_end ] --START--
INFO: Run Behavior\ShowPageTraceBehavior [ RunTime:0.000000s ]
INFO: [ app_end ] --END-- [ RunTime:0.000000s ]

[ 2018-03-29T10:27:21+08:00 ] ::1 /qa/index.php?s=/Home/Robot/studyLog.html
INFO: [ app_init ] --START--
INFO: Run Behavior\BuildLiteBehavior [ RunTime:0.000000s ]
INFO: [ app_init ] --END-- [ RunTime:0.001001s ]
INFO: [ app_begin ] --START--
INFO: Run Behavior\ReadHtmlCacheBehavior [ RunTime:0.000000s ]
INFO: [ app_begin ] --END-- [ RunTime:0.000000s ]
SQL: SHOW COLUMNS FROM `qa_robot_study_log` [ RunTime:0.0060s ]
SQL: SELECT COUNT(*) AS tp_count FROM `qa_robot_study_log` LIMIT 1   [ RunTime:0.0000s ]
NOTIC: [8] Undefined variable: prePage E:\phpStudy\PHPTutorial\WWW\QA\ThinkPHP\Library\Org\Util\Page.class.php 第 684 行.
NOTIC: [8] Undefined variable: nextPage E:\phpStudy\PHPTutorial\WWW\QA\ThinkPHP\Library\Org\Util\Page.class.php 第 684 行.
SQL: SELECT * FROM `qa_robot_study_log` ORDER BY id desc LIMIT 0,30   [ RunTime:0.0010s ]
INFO: [ view_parse ] --START--
INFO: [ template_filter ] --START--
INFO: Run Behavior\ContentReplaceBehavior [ RunTime:0.000000s ]
INFO: [ template_filter ] --END-- [ RunTime:0.001000s ]
INFO: Run Behavior\ParseTemplateBehavior [ RunTime:0.011000s ]
INFO: [ view_parse ] --END-- [ RunTime:0.011000s ]
INFO: [ view_filter ] --START--
INFO: Run Behavior\WriteHtmlCacheBehavior [ RunTime:0.001000s ]
INFO: [ view_filter ] --END-- [ RunTime:0.001000s ]
INFO: [ app_end ] --START--
INFO: Run Behavior\ShowPageTraceBehavior [ RunTime:0.001000s ]
INFO: [ app_end ] --END-- [ RunTime:0.001000s ]

[ 2018-03-29T10:27:36+08:00 ] ::1 /qa/index.php?s=/Home/Robot/robotSet.html
INFO: [ app_init ] --START--
INFO: Run Behavior\BuildLiteBehavior [ RunTime:0.000000s ]
INFO: [ app_init ] --END-- [ RunTime:0.001000s ]
INFO: [ app_begin ] --START--
INFO: Run Behavior\ReadHtmlCacheBehavior [ RunTime:0.001000s ]
INFO: [ app_begin ] --END-- [ RunTime:0.001000s ]
SQL: SHOW COLUMNS FROM `qa_robot_set` [ RunTime:0.0060s ]
SQL: SELECT `status` FROM `qa_robot_set` WHERE ( id = 1 ) LIMIT 1   [ RunTime:0.0000s ]
INFO: [ view_parse ] --START--
INFO: [ template_filter ] --START--
INFO: Run Behavior\ContentReplaceBehavior [ RunTime:0.000000s ]
INFO: [ template_filter ] --END-- [ RunTime:0.000000s ]
INFO: Run Behavior\ParseTemplateBehavior [ RunTime:0.009001s ]
INFO: [ view_parse ] --END-- [ RunTime:0.009001s ]
INFO: [ view_filter ] --START--
INFO: Run Behavior\WriteHtmlCacheBehavior [ RunTime:0.000000s ]
INFO: [ view_filter ] --END-- [ RunTime:0.000000s ]
INFO: [ app_end ] --START--
INFO: Run Behavior\ShowPageTraceBehavior [ RunTime:0.001000s ]
INFO: [ app_end ] --END-- [ RunTime:0.001000s ]

[ 2018-03-29T10:30:32+08:00 ] ::1 /qa/index.php?s=/Home/Robot/studyLog.html
INFO: [ app_init ] --START--
INFO: Run Behavior\BuildLiteBehavior [ RunTime:0.000000s ]
INFO: [ app_init ] --END-- [ RunTime:0.000000s ]
INFO: [ app_begin ] --START--
INFO: Run Behavior\ReadHtmlCacheBehavior [ RunTime:0.001000s ]
INFO: [ app_begin ] --END-- [ RunTime:0.001000s ]
SQL: SHOW COLUMNS FROM `qa_robot_study_log` [ RunTime:0.0050s ]
SQL: SELECT COUNT(*) AS tp_count FROM `qa_robot_study_log` LIMIT 1   [ RunTime:0.0000s ]
NOTIC: [8] Undefined variable: prePage E:\phpStudy\PHPTutorial\WWW\QA\ThinkPHP\Library\Org\Util\Page.class.php 第 684 行.
NOTIC: [8] Undefined variable: nextPage E:\phpStudy\PHPTutorial\WWW\QA\ThinkPHP\Library\Org\Util\Page.class.php 第 684 行.
SQL: SELECT * FROM `qa_robot_study_log` ORDER BY id desc LIMIT 0,30   [ RunTime:0.0010s ]
INFO: [ view_parse ] --START--
INFO: [ template_filter ] --START--
INFO: Run Behavior\ContentReplaceBehavior [ RunTime:0.000000s ]
INFO: [ template_filter ] --END-- [ RunTime:0.000000s ]
INFO: Run Behavior\ParseTemplateBehavior [ RunTime:0.012001s ]
INFO: [ view_parse ] --END-- [ RunTime:0.012001s ]
INFO: [ view_filter ] --START--
INFO: Run Behavior\WriteHtmlCacheBehavior [ RunTime:0.001000s ]
INFO: [ view_filter ] --END-- [ RunTime:0.001000s ]
INFO: [ app_end ] --START--
INFO: Run Behavior\ShowPageTraceBehavior [ RunTime:0.000000s ]
INFO: [ app_end ] --END-- [ RunTime:0.000000s ]

[ 2018-03-29T10:30:33+08:00 ] ::1 /qa/index.php?s=/Home/Robot/robotSet.html
INFO: [ app_init ] --START--
INFO: Run Behavior\BuildLiteBehavior [ RunTime:0.000000s ]
INFO: [ app_init ] --END-- [ RunTime:0.001000s ]
INFO: [ app_begin ] --START--
INFO: Run Behavior\ReadHtmlCacheBehavior [ RunTime:0.001000s ]
INFO: [ app_begin ] --END-- [ RunTime:0.001000s ]
SQL: SHOW COLUMNS FROM `qa_robot_set` [ RunTime:0.0050s ]
SQL: SELECT `status` FROM `qa_robot_set` WHERE ( id = 1 ) LIMIT 1   [ RunTime:0.0000s ]
INFO: [ view_parse ] --START--
INFO: [ template_filter ] --START--
INFO: Run Behavior\ContentReplaceBehavior [ RunTime:0.000000s ]
INFO: [ template_filter ] --END-- [ RunTime:0.001000s ]
INFO: Run Behavior\ParseTemplateBehavior [ RunTime:0.008000s ]
INFO: [ view_parse ] --END-- [ RunTime:0.008000s ]
INFO: [ view_filter ] --START--
INFO: Run Behavior\WriteHtmlCacheBehavior [ RunTime:0.001000s ]
INFO: [ view_filter ] --END-- [ RunTime:0.001000s ]
INFO: [ app_end ] --START--
INFO: Run Behavior\ShowPageTraceBehavior [ RunTime:0.000000s ]
INFO: [ app_end ] --END-- [ RunTime:0.000000s ]

[ 2018-03-29T10:30:34+08:00 ] ::1 /qa/index.php?s=/Home/Robot/studyLog.html
INFO: [ app_init ] --START--
INFO: Run Behavior\BuildLiteBehavior [ RunTime:0.000000s ]
INFO: [ app_init ] --END-- [ RunTime:0.001000s ]
INFO: [ app_begin ] --START--
INFO: Run Behavior\ReadHtmlCacheBehavior [ RunTime:0.001000s ]
INFO: [ app_begin ] --END-- [ RunTime:0.001000s ]
SQL: SHOW COLUMNS FROM `qa_robot_study_log` [ RunTime:0.0050s ]
SQL: SELECT COUNT(*) AS tp_count FROM `qa_robot_study_log` LIMIT 1   [ RunTime:0.0000s ]
NOTIC: [8] Undefined variable: prePage E:\phpStudy\PHPTutorial\WWW\QA\ThinkPHP\Library\Org\Util\Page.class.php 第 684 行.
NOTIC: [8] Undefined variable: nextPage E:\phpStudy\PHPTutorial\WWW\QA\ThinkPHP\Library\Org\Util\Page.class.php 第 684 行.
SQL: SELECT * FROM `qa_robot_study_log` ORDER BY id desc LIMIT 0,30   [ RunTime:0.0010s ]
INFO: [ view_parse ] --START--
INFO: [ template_filter ] --START--
INFO: Run Behavior\ContentReplaceBehavior [ RunTime:0.000000s ]
INFO: [ template_filter ] --END-- [ RunTime:0.000000s ]
INFO: Run Behavior\ParseTemplateBehavior [ RunTime:0.012000s ]
INFO: [ view_parse ] --END-- [ RunTime:0.012000s ]
INFO: [ view_filter ] --START--
INFO: Run Behavior\WriteHtmlCacheBehavior [ RunTime:0.000000s ]
INFO: [ view_filter ] --END-- [ RunTime:0.000000s ]
INFO: [ app_end ] --START--
INFO: Run Behavior\ShowPageTraceBehavior [ RunTime:0.001000s ]
INFO: [ app_end ] --END-- [ RunTime:0.001000s ]

[ 2018-03-29T11:34:20+08:00 ] 127.0.0.1 /qa/index.php?s=/Home/Robot/robotSet.html
INFO: [ app_init ] --START--
INFO: Run Behavior\BuildLiteBehavior [ RunTime:0.000000s ]
INFO: [ app_init ] --END-- [ RunTime:0.001000s ]
INFO: [ app_begin ] --START--
INFO: Run Behavior\ReadHtmlCacheBehavior [ RunTime:0.001000s ]
INFO: [ app_begin ] --END-- [ RunTime:0.001000s ]
SQL: SHOW COLUMNS FROM `qa_robot_set` [ RunTime:0.0070s ]
SQL: SELECT `status` FROM `qa_robot_set` WHERE ( id = 1 ) LIMIT 1   [ RunTime:0.0000s ]
INFO: [ view_parse ] --START--
INFO: [ template_filter ] --START--
INFO: Run Behavior\ContentReplaceBehavior [ RunTime:0.000000s ]
INFO: [ template_filter ] --END-- [ RunTime:0.000000s ]
INFO: Run Behavior\ParseTemplateBehavior [ RunTime:0.017001s ]
INFO: [ view_parse ] --END-- [ RunTime:0.017001s ]
INFO: [ view_filter ] --START--
INFO: Run Behavior\WriteHtmlCacheBehavior [ RunTime:0.000000s ]
INFO: [ view_filter ] --END-- [ RunTime:0.000000s ]
INFO: [ app_end ] --START--
INFO: Run Behavior\ShowPageTraceBehavior [ RunTime:0.001000s ]
INFO: [ app_end ] --END-- [ RunTime:0.001000s ]

[ 2018-03-29T11:34:21+08:00 ] 127.0.0.1 /qa/index.php?s=/Home/Robot/studyLog.html
INFO: [ app_init ] --START--
INFO: Run Behavior\BuildLiteBehavior [ RunTime:0.000000s ]
INFO: [ app_init ] --END-- [ RunTime:0.000000s ]
INFO: [ app_begin ] --START--
INFO: Run Behavior\ReadHtmlCacheBehavior [ RunTime:0.001000s ]
INFO: [ app_begin ] --END-- [ RunTime:0.001000s ]
SQL: SHOW COLUMNS FROM `qa_robot_study_log` [ RunTime:0.0060s ]
SQL: SELECT COUNT(*) AS tp_count FROM `qa_robot_study_log` LIMIT 1   [ RunTime:0.0000s ]
NOTIC: [8] Undefined variable: prePage E:\phpStudy\PHPTutorial\WWW\QA\ThinkPHP\Library\Org\Util\Page.class.php 第 684 行.
NOTIC: [8] Undefined variable: nextPage E:\phpStudy\PHPTutorial\WWW\QA\ThinkPHP\Library\Org\Util\Page.class.php 第 684 行.
SQL: SELECT * FROM `qa_robot_study_log` ORDER BY id desc LIMIT 0,30   [ RunTime:0.0000s ]
INFO: [ view_parse ] --START--
INFO: [ template_filter ] --START--
INFO: Run Behavior\ContentReplaceBehavior [ RunTime:0.000000s ]
INFO: [ template_filter ] --END-- [ RunTime:0.000000s ]
INFO: Run Behavior\ParseTemplateBehavior [ RunTime:0.012000s ]
INFO: [ view_parse ] --END-- [ RunTime:0.012000s ]
INFO: [ view_filter ] --START--
INFO: Run Behavior\WriteHtmlCacheBehavior [ RunTime:0.000000s ]
INFO: [ view_filter ] --END-- [ RunTime:0.000000s ]
INFO: [ app_end ] --START--
INFO: Run Behavior\ShowPageTraceBehavior [ RunTime:0.001000s ]
INFO: [ app_end ] --END-- [ RunTime:0.001000s ]

[ 2018-03-29T17:30:12+08:00 ] 127.0.0.1 /qa/index.php?s=/Home/Questions/questionsImport.html
INFO: [ app_init ] --START--
INFO: Run Behavior\BuildLiteBehavior [ RunTime:0.000000s ]
INFO: [ app_init ] --END-- [ RunTime:0.000000s ]
INFO: [ app_begin ] --START--
INFO: Run Behavior\ReadHtmlCacheBehavior [ RunTime:0.001000s ]
INFO: [ app_begin ] --END-- [ RunTime:0.001000s ]
INFO: [ view_parse ] --START--
INFO: [ template_filter ] --START--
INFO: Run Behavior\ContentReplaceBehavior [ RunTime:0.000000s ]
INFO: [ template_filter ] --END-- [ RunTime:0.000000s ]
INFO: Run Behavior\ParseTemplateBehavior [ RunTime:0.040003s ]
INFO: [ view_parse ] --END-- [ RunTime:0.040003s ]
INFO: [ view_filter ] --START--
INFO: Run Behavior\WriteHtmlCacheBehavior [ RunTime:0.001000s ]
INFO: [ view_filter ] --END-- [ RunTime:0.001000s ]
INFO: [ app_end ] --START--
INFO: Run Behavior\ShowPageTraceBehavior [ RunTime:0.001000s ]
INFO: [ app_end ] --END-- [ RunTime:0.001000s ]

[ 2018-03-29T17:30:15+08:00 ] 127.0.0.1 /qa/index.php?s=/Home/Questions/typeList.html
INFO: [ app_init ] --START--
INFO: Run Behavior\BuildLiteBehavior [ RunTime:0.000000s ]
INFO: [ app_init ] --END-- [ RunTime:0.000000s ]
INFO: [ app_begin ] --START--
INFO: Run Behavior\ReadHtmlCacheBehavior [ RunTime:0.000000s ]
INFO: [ app_begin ] --END-- [ RunTime:0.000000s ]
SQL: SHOW COLUMNS FROM `qa_question_type` [ RunTime:0.0070s ]
SQL: SELECT COUNT(*) AS tp_count FROM `qa_question_type` LIMIT 1   [ RunTime:0.0010s ]
NOTIC: [8] Undefined variable: prePage E:\phpStudy\PHPTutorial\WWW\QA\ThinkPHP\Library\Org\Util\Page.class.php 第 684 行.
NOTIC: [8] Undefined variable: nextPage E:\phpStudy\PHPTutorial\WWW\QA\ThinkPHP\Library\Org\Util\Page.class.php 第 684 行.
SQL: SELECT `id`,`type_name`,`description`,`add_time`,`status`,`is_new`,`admin_id` FROM `qa_question_type` ORDER BY id desc LIMIT 0,30   [ RunTime:0.0000s ]
SQL: SHOW COLUMNS FROM `qa_admin` [ RunTime:0.0050s ]
SQL: SELECT `tname` FROM `qa_admin` WHERE ( id=0 ) LIMIT 1   [ RunTime:0.0000s ]
SQL: SELECT `tname` FROM `qa_admin` WHERE ( id=0 ) LIMIT 1   [ RunTime:0.0000s ]
SQL: SELECT `tname` FROM `qa_admin` WHERE ( id=0 ) LIMIT 1   [ RunTime:0.0000s ]
SQL: SELECT `tname` FROM `qa_admin` WHERE ( id=0 ) LIMIT 1   [ RunTime:0.0000s ]
SQL: SELECT `tname` FROM `qa_admin` WHERE ( id=0 ) LIMIT 1   [ RunTime:0.0010s ]
SQL: SELECT `tname` FROM `qa_admin` WHERE ( id=0 ) LIMIT 1   [ RunTime:0.0010s ]
SQL: SELECT `tname` FROM `qa_admin` WHERE ( id=0 ) LIMIT 1   [ RunTime:0.0000s ]
SQL: SELECT `tname` FROM `qa_admin` WHERE ( id=0 ) LIMIT 1   [ RunTime:0.0010s ]
SQL: SELECT `tname` FROM `qa_admin` WHERE ( id=1 ) LIMIT 1   [ RunTime:0.0000s ]
SQL: SELECT `tname` FROM `qa_admin` WHERE ( id=1 ) LIMIT 1   [ RunTime:0.0000s ]
SQL: SELECT `tname` FROM `qa_admin` WHERE ( id=1 ) LIMIT 1   [ RunTime:0.0000s ]
SQL: SELECT `tname` FROM `qa_admin` WHERE ( id=1 ) LIMIT 1   [ RunTime:0.0000s ]
SQL: SELECT `tname` FROM `qa_admin` WHERE ( id=1 ) LIMIT 1   [ RunTime:0.0000s ]
SQL: SELECT `tname` FROM `qa_admin` WHERE ( id=1 ) LIMIT 1   [ RunTime:0.0010s ]
SQL: SELECT `tname` FROM `qa_admin` WHERE ( id=1 ) LIMIT 1   [ RunTime:0.0010s ]
SQL: SELECT `tname` FROM `qa_admin` WHERE ( id=1 ) LIMIT 1   [ RunTime:0.0000s ]
SQL: SELECT `tname` FROM `qa_admin` WHERE ( id=1 ) LIMIT 1   [ RunTime:0.0000s ]
SQL: SELECT `tname` FROM `qa_admin` WHERE ( id=1 ) LIMIT 1   [ RunTime:0.0010s ]
SQL: SELECT `tname` FROM `qa_admin` WHERE ( id=1 ) LIMIT 1   [ RunTime:0.0010s ]
SQL: SELECT `tname` FROM `qa_admin` WHERE ( id=1 ) LIMIT 1   [ RunTime:0.0000s ]
SQL: SELECT `tname` FROM `qa_admin` WHERE ( id=1 ) LIMIT 1   [ RunTime:0.0010s ]
SQL: SELECT `tname` FROM `qa_admin` WHERE ( id=1 ) LIMIT 1   [ RunTime:0.0000s ]
SQL: SELECT `tname` FROM `qa_admin` WHERE ( id=1 ) LIMIT 1   [ RunTime:0.0010s ]
SQL: SELECT `tname` FROM `qa_admin` WHERE ( id=1 ) LIMIT 1   [ RunTime:0.0000s ]
SQL: SELECT `tname` FROM `qa_admin` WHERE ( id=1 ) LIMIT 1   [ RunTime:0.0000s ]
SQL: SELECT `tname` FROM `qa_admin` WHERE ( id=1 ) LIMIT 1   [ RunTime:0.0010s ]
SQL: SELECT `tname` FROM `qa_admin` WHERE ( id=1 ) LIMIT 1   [ RunTime:0.0000s ]
SQL: SELECT `tname` FROM `qa_admin` WHERE ( id=1 ) LIMIT 1   [ RunTime:0.0000s ]
SQL: SELECT `tname` FROM `qa_admin` WHERE ( id=1 ) LIMIT 1   [ RunTime:0.0000s ]
SQL: SELECT `tname` FROM `qa_admin` WHERE ( id=1 ) LIMIT 1   [ RunTime:0.0000s ]
INFO: [ view_parse ] --START--
INFO: [ template_filter ] --START--
INFO: Run Behavior\ContentReplaceBehavior [ RunTime:0.000000s ]
INFO: [ template_filter ] --END-- [ RunTime:0.000000s ]
INFO: Run Behavior\ParseTemplateBehavior [ RunTime:0.032002s ]
INFO: [ view_parse ] --END-- [ RunTime:0.032002s ]
INFO: [ view_filter ] --START--
INFO: Run Behavior\WriteHtmlCacheBehavior [ RunTime:0.001000s ]
INFO: [ view_filter ] --END-- [ RunTime:0.001000s ]
INFO: [ app_end ] --START--
INFO: Run Behavior\ShowPageTraceBehavior [ RunTime:0.001000s ]
INFO: [ app_end ] --END-- [ RunTime:0.001000s ]

