[ 2018-05-10T10:05:16+08:00 ] ::1 /qa/index.php?s=/Home/Robot/studyLog.html
INFO: [ app_init ] --START--
INFO: Run Behavior\BuildLiteBehavior [ RunTime:0.000000s ]
INFO: [ app_init ] --END-- [ RunTime:0.001000s ]
INFO: [ app_begin ] --START--
INFO: Run Behavior\ReadHtmlCacheBehavior [ RunTime:0.001000s ]
INFO: [ app_begin ] --END-- [ RunTime:0.001000s ]

[ 2018-05-10T10:05:16+08:00 ] ::1 /qa/index.php?s=/Home/Login/index.html
INFO: [ app_init ] --START--
INFO: Run Behavior\BuildLiteBehavior [ RunTime:0.000000s ]
INFO: [ app_init ] --END-- [ RunTime:0.000000s ]
INFO: [ app_begin ] --START--
INFO: Run Behavior\ReadHtmlCacheBehavior [ RunTime:0.000000s ]
INFO: [ app_begin ] --END-- [ RunTime:0.000000s ]
INFO: [ view_parse ] --START--
INFO: [ template_filter ] --START--
INFO: Run Behavior\ContentReplaceBehavior [ RunTime:0.000000s ]
INFO: [ template_filter ] --END-- [ RunTime:0.000000s ]
INFO: Run Behavior\ParseTemplateBehavior [ RunTime:0.018001s ]
INFO: [ view_parse ] --END-- [ RunTime:0.018001s ]
INFO: [ view_filter ] --START--
INFO: Run Behavior\WriteHtmlCacheBehavior [ RunTime:0.000000s ]
INFO: [ view_filter ] --END-- [ RunTime:0.000000s ]
INFO: [ app_end ] --START--
INFO: Run Behavior\ShowPageTraceBehavior [ RunTime:0.001000s ]
INFO: [ app_end ] --END-- [ RunTime:0.001000s ]

[ 2018-05-10T10:05:16+08:00 ] ::1 /qa/index.php?m=home&c=login&a=verify
INFO: [ app_init ] --START--
INFO: Run Behavior\BuildLiteBehavior [ RunTime:0.000000s ]
INFO: [ app_init ] --END-- [ RunTime:0.000000s ]
INFO: [ app_begin ] --START--
INFO: Run Behavior\ReadHtmlCacheBehavior [ RunTime:0.001000s ]
INFO: [ app_begin ] --END-- [ RunTime:0.001000s ]
INFO: [ app_end ] --START--
INFO: Run Behavior\ShowPageTraceBehavior [ RunTime:0.000000s ]
INFO: [ app_end ] --END-- [ RunTime:0.001000s ]

[ 2018-05-10T10:05:22+08:00 ] ::1 /qa/index.php?s=/Home/Login/checkVerity
INFO: [ app_init ] --START--
INFO: Run Behavior\BuildLiteBehavior [ RunTime:0.000000s ]
INFO: [ app_init ] --END-- [ RunTime:0.000000s ]
INFO: [ app_begin ] --START--
INFO: Run Behavior\ReadHtmlCacheBehavior [ RunTime:0.001000s ]
INFO: [ app_begin ] --END-- [ RunTime:0.001000s ]

[ 2018-05-10T10:05:23+08:00 ] ::1 /qa/index.php?s=/home/login/checkLogin
INFO: [ app_init ] --START--
INFO: Run Behavior\BuildLiteBehavior [ RunTime:0.000000s ]
INFO: [ app_init ] --END-- [ RunTime:0.000000s ]
INFO: [ app_begin ] --START--
INFO: Run Behavior\ReadHtmlCacheBehavior [ RunTime:0.000000s ]
INFO: [ app_begin ] --END-- [ RunTime:0.001000s ]
SQL: SHOW COLUMNS FROM `qa_admin` [ RunTime:0.0180s ]
SQL: SELECT `id`,`salt`,`pwd`,`uname`,`tname`,`status` FROM `qa_admin` WHERE ( uname = "admin" ) LIMIT 1   [ RunTime:0.0000s ]
SQL: UPDATE `qa_admin` SET `logintime`='1525917923',`loginip`='0.0.0.0' WHERE ( uname = "admin" ) [ RunTime:0.0300s ]

[ 2018-05-10T10:05:23+08:00 ] ::1 /qa/index.php?s=/Home/Index/index.html
INFO: [ app_init ] --START--
INFO: Run Behavior\BuildLiteBehavior [ RunTime:0.000000s ]
INFO: [ app_init ] --END-- [ RunTime:0.001000s ]
INFO: [ app_begin ] --START--
INFO: Run Behavior\ReadHtmlCacheBehavior [ RunTime:0.000000s ]
INFO: [ app_begin ] --END-- [ RunTime:0.002000s ]

[ 2018-05-10T10:05:24+08:00 ] ::1 /qa/index.php?s=/Home/Questions/questionsList.html
INFO: [ app_init ] --START--
INFO: Run Behavior\BuildLiteBehavior [ RunTime:0.000000s ]
INFO: [ app_init ] --END-- [ RunTime:0.000000s ]
INFO: [ app_begin ] --START--
INFO: Run Behavior\ReadHtmlCacheBehavior [ RunTime:0.000000s ]
INFO: [ app_begin ] --END-- [ RunTime:0.000000s ]
SQL: SHOW COLUMNS FROM `qa_question_list` [ RunTime:0.0440s ]
SQL: SELECT COUNT(*) AS tp_count FROM qa_question_list l LEFT JOIN qa_question_answer a ON a.question_id=l.id  LIMIT 1   [ RunTime:0.1170s ]
NOTIC: [8] Undefined variable: prePage E:\phpStudy\PHPTutorial\WWW\QA\ThinkPHP\Library\Org\Util\Page.class.php 第 684 行.
NOTIC: [8] Undefined variable: nextPage E:\phpStudy\PHPTutorial\WWW\QA\ThinkPHP\Library\Org\Util\Page.class.php 第 684 行.
SQL: SELECT l.id,l.question_title,l.consultanter,l.add_time,l.status,l.is_robot_learning,l.admin_id,l.type_id,a.contents FROM qa_question_list l LEFT JOIN qa_question_answer a ON a.question_id=l.id  ORDER BY l.id desc LIMIT 0,20   [ RunTime:0.0080s ]
SQL: SHOW COLUMNS FROM `qa_admin` [ RunTime:0.0030s ]
SQL: SELECT `tname` FROM `qa_admin` WHERE ( id=0 ) LIMIT 1   [ RunTime:0.0010s ]
SQL: SHOW COLUMNS FROM `qa_question_type` [ RunTime:0.0040s ]
SQL: SELECT `type_name` FROM `qa_question_type` WHERE ( id=2839 ) LIMIT 1   [ RunTime:0.0110s ]
SQL: SELECT `tname` FROM `qa_admin` WHERE ( id=0 ) LIMIT 1   [ RunTime:0.0010s ]
SQL: SELECT `type_name` FROM `qa_question_type` WHERE ( id=2839 ) LIMIT 1   [ RunTime:0.0010s ]
SQL: SELECT `tname` FROM `qa_admin` WHERE ( id=0 ) LIMIT 1   [ RunTime:0.0000s ]
SQL: SELECT `type_name` FROM `qa_question_type` WHERE ( id=2839 ) LIMIT 1   [ RunTime:0.0010s ]
SQL: SELECT `tname` FROM `qa_admin` WHERE ( id=0 ) LIMIT 1   [ RunTime:0.0010s ]
SQL: SELECT `type_name` FROM `qa_question_type` WHERE ( id=2839 ) LIMIT 1   [ RunTime:0.0000s ]
SQL: SELECT `tname` FROM `qa_admin` WHERE ( id=0 ) LIMIT 1   [ RunTime:0.0000s ]
SQL: SELECT `type_name` FROM `qa_question_type` WHERE ( id=2837 ) LIMIT 1   [ RunTime:0.0010s ]
SQL: SELECT `tname` FROM `qa_admin` WHERE ( id=0 ) LIMIT 1   [ RunTime:0.0000s ]
SQL: SELECT `type_name` FROM `qa_question_type` WHERE ( id=2839 ) LIMIT 1   [ RunTime:0.0000s ]
SQL: SELECT `tname` FROM `qa_admin` WHERE ( id=0 ) LIMIT 1   [ RunTime:0.0010s ]
SQL: SELECT `type_name` FROM `qa_question_type` WHERE ( id=2839 ) LIMIT 1   [ RunTime:0.0000s ]
SQL: SELECT `tname` FROM `qa_admin` WHERE ( id=0 ) LIMIT 1   [ RunTime:0.0000s ]
SQL: SELECT `type_name` FROM `qa_question_type` WHERE ( id=2837 ) LIMIT 1   [ RunTime:0.0010s ]
SQL: SELECT `tname` FROM `qa_admin` WHERE ( id=0 ) LIMIT 1   [ RunTime:0.0000s ]
SQL: SELECT `type_name` FROM `qa_question_type` WHERE ( id=2839 ) LIMIT 1   [ RunTime:0.0010s ]
SQL: SELECT `tname` FROM `qa_admin` WHERE ( id=0 ) LIMIT 1   [ RunTime:0.0000s ]
SQL: SELECT `type_name` FROM `qa_question_type` WHERE ( id=2837 ) LIMIT 1   [ RunTime:0.0000s ]
SQL: SELECT `tname` FROM `qa_admin` WHERE ( id=0 ) LIMIT 1   [ RunTime:0.0010s ]
SQL: SELECT `type_name` FROM `qa_question_type` WHERE ( id=2837 ) LIMIT 1   [ RunTime:0.0000s ]
SQL: SELECT `tname` FROM `qa_admin` WHERE ( id=0 ) LIMIT 1   [ RunTime:0.0000s ]
SQL: SELECT `type_name` FROM `qa_question_type` WHERE ( id=2837 ) LIMIT 1   [ RunTime:0.0010s ]
SQL: SELECT `tname` FROM `qa_admin` WHERE ( id=0 ) LIMIT 1   [ RunTime:0.0000s ]
SQL: SELECT `type_name` FROM `qa_question_type` WHERE ( id=2837 ) LIMIT 1   [ RunTime:0.0000s ]
SQL: SELECT `tname` FROM `qa_admin` WHERE ( id=0 ) LIMIT 1   [ RunTime:0.0010s ]
SQL: SELECT `type_name` FROM `qa_question_type` WHERE ( id=2837 ) LIMIT 1   [ RunTime:0.0010s ]
SQL: SELECT `tname` FROM `qa_admin` WHERE ( id=0 ) LIMIT 1   [ RunTime:0.0000s ]
SQL: SELECT `type_name` FROM `qa_question_type` WHERE ( id=2839 ) LIMIT 1   [ RunTime:0.0000s ]
SQL: SELECT `tname` FROM `qa_admin` WHERE ( id=0 ) LIMIT 1   [ RunTime:0.0010s ]
SQL: SELECT `type_name` FROM `qa_question_type` WHERE ( id=2837 ) LIMIT 1   [ RunTime:0.0000s ]
SQL: SELECT `tname` FROM `qa_admin` WHERE ( id=0 ) LIMIT 1   [ RunTime:0.0000s ]
SQL: SELECT `type_name` FROM `qa_question_type` WHERE ( id=2839 ) LIMIT 1   [ RunTime:0.0010s ]
SQL: SELECT `tname` FROM `qa_admin` WHERE ( id=0 ) LIMIT 1   [ RunTime:0.0000s ]
SQL: SELECT `type_name` FROM `qa_question_type` WHERE ( id=2839 ) LIMIT 1   [ RunTime:0.0010s ]
SQL: SELECT `tname` FROM `qa_admin` WHERE ( id=0 ) LIMIT 1   [ RunTime:0.0000s ]
SQL: SELECT `type_name` FROM `qa_question_type` WHERE ( id=2837 ) LIMIT 1   [ RunTime:0.0000s ]
SQL: SELECT `tname` FROM `qa_admin` WHERE ( id=0 ) LIMIT 1   [ RunTime:0.0010s ]
SQL: SELECT `type_name` FROM `qa_question_type` WHERE ( id=2837 ) LIMIT 1   [ RunTime:0.0000s ]
INFO: [ view_parse ] --START--
INFO: [ template_filter ] --START--
INFO: Run Behavior\ContentReplaceBehavior [ RunTime:0.001000s ]
INFO: [ template_filter ] --END-- [ RunTime:0.001000s ]
INFO: Run Behavior\ParseTemplateBehavior [ RunTime:0.064004s ]
INFO: [ view_parse ] --END-- [ RunTime:0.064004s ]
INFO: [ view_filter ] --START--
INFO: Run Behavior\WriteHtmlCacheBehavior [ RunTime:0.001000s ]
INFO: [ view_filter ] --END-- [ RunTime:0.001000s ]
INFO: [ app_end ] --START--
INFO: Run Behavior\ShowPageTraceBehavior [ RunTime:0.001000s ]
INFO: [ app_end ] --END-- [ RunTime:0.001000s ]

[ 2018-05-10T10:05:31+08:00 ] ::1 /qa/index.php?s=/Home/Questions/questionsAdd.html
INFO: [ app_init ] --START--
INFO: Run Behavior\BuildLiteBehavior [ RunTime:0.000000s ]
INFO: [ app_init ] --END-- [ RunTime:0.001000s ]
INFO: [ app_begin ] --START--
INFO: Run Behavior\ReadHtmlCacheBehavior [ RunTime:0.001000s ]
INFO: [ app_begin ] --END-- [ RunTime:0.001000s ]
SQL: SHOW COLUMNS FROM `qa_question_type` [ RunTime:0.0020s ]
SQL: SELECT `id`,`type_name` FROM `qa_question_type` WHERE ( status=1 )  [ RunTime:0.0200s ]
NOTIC: [8] Undefined variable: strings E:\phpStudy\PHPTutorial\WWW\QA\Application\Home\Controller\QuestionsController.class.php 第 112 行.
INFO: [ view_parse ] --START--
INFO: [ template_filter ] --START--
INFO: Run Behavior\ContentReplaceBehavior [ RunTime:0.000000s ]
INFO: [ template_filter ] --END-- [ RunTime:0.000000s ]
INFO: Run Behavior\ParseTemplateBehavior [ RunTime:0.033001s ]
INFO: [ view_parse ] --END-- [ RunTime:0.033001s ]
INFO: [ view_filter ] --START--
INFO: Run Behavior\WriteHtmlCacheBehavior [ RunTime:0.000000s ]
INFO: [ view_filter ] --END-- [ RunTime:0.000000s ]
INFO: [ app_end ] --START--
INFO: Run Behavior\ShowPageTraceBehavior [ RunTime:0.001000s ]
INFO: [ app_end ] --END-- [ RunTime:0.001000s ]

[ 2018-05-10T10:14:49+08:00 ] ::1 /qa/index.php?s=/Home/Questions/questionsAdd.html
INFO: [ app_init ] --START--
INFO: Run Behavior\BuildLiteBehavior [ RunTime:0.000000s ]
INFO: [ app_init ] --END-- [ RunTime:0.001000s ]
INFO: [ app_begin ] --START--
INFO: Run Behavior\ReadHtmlCacheBehavior [ RunTime:0.001000s ]
INFO: [ app_begin ] --END-- [ RunTime:0.001000s ]
SQL: SHOW COLUMNS FROM `qa_question_type` [ RunTime:0.0010s ]
SQL: SELECT `id`,`type_name` FROM `qa_question_type` WHERE ( status=1 )  [ RunTime:0.0090s ]
NOTIC: [8] Undefined variable: strings E:\phpStudy\PHPTutorial\WWW\QA\Application\Home\Controller\QuestionsController.class.php 第 112 行.
INFO: [ view_parse ] --START--
INFO: [ template_filter ] --START--
INFO: Run Behavior\ContentReplaceBehavior [ RunTime:0.001000s ]
INFO: [ template_filter ] --END-- [ RunTime:0.001000s ]
INFO: Run Behavior\ParseTemplateBehavior [ RunTime:0.021001s ]
INFO: [ view_parse ] --END-- [ RunTime:0.021001s ]
INFO: [ view_filter ] --START--
INFO: Run Behavior\WriteHtmlCacheBehavior [ RunTime:0.001000s ]
INFO: [ view_filter ] --END-- [ RunTime:0.001000s ]
INFO: [ app_end ] --START--
INFO: Run Behavior\ShowPageTraceBehavior [ RunTime:0.001000s ]
INFO: [ app_end ] --END-- [ RunTime:0.002000s ]

[ 2018-05-10T10:14:50+08:00 ] ::1 /qa/index.php?s=/Home/Questions/questionsAdd.html
INFO: [ app_init ] --START--
INFO: Run Behavior\BuildLiteBehavior [ RunTime:0.000000s ]
INFO: [ app_init ] --END-- [ RunTime:0.000000s ]
INFO: [ app_begin ] --START--
INFO: Run Behavior\ReadHtmlCacheBehavior [ RunTime:0.000000s ]
INFO: [ app_begin ] --END-- [ RunTime:0.000000s ]
SQL: SHOW COLUMNS FROM `qa_question_type` [ RunTime:0.0020s ]
SQL: SELECT `id`,`type_name` FROM `qa_question_type` WHERE ( status=1 )  [ RunTime:0.0090s ]
NOTIC: [8] Undefined variable: strings E:\phpStudy\PHPTutorial\WWW\QA\Application\Home\Controller\QuestionsController.class.php 第 112 行.
INFO: [ view_parse ] --START--
INFO: [ template_filter ] --START--
INFO: Run Behavior\ContentReplaceBehavior [ RunTime:0.000000s ]
INFO: [ template_filter ] --END-- [ RunTime:0.000000s ]
INFO: Run Behavior\ParseTemplateBehavior [ RunTime:0.013001s ]
INFO: [ view_parse ] --END-- [ RunTime:0.013001s ]
INFO: [ view_filter ] --START--
INFO: Run Behavior\WriteHtmlCacheBehavior [ RunTime:0.000000s ]
INFO: [ view_filter ] --END-- [ RunTime:0.000000s ]
INFO: [ app_end ] --START--
INFO: Run Behavior\ShowPageTraceBehavior [ RunTime:0.001000s ]
INFO: [ app_end ] --END-- [ RunTime:0.001000s ]

[ 2018-05-10T10:15:53+08:00 ] ::1 /qa/index.php?s=/Home/Questions/questionsList.html
INFO: [ app_init ] --START--
INFO: Run Behavior\BuildLiteBehavior [ RunTime:0.000000s ]
INFO: [ app_init ] --END-- [ RunTime:0.002000s ]
INFO: [ app_begin ] --START--
INFO: Run Behavior\ReadHtmlCacheBehavior [ RunTime:0.000000s ]
INFO: [ app_begin ] --END-- [ RunTime:0.000000s ]
SQL: SHOW COLUMNS FROM `qa_question_list` [ RunTime:0.0020s ]
SQL: SELECT COUNT(*) AS tp_count FROM qa_question_list l LEFT JOIN qa_question_answer a ON a.question_id=l.id  LIMIT 1   [ RunTime:0.0010s ]
NOTIC: [8] Undefined variable: prePage E:\phpStudy\PHPTutorial\WWW\QA\ThinkPHP\Library\Org\Util\Page.class.php 第 684 行.
NOTIC: [8] Undefined variable: nextPage E:\phpStudy\PHPTutorial\WWW\QA\ThinkPHP\Library\Org\Util\Page.class.php 第 684 行.
SQL: SELECT l.id,l.question_title,l.consultanter,l.add_time,l.status,l.is_robot_learning,l.admin_id,l.type_id,a.contents FROM qa_question_list l LEFT JOIN qa_question_answer a ON a.question_id=l.id  ORDER BY l.id desc LIMIT 0,20   [ RunTime:0.0040s ]
SQL: SHOW COLUMNS FROM `qa_admin` [ RunTime:0.0020s ]
SQL: SELECT `tname` FROM `qa_admin` WHERE ( id=0 ) LIMIT 1   [ RunTime:0.0000s ]
SQL: SHOW COLUMNS FROM `qa_question_type` [ RunTime:0.0020s ]
SQL: SELECT `type_name` FROM `qa_question_type` WHERE ( id=2839 ) LIMIT 1   [ RunTime:0.0000s ]
SQL: SELECT `tname` FROM `qa_admin` WHERE ( id=0 ) LIMIT 1   [ RunTime:0.0010s ]
SQL: SELECT `type_name` FROM `qa_question_type` WHERE ( id=2839 ) LIMIT 1   [ RunTime:0.0000s ]
SQL: SELECT `tname` FROM `qa_admin` WHERE ( id=0 ) LIMIT 1   [ RunTime:0.0000s ]
SQL: SELECT `type_name` FROM `qa_question_type` WHERE ( id=2839 ) LIMIT 1   [ RunTime:0.0000s ]
SQL: SELECT `tname` FROM `qa_admin` WHERE ( id=0 ) LIMIT 1   [ RunTime:0.0000s ]
SQL: SELECT `type_name` FROM `qa_question_type` WHERE ( id=2839 ) LIMIT 1   [ RunTime:0.0000s ]
SQL: SELECT `tname` FROM `qa_admin` WHERE ( id=0 ) LIMIT 1   [ RunTime:0.0000s ]
SQL: SELECT `type_name` FROM `qa_question_type` WHERE ( id=2837 ) LIMIT 1   [ RunTime:0.0000s ]
SQL: SELECT `tname` FROM `qa_admin` WHERE ( id=0 ) LIMIT 1   [ RunTime:0.0000s ]
SQL: SELECT `type_name` FROM `qa_question_type` WHERE ( id=2839 ) LIMIT 1   [ RunTime:0.0010s ]
SQL: SELECT `tname` FROM `qa_admin` WHERE ( id=0 ) LIMIT 1   [ RunTime:0.0000s ]
SQL: SELECT `type_name` FROM `qa_question_type` WHERE ( id=2839 ) LIMIT 1   [ RunTime:0.0000s ]
SQL: SELECT `tname` FROM `qa_admin` WHERE ( id=0 ) LIMIT 1   [ RunTime:0.0000s ]
SQL: SELECT `type_name` FROM `qa_question_type` WHERE ( id=2837 ) LIMIT 1   [ RunTime:0.0000s ]
SQL: SELECT `tname` FROM `qa_admin` WHERE ( id=0 ) LIMIT 1   [ RunTime:0.0010s ]
SQL: SELECT `type_name` FROM `qa_question_type` WHERE ( id=2839 ) LIMIT 1   [ RunTime:0.0000s ]
SQL: SELECT `tname` FROM `qa_admin` WHERE ( id=0 ) LIMIT 1   [ RunTime:0.0000s ]
SQL: SELECT `type_name` FROM `qa_question_type` WHERE ( id=2837 ) LIMIT 1   [ RunTime:0.0010s ]
SQL: SELECT `tname` FROM `qa_admin` WHERE ( id=0 ) LIMIT 1   [ RunTime:0.0000s ]
SQL: SELECT `type_name` FROM `qa_question_type` WHERE ( id=2837 ) LIMIT 1   [ RunTime:0.0000s ]
SQL: SELECT `tname` FROM `qa_admin` WHERE ( id=0 ) LIMIT 1   [ RunTime:0.0010s ]
SQL: SELECT `type_name` FROM `qa_question_type` WHERE ( id=2837 ) LIMIT 1   [ RunTime:0.0000s ]
SQL: SELECT `tname` FROM `qa_admin` WHERE ( id=0 ) LIMIT 1   [ RunTime:0.0000s ]
SQL: SELECT `type_name` FROM `qa_question_type` WHERE ( id=2837 ) LIMIT 1   [ RunTime:0.0010s ]
SQL: SELECT `tname` FROM `qa_admin` WHERE ( id=0 ) LIMIT 1   [ RunTime:0.0000s ]
SQL: SELECT `type_name` FROM `qa_question_type` WHERE ( id=2837 ) LIMIT 1   [ RunTime:0.0000s ]
SQL: SELECT `tname` FROM `qa_admin` WHERE ( id=0 ) LIMIT 1   [ RunTime:0.0010s ]
SQL: SELECT `type_name` FROM `qa_question_type` WHERE ( id=2839 ) LIMIT 1   [ RunTime:0.0000s ]
SQL: SELECT `tname` FROM `qa_admin` WHERE ( id=0 ) LIMIT 1   [ RunTime:0.0000s ]
SQL: SELECT `type_name` FROM `qa_question_type` WHERE ( id=2837 ) LIMIT 1   [ RunTime:0.0000s ]
SQL: SELECT `tname` FROM `qa_admin` WHERE ( id=0 ) LIMIT 1   [ RunTime:0.0000s ]
SQL: SELECT `type_name` FROM `qa_question_type` WHERE ( id=2839 ) LIMIT 1   [ RunTime:0.0000s ]
SQL: SELECT `tname` FROM `qa_admin` WHERE ( id=0 ) LIMIT 1   [ RunTime:0.0000s ]
SQL: SELECT `type_name` FROM `qa_question_type` WHERE ( id=2839 ) LIMIT 1   [ RunTime:0.0000s ]
SQL: SELECT `tname` FROM `qa_admin` WHERE ( id=0 ) LIMIT 1   [ RunTime:0.0000s ]
SQL: SELECT `type_name` FROM `qa_question_type` WHERE ( id=2837 ) LIMIT 1   [ RunTime:0.0000s ]
SQL: SELECT `tname` FROM `qa_admin` WHERE ( id=0 ) LIMIT 1   [ RunTime:0.0010s ]
SQL: SELECT `type_name` FROM `qa_question_type` WHERE ( id=2837 ) LIMIT 1   [ RunTime:0.0000s ]
INFO: [ view_parse ] --START--
INFO: [ template_filter ] --START--
INFO: Run Behavior\ContentReplaceBehavior [ RunTime:0.000000s ]
INFO: [ template_filter ] --END-- [ RunTime:0.000000s ]
INFO: Run Behavior\ParseTemplateBehavior [ RunTime:0.017001s ]
INFO: [ view_parse ] --END-- [ RunTime:0.017001s ]
INFO: [ view_filter ] --START--
INFO: Run Behavior\WriteHtmlCacheBehavior [ RunTime:0.000000s ]
INFO: [ view_filter ] --END-- [ RunTime:0.000000s ]
INFO: [ app_end ] --START--
INFO: Run Behavior\ShowPageTraceBehavior [ RunTime:0.001000s ]
INFO: [ app_end ] --END-- [ RunTime:0.001000s ]

[ 2018-05-10T10:23:17+08:00 ] ::1 /qa/index.php?s=/Home/Questions/questionsList.html
INFO: [ app_init ] --START--
INFO: Run Behavior\BuildLiteBehavior [ RunTime:0.001000s ]
INFO: [ app_init ] --END-- [ RunTime:0.001000s ]
INFO: [ app_begin ] --START--
INFO: Run Behavior\ReadHtmlCacheBehavior [ RunTime:0.001000s ]
INFO: [ app_begin ] --END-- [ RunTime:0.001000s ]
SQL: SHOW COLUMNS FROM `qa_question_list` [ RunTime:0.0020s ]
SQL: SELECT COUNT(*) AS tp_count FROM qa_question_list l LEFT JOIN qa_question_answer a ON a.question_id=l.id  LIMIT 1   [ RunTime:0.0010s ]
NOTIC: [8] Undefined variable: prePage E:\phpStudy\PHPTutorial\WWW\QA\ThinkPHP\Library\Org\Util\Page.class.php 第 684 行.
NOTIC: [8] Undefined variable: nextPage E:\phpStudy\PHPTutorial\WWW\QA\ThinkPHP\Library\Org\Util\Page.class.php 第 684 行.
SQL: SELECT l.id,l.question_title,l.consultanter,l.add_time,l.status,l.is_robot_learning,l.admin_id,l.type_id,a.contents FROM qa_question_list l LEFT JOIN qa_question_answer a ON a.question_id=l.id  ORDER BY l.id desc LIMIT 0,20   [ RunTime:0.0040s ]
SQL: SHOW COLUMNS FROM `qa_admin` [ RunTime:0.0020s ]
SQL: SELECT `tname` FROM `qa_admin` WHERE ( id=0 ) LIMIT 1   [ RunTime:0.0000s ]
SQL: SHOW COLUMNS FROM `qa_question_type` [ RunTime:0.0020s ]
SQL: SELECT `type_name` FROM `qa_question_type` WHERE ( id=2839 ) LIMIT 1   [ RunTime:0.0000s ]
SQL: SELECT `tname` FROM `qa_admin` WHERE ( id=0 ) LIMIT 1   [ RunTime:0.0000s ]
SQL: SELECT `type_name` FROM `qa_question_type` WHERE ( id=2839 ) LIMIT 1   [ RunTime:0.0010s ]
SQL: SELECT `tname` FROM `qa_admin` WHERE ( id=0 ) LIMIT 1   [ RunTime:0.0000s ]
SQL: SELECT `type_name` FROM `qa_question_type` WHERE ( id=2839 ) LIMIT 1   [ RunTime:0.0000s ]
SQL: SELECT `tname` FROM `qa_admin` WHERE ( id=0 ) LIMIT 1   [ RunTime:0.0010s ]
SQL: SELECT `type_name` FROM `qa_question_type` WHERE ( id=2839 ) LIMIT 1   [ RunTime:0.0000s ]
SQL: SELECT `tname` FROM `qa_admin` WHERE ( id=0 ) LIMIT 1   [ RunTime:0.0000s ]
SQL: SELECT `type_name` FROM `qa_question_type` WHERE ( id=2837 ) LIMIT 1   [ RunTime:0.0000s ]
SQL: SELECT `tname` FROM `qa_admin` WHERE ( id=0 ) LIMIT 1   [ RunTime:0.0000s ]
SQL: SELECT `type_name` FROM `qa_question_type` WHERE ( id=2839 ) LIMIT 1   [ RunTime:0.0000s ]
SQL: SELECT `tname` FROM `qa_admin` WHERE ( id=0 ) LIMIT 1   [ RunTime:0.0000s ]
SQL: SELECT `type_name` FROM `qa_question_type` WHERE ( id=2839 ) LIMIT 1   [ RunTime:0.0010s ]
SQL: SELECT `tname` FROM `qa_admin` WHERE ( id=0 ) LIMIT 1   [ RunTime:0.0000s ]
SQL: SELECT `type_name` FROM `qa_question_type` WHERE ( id=2837 ) LIMIT 1   [ RunTime:0.0010s ]
SQL: SELECT `tname` FROM `qa_admin` WHERE ( id=0 ) LIMIT 1   [ RunTime:0.0000s ]
SQL: SELECT `type_name` FROM `qa_question_type` WHERE ( id=2839 ) LIMIT 1   [ RunTime:0.0000s ]
SQL: SELECT `tname` FROM `qa_admin` WHERE ( id=0 ) LIMIT 1   [ RunTime:0.0000s ]
SQL: SELECT `type_name` FROM `qa_question_type` WHERE ( id=2837 ) LIMIT 1   [ RunTime:0.0000s ]
SQL: SELECT `tname` FROM `qa_admin` WHERE ( id=0 ) LIMIT 1   [ RunTime:0.0000s ]
SQL: SELECT `type_name` FROM `qa_question_type` WHERE ( id=2837 ) LIMIT 1   [ RunTime:0.0000s ]
SQL: SELECT `tname` FROM `qa_admin` WHERE ( id=0 ) LIMIT 1   [ RunTime:0.0010s ]
SQL: SELECT `type_name` FROM `qa_question_type` WHERE ( id=2837 ) LIMIT 1   [ RunTime:0.0000s ]
SQL: SELECT `tname` FROM `qa_admin` WHERE ( id=0 ) LIMIT 1   [ RunTime:0.0000s ]
SQL: SELECT `type_name` FROM `qa_question_type` WHERE ( id=2837 ) LIMIT 1   [ RunTime:0.0010s ]
SQL: SELECT `tname` FROM `qa_admin` WHERE ( id=0 ) LIMIT 1   [ RunTime:0.0000s ]
SQL: SELECT `type_name` FROM `qa_question_type` WHERE ( id=2837 ) LIMIT 1   [ RunTime:0.0000s ]
SQL: SELECT `tname` FROM `qa_admin` WHERE ( id=0 ) LIMIT 1   [ RunTime:0.0000s ]
SQL: SELECT `type_name` FROM `qa_question_type` WHERE ( id=2839 ) LIMIT 1   [ RunTime:0.0000s ]
SQL: SELECT `tname` FROM `qa_admin` WHERE ( id=0 ) LIMIT 1   [ RunTime:0.0000s ]
SQL: SELECT `type_name` FROM `qa_question_type` WHERE ( id=2837 ) LIMIT 1   [ RunTime:0.0010s ]
SQL: SELECT `tname` FROM `qa_admin` WHERE ( id=0 ) LIMIT 1   [ RunTime:0.0000s ]
SQL: SELECT `type_name` FROM `qa_question_type` WHERE ( id=2839 ) LIMIT 1   [ RunTime:0.0000s ]
SQL: SELECT `tname` FROM `qa_admin` WHERE ( id=0 ) LIMIT 1   [ RunTime:0.0010s ]
SQL: SELECT `type_name` FROM `qa_question_type` WHERE ( id=2839 ) LIMIT 1   [ RunTime:0.0000s ]
SQL: SELECT `tname` FROM `qa_admin` WHERE ( id=0 ) LIMIT 1   [ RunTime:0.0000s ]
SQL: SELECT `type_name` FROM `qa_question_type` WHERE ( id=2837 ) LIMIT 1   [ RunTime:0.0010s ]
SQL: SELECT `tname` FROM `qa_admin` WHERE ( id=0 ) LIMIT 1   [ RunTime:0.0000s ]
SQL: SELECT `type_name` FROM `qa_question_type` WHERE ( id=2837 ) LIMIT 1   [ RunTime:0.0000s ]
INFO: [ view_parse ] --START--
INFO: [ template_filter ] --START--
INFO: Run Behavior\ContentReplaceBehavior [ RunTime:0.000000s ]
INFO: [ template_filter ] --END-- [ RunTime:0.000000s ]
INFO: Run Behavior\ParseTemplateBehavior [ RunTime:0.023001s ]
INFO: [ view_parse ] --END-- [ RunTime:0.024001s ]
INFO: [ view_filter ] --START--
INFO: Run Behavior\WriteHtmlCacheBehavior [ RunTime:0.001000s ]
INFO: [ view_filter ] --END-- [ RunTime:0.001000s ]
INFO: [ app_end ] --START--
INFO: Run Behavior\ShowPageTraceBehavior [ RunTime:0.001000s ]
INFO: [ app_end ] --END-- [ RunTime:0.001000s ]

[ 2018-05-10T10:23:18+08:00 ] ::1 /qa/index.php?s=/Home/Questions/questionsList.html
INFO: [ app_init ] --START--
INFO: Run Behavior\BuildLiteBehavior [ RunTime:0.000000s ]
INFO: [ app_init ] --END-- [ RunTime:0.001000s ]
INFO: [ app_begin ] --START--
INFO: Run Behavior\ReadHtmlCacheBehavior [ RunTime:0.001000s ]
INFO: [ app_begin ] --END-- [ RunTime:0.001000s ]
SQL: SHOW COLUMNS FROM `qa_question_list` [ RunTime:0.0020s ]
SQL: SELECT COUNT(*) AS tp_count FROM qa_question_list l LEFT JOIN qa_question_answer a ON a.question_id=l.id  LIMIT 1   [ RunTime:0.0010s ]
NOTIC: [8] Undefined variable: prePage E:\phpStudy\PHPTutorial\WWW\QA\ThinkPHP\Library\Org\Util\Page.class.php 第 684 行.
NOTIC: [8] Undefined variable: nextPage E:\phpStudy\PHPTutorial\WWW\QA\ThinkPHP\Library\Org\Util\Page.class.php 第 684 行.
SQL: SELECT l.id,l.question_title,l.consultanter,l.add_time,l.status,l.is_robot_learning,l.admin_id,l.type_id,a.contents FROM qa_question_list l LEFT JOIN qa_question_answer a ON a.question_id=l.id  ORDER BY l.id desc LIMIT 0,20   [ RunTime:0.0040s ]
SQL: SHOW COLUMNS FROM `qa_admin` [ RunTime:0.0010s ]
SQL: SELECT `tname` FROM `qa_admin` WHERE ( id=0 ) LIMIT 1   [ RunTime:0.0010s ]
SQL: SHOW COLUMNS FROM `qa_question_type` [ RunTime:0.0010s ]
SQL: SELECT `type_name` FROM `qa_question_type` WHERE ( id=2839 ) LIMIT 1   [ RunTime:0.0010s ]
SQL: SELECT `tname` FROM `qa_admin` WHERE ( id=0 ) LIMIT 1   [ RunTime:0.0000s ]
SQL: SELECT `type_name` FROM `qa_question_type` WHERE ( id=2839 ) LIMIT 1   [ RunTime:0.0000s ]
SQL: SELECT `tname` FROM `qa_admin` WHERE ( id=0 ) LIMIT 1   [ RunTime:0.0010s ]
SQL: SELECT `type_name` FROM `qa_question_type` WHERE ( id=2839 ) LIMIT 1   [ RunTime:0.0000s ]
SQL: SELECT `tname` FROM `qa_admin` WHERE ( id=0 ) LIMIT 1   [ RunTime:0.0010s ]
SQL: SELECT `type_name` FROM `qa_question_type` WHERE ( id=2839 ) LIMIT 1   [ RunTime:0.0000s ]
SQL: SELECT `tname` FROM `qa_admin` WHERE ( id=0 ) LIMIT 1   [ RunTime:0.0010s ]
SQL: SELECT `type_name` FROM `qa_question_type` WHERE ( id=2837 ) LIMIT 1   [ RunTime:0.0000s ]
SQL: SELECT `tname` FROM `qa_admin` WHERE ( id=0 ) LIMIT 1   [ RunTime:0.0000s ]
SQL: SELECT `type_name` FROM `qa_question_type` WHERE ( id=2839 ) LIMIT 1   [ RunTime:0.0010s ]
SQL: SELECT `tname` FROM `qa_admin` WHERE ( id=0 ) LIMIT 1   [ RunTime:0.0000s ]
SQL: SELECT `type_name` FROM `qa_question_type` WHERE ( id=2839 ) LIMIT 1   [ RunTime:0.0000s ]
SQL: SELECT `tname` FROM `qa_admin` WHERE ( id=0 ) LIMIT 1   [ RunTime:0.0010s ]
SQL: SELECT `type_name` FROM `qa_question_type` WHERE ( id=2837 ) LIMIT 1   [ RunTime:0.0000s ]
SQL: SELECT `tname` FROM `qa_admin` WHERE ( id=0 ) LIMIT 1   [ RunTime:0.0000s ]
SQL: SELECT `type_name` FROM `qa_question_type` WHERE ( id=2839 ) LIMIT 1   [ RunTime:0.0000s ]
SQL: SELECT `tname` FROM `qa_admin` WHERE ( id=0 ) LIMIT 1   [ RunTime:0.0000s ]
SQL: SELECT `type_name` FROM `qa_question_type` WHERE ( id=2837 ) LIMIT 1   [ RunTime:0.0010s ]
SQL: SELECT `tname` FROM `qa_admin` WHERE ( id=0 ) LIMIT 1   [ RunTime:0.0000s ]
SQL: SELECT `type_name` FROM `qa_question_type` WHERE ( id=2837 ) LIMIT 1   [ RunTime:0.0000s ]
SQL: SELECT `tname` FROM `qa_admin` WHERE ( id=0 ) LIMIT 1   [ RunTime:0.0010s ]
SQL: SELECT `type_name` FROM `qa_question_type` WHERE ( id=2837 ) LIMIT 1   [ RunTime:0.0000s ]
SQL: SELECT `tname` FROM `qa_admin` WHERE ( id=0 ) LIMIT 1   [ RunTime:0.0000s ]
SQL: SELECT `type_name` FROM `qa_question_type` WHERE ( id=2837 ) LIMIT 1   [ RunTime:0.0010s ]
SQL: SELECT `tname` FROM `qa_admin` WHERE ( id=0 ) LIMIT 1   [ RunTime:0.0000s ]
SQL: SELECT `type_name` FROM `qa_question_type` WHERE ( id=2837 ) LIMIT 1   [ RunTime:0.0000s ]
SQL: SELECT `tname` FROM `qa_admin` WHERE ( id=0 ) LIMIT 1   [ RunTime:0.0010s ]
SQL: SELECT `type_name` FROM `qa_question_type` WHERE ( id=2839 ) LIMIT 1   [ RunTime:0.0000s ]
SQL: SELECT `tname` FROM `qa_admin` WHERE ( id=0 ) LIMIT 1   [ RunTime:0.0000s ]
SQL: SELECT `type_name` FROM `qa_question_type` WHERE ( id=2837 ) LIMIT 1   [ RunTime:0.0010s ]
SQL: SELECT `tname` FROM `qa_admin` WHERE ( id=0 ) LIMIT 1   [ RunTime:0.0000s ]
SQL: SELECT `type_name` FROM `qa_question_type` WHERE ( id=2839 ) LIMIT 1   [ RunTime:0.0000s ]
SQL: SELECT `tname` FROM `qa_admin` WHERE ( id=0 ) LIMIT 1   [ RunTime:0.0010s ]
SQL: SELECT `type_name` FROM `qa_question_type` WHERE ( id=2839 ) LIMIT 1   [ RunTime:0.0000s ]
SQL: SELECT `tname` FROM `qa_admin` WHERE ( id=0 ) LIMIT 1   [ RunTime:0.0000s ]
SQL: SELECT `type_name` FROM `qa_question_type` WHERE ( id=2837 ) LIMIT 1   [ RunTime:0.0000s ]
SQL: SELECT `tname` FROM `qa_admin` WHERE ( id=0 ) LIMIT 1   [ RunTime:0.0000s ]
SQL: SELECT `type_name` FROM `qa_question_type` WHERE ( id=2837 ) LIMIT 1   [ RunTime:0.0000s ]
INFO: [ view_parse ] --START--
INFO: [ template_filter ] --START--
INFO: Run Behavior\ContentReplaceBehavior [ RunTime:0.000000s ]
INFO: [ template_filter ] --END-- [ RunTime:0.000000s ]
INFO: Run Behavior\ParseTemplateBehavior [ RunTime:0.016001s ]
INFO: [ view_parse ] --END-- [ RunTime:0.016001s ]
INFO: [ view_filter ] --START--
INFO: Run Behavior\WriteHtmlCacheBehavior [ RunTime:0.000000s ]
INFO: [ view_filter ] --END-- [ RunTime:0.000000s ]
INFO: [ app_end ] --START--
INFO: Run Behavior\ShowPageTraceBehavior [ RunTime:0.001000s ]
INFO: [ app_end ] --END-- [ RunTime:0.001000s ]

[ 2018-05-10T14:11:59+08:00 ] ::1 /qa/index.php?s=/Home/Questions/questionsList.html
INFO: [ app_init ] --START--
INFO: Run Behavior\BuildLiteBehavior [ RunTime:0.000000s ]
INFO: [ app_init ] --END-- [ RunTime:0.000000s ]
INFO: [ app_begin ] --START--
INFO: Run Behavior\ReadHtmlCacheBehavior [ RunTime:0.001001s ]
INFO: [ app_begin ] --END-- [ RunTime:0.001001s ]
SQL: SHOW COLUMNS FROM `qa_question_list` [ RunTime:0.0020s ]
SQL: SELECT COUNT(*) AS tp_count FROM qa_question_list l LEFT JOIN qa_question_answer a ON a.question_id=l.id  LIMIT 1   [ RunTime:0.0020s ]
NOTIC: [8] Undefined variable: prePage E:\phpStudy\PHPTutorial\WWW\QA\ThinkPHP\Library\Org\Util\Page.class.php 第 684 行.
NOTIC: [8] Undefined variable: nextPage E:\phpStudy\PHPTutorial\WWW\QA\ThinkPHP\Library\Org\Util\Page.class.php 第 684 行.
SQL: SELECT l.id,l.question_title,l.consultanter,l.add_time,l.status,l.is_robot_learning,l.admin_id,l.type_id,a.contents FROM qa_question_list l LEFT JOIN qa_question_answer a ON a.question_id=l.id  ORDER BY l.id desc LIMIT 0,20   [ RunTime:0.0040s ]
SQL: SHOW COLUMNS FROM `qa_admin` [ RunTime:0.0010s ]
SQL: SELECT `tname` FROM `qa_admin` WHERE ( id=0 ) LIMIT 1   [ RunTime:0.0010s ]
SQL: SHOW COLUMNS FROM `qa_question_type` [ RunTime:0.0010s ]
SQL: SELECT `type_name` FROM `qa_question_type` WHERE ( id=2839 ) LIMIT 1   [ RunTime:0.0000s ]
SQL: SELECT `tname` FROM `qa_admin` WHERE ( id=0 ) LIMIT 1   [ RunTime:0.0010s ]
SQL: SELECT `type_name` FROM `qa_question_type` WHERE ( id=2839 ) LIMIT 1   [ RunTime:0.0000s ]
SQL: SELECT `tname` FROM `qa_admin` WHERE ( id=0 ) LIMIT 1   [ RunTime:0.0000s ]
SQL: SELECT `type_name` FROM `qa_question_type` WHERE ( id=2839 ) LIMIT 1   [ RunTime:0.0000s ]
SQL: SELECT `tname` FROM `qa_admin` WHERE ( id=0 ) LIMIT 1   [ RunTime:0.0000s ]
SQL: SELECT `type_name` FROM `qa_question_type` WHERE ( id=2839 ) LIMIT 1   [ RunTime:0.0000s ]
SQL: SELECT `tname` FROM `qa_admin` WHERE ( id=0 ) LIMIT 1   [ RunTime:0.0000s ]
SQL: SELECT `type_name` FROM `qa_question_type` WHERE ( id=2837 ) LIMIT 1   [ RunTime:0.0000s ]
SQL: SELECT `tname` FROM `qa_admin` WHERE ( id=0 ) LIMIT 1   [ RunTime:0.0010s ]
SQL: SELECT `type_name` FROM `qa_question_type` WHERE ( id=2839 ) LIMIT 1   [ RunTime:0.0000s ]
SQL: SELECT `tname` FROM `qa_admin` WHERE ( id=0 ) LIMIT 1   [ RunTime:0.0000s ]
SQL: SELECT `type_name` FROM `qa_question_type` WHERE ( id=2839 ) LIMIT 1   [ RunTime:0.0010s ]
SQL: SELECT `tname` FROM `qa_admin` WHERE ( id=0 ) LIMIT 1   [ RunTime:0.0000s ]
SQL: SELECT `type_name` FROM `qa_question_type` WHERE ( id=2837 ) LIMIT 1   [ RunTime:0.0000s ]
SQL: SELECT `tname` FROM `qa_admin` WHERE ( id=0 ) LIMIT 1   [ RunTime:0.0000s ]
SQL: SELECT `type_name` FROM `qa_question_type` WHERE ( id=2839 ) LIMIT 1   [ RunTime:0.0000s ]
SQL: SELECT `tname` FROM `qa_admin` WHERE ( id=0 ) LIMIT 1   [ RunTime:0.0010s ]
SQL: SELECT `type_name` FROM `qa_question_type` WHERE ( id=2837 ) LIMIT 1   [ RunTime:0.0000s ]
SQL: SELECT `tname` FROM `qa_admin` WHERE ( id=0 ) LIMIT 1   [ RunTime:0.0000s ]
SQL: SELECT `type_name` FROM `qa_question_type` WHERE ( id=2837 ) LIMIT 1   [ RunTime:0.0010s ]
SQL: SELECT `tname` FROM `qa_admin` WHERE ( id=0 ) LIMIT 1   [ RunTime:0.0000s ]
SQL: SELECT `type_name` FROM `qa_question_type` WHERE ( id=2837 ) LIMIT 1   [ RunTime:0.0000s ]
SQL: SELECT `tname` FROM `qa_admin` WHERE ( id=0 ) LIMIT 1   [ RunTime:0.0000s ]
SQL: SELECT `type_name` FROM `qa_question_type` WHERE ( id=2837 ) LIMIT 1   [ RunTime:0.0000s ]
SQL: SELECT `tname` FROM `qa_admin` WHERE ( id=0 ) LIMIT 1   [ RunTime:0.0000s ]
SQL: SELECT `type_name` FROM `qa_question_type` WHERE ( id=2837 ) LIMIT 1   [ RunTime:0.0000s ]
SQL: SELECT `tname` FROM `qa_admin` WHERE ( id=0 ) LIMIT 1   [ RunTime:0.0010s ]
SQL: SELECT `type_name` FROM `qa_question_type` WHERE ( id=2839 ) LIMIT 1   [ RunTime:0.0000s ]
SQL: SELECT `tname` FROM `qa_admin` WHERE ( id=0 ) LIMIT 1   [ RunTime:0.0000s ]
SQL: SELECT `type_name` FROM `qa_question_type` WHERE ( id=2837 ) LIMIT 1   [ RunTime:0.0010s ]
SQL: SELECT `tname` FROM `qa_admin` WHERE ( id=0 ) LIMIT 1   [ RunTime:0.0000s ]
SQL: SELECT `type_name` FROM `qa_question_type` WHERE ( id=2839 ) LIMIT 1   [ RunTime:0.0000s ]
SQL: SELECT `tname` FROM `qa_admin` WHERE ( id=0 ) LIMIT 1   [ RunTime:0.0000s ]
SQL: SELECT `type_name` FROM `qa_question_type` WHERE ( id=2839 ) LIMIT 1   [ RunTime:0.0010s ]
SQL: SELECT `tname` FROM `qa_admin` WHERE ( id=0 ) LIMIT 1   [ RunTime:0.0000s ]
SQL: SELECT `type_name` FROM `qa_question_type` WHERE ( id=2837 ) LIMIT 1   [ RunTime:0.0000s ]
SQL: SELECT `tname` FROM `qa_admin` WHERE ( id=0 ) LIMIT 1   [ RunTime:0.0010s ]
SQL: SELECT `type_name` FROM `qa_question_type` WHERE ( id=2837 ) LIMIT 1   [ RunTime:0.0000s ]
INFO: [ view_parse ] --START--
INFO: [ template_filter ] --START--
INFO: Run Behavior\ContentReplaceBehavior [ RunTime:0.001000s ]
INFO: [ template_filter ] --END-- [ RunTime:0.001000s ]
INFO: Run Behavior\ParseTemplateBehavior [ RunTime:0.024002s ]
INFO: [ view_parse ] --END-- [ RunTime:0.024002s ]
INFO: [ view_filter ] --START--
INFO: Run Behavior\WriteHtmlCacheBehavior [ RunTime:0.000000s ]
INFO: [ view_filter ] --END-- [ RunTime:0.001000s ]
INFO: [ app_end ] --START--
INFO: Run Behavior\ShowPageTraceBehavior [ RunTime:0.001000s ]
INFO: [ app_end ] --END-- [ RunTime:0.001000s ]

[ 2018-05-10T14:12:00+08:00 ] ::1 /qa/index.php?s=/Home/Questions/questionsList.html
INFO: [ app_init ] --START--
INFO: Run Behavior\BuildLiteBehavior [ RunTime:0.000000s ]
INFO: [ app_init ] --END-- [ RunTime:0.001000s ]
INFO: [ app_begin ] --START--
INFO: Run Behavior\ReadHtmlCacheBehavior [ RunTime:0.001000s ]
INFO: [ app_begin ] --END-- [ RunTime:0.001000s ]
SQL: SHOW COLUMNS FROM `qa_question_list` [ RunTime:0.0020s ]
SQL: SELECT COUNT(*) AS tp_count FROM qa_question_list l LEFT JOIN qa_question_answer a ON a.question_id=l.id  LIMIT 1   [ RunTime:0.0020s ]
NOTIC: [8] Undefined variable: prePage E:\phpStudy\PHPTutorial\WWW\QA\ThinkPHP\Library\Org\Util\Page.class.php 第 684 行.
NOTIC: [8] Undefined variable: nextPage E:\phpStudy\PHPTutorial\WWW\QA\ThinkPHP\Library\Org\Util\Page.class.php 第 684 行.
SQL: SELECT l.id,l.question_title,l.consultanter,l.add_time,l.status,l.is_robot_learning,l.admin_id,l.type_id,a.contents FROM qa_question_list l LEFT JOIN qa_question_answer a ON a.question_id=l.id  ORDER BY l.id desc LIMIT 0,20   [ RunTime:0.0050s ]
SQL: SHOW COLUMNS FROM `qa_admin` [ RunTime:0.0020s ]
SQL: SELECT `tname` FROM `qa_admin` WHERE ( id=0 ) LIMIT 1   [ RunTime:0.0000s ]
SQL: SHOW COLUMNS FROM `qa_question_type` [ RunTime:0.0020s ]
SQL: SELECT `type_name` FROM `qa_question_type` WHERE ( id=2839 ) LIMIT 1   [ RunTime:0.0000s ]
SQL: SELECT `tname` FROM `qa_admin` WHERE ( id=0 ) LIMIT 1   [ RunTime:0.0010s ]
SQL: SELECT `type_name` FROM `qa_question_type` WHERE ( id=2839 ) LIMIT 1   [ RunTime:0.0000s ]
SQL: SELECT `tname` FROM `qa_admin` WHERE ( id=0 ) LIMIT 1   [ RunTime:0.0000s ]
SQL: SELECT `type_name` FROM `qa_question_type` WHERE ( id=2839 ) LIMIT 1   [ RunTime:0.0010s ]
SQL: SELECT `tname` FROM `qa_admin` WHERE ( id=0 ) LIMIT 1   [ RunTime:0.0000s ]
SQL: SELECT `type_name` FROM `qa_question_type` WHERE ( id=2839 ) LIMIT 1   [ RunTime:0.0010s ]
SQL: SELECT `tname` FROM `qa_admin` WHERE ( id=0 ) LIMIT 1   [ RunTime:0.0000s ]
SQL: SELECT `type_name` FROM `qa_question_type` WHERE ( id=2837 ) LIMIT 1   [ RunTime:0.0010s ]
SQL: SELECT `tname` FROM `qa_admin` WHERE ( id=0 ) LIMIT 1   [ RunTime:0.0000s ]
SQL: SELECT `type_name` FROM `qa_question_type` WHERE ( id=2839 ) LIMIT 1   [ RunTime:0.0000s ]
SQL: SELECT `tname` FROM `qa_admin` WHERE ( id=0 ) LIMIT 1   [ RunTime:0.0010s ]
SQL: SELECT `type_name` FROM `qa_question_type` WHERE ( id=2839 ) LIMIT 1   [ RunTime:0.0000s ]
SQL: SELECT `tname` FROM `qa_admin` WHERE ( id=0 ) LIMIT 1   [ RunTime:0.0000s ]
SQL: SELECT `type_name` FROM `qa_question_type` WHERE ( id=2837 ) LIMIT 1   [ RunTime:0.0010s ]
SQL: SELECT `tname` FROM `qa_admin` WHERE ( id=0 ) LIMIT 1   [ RunTime:0.0000s ]
SQL: SELECT `type_name` FROM `qa_question_type` WHERE ( id=2839 ) LIMIT 1   [ RunTime:0.0000s ]
SQL: SELECT `tname` FROM `qa_admin` WHERE ( id=0 ) LIMIT 1   [ RunTime:0.0010s ]
SQL: SELECT `type_name` FROM `qa_question_type` WHERE ( id=2837 ) LIMIT 1   [ RunTime:0.0000s ]
SQL: SELECT `tname` FROM `qa_admin` WHERE ( id=0 ) LIMIT 1   [ RunTime:0.0000s ]
SQL: SELECT `type_name` FROM `qa_question_type` WHERE ( id=2837 ) LIMIT 1   [ RunTime:0.0010s ]
SQL: SELECT `tname` FROM `qa_admin` WHERE ( id=0 ) LIMIT 1   [ RunTime:0.0000s ]
SQL: SELECT `type_name` FROM `qa_question_type` WHERE ( id=2837 ) LIMIT 1   [ RunTime:0.0000s ]
SQL: SELECT `tname` FROM `qa_admin` WHERE ( id=0 ) LIMIT 1   [ RunTime:0.0010s ]
SQL: SELECT `type_name` FROM `qa_question_type` WHERE ( id=2837 ) LIMIT 1   [ RunTime:0.0000s ]
SQL: SELECT `tname` FROM `qa_admin` WHERE ( id=0 ) LIMIT 1   [ RunTime:0.0000s ]
SQL: SELECT `type_name` FROM `qa_question_type` WHERE ( id=2837 ) LIMIT 1   [ RunTime:0.0010s ]
SQL: SELECT `tname` FROM `qa_admin` WHERE ( id=0 ) LIMIT 1   [ RunTime:0.0000s ]
SQL: SELECT `type_name` FROM `qa_question_type` WHERE ( id=2839 ) LIMIT 1   [ RunTime:0.0000s ]
SQL: SELECT `tname` FROM `qa_admin` WHERE ( id=0 ) LIMIT 1   [ RunTime:0.0010s ]
SQL: SELECT `type_name` FROM `qa_question_type` WHERE ( id=2837 ) LIMIT 1   [ RunTime:0.0000s ]
SQL: SELECT `tname` FROM `qa_admin` WHERE ( id=0 ) LIMIT 1   [ RunTime:0.0000s ]
SQL: SELECT `type_name` FROM `qa_question_type` WHERE ( id=2839 ) LIMIT 1   [ RunTime:0.0010s ]
SQL: SELECT `tname` FROM `qa_admin` WHERE ( id=0 ) LIMIT 1   [ RunTime:0.0000s ]
SQL: SELECT `type_name` FROM `qa_question_type` WHERE ( id=2839 ) LIMIT 1   [ RunTime:0.0000s ]
SQL: SELECT `tname` FROM `qa_admin` WHERE ( id=0 ) LIMIT 1   [ RunTime:0.0000s ]
SQL: SELECT `type_name` FROM `qa_question_type` WHERE ( id=2837 ) LIMIT 1   [ RunTime:0.0000s ]
SQL: SELECT `tname` FROM `qa_admin` WHERE ( id=0 ) LIMIT 1   [ RunTime:0.0010s ]
SQL: SELECT `type_name` FROM `qa_question_type` WHERE ( id=2837 ) LIMIT 1   [ RunTime:0.0000s ]
INFO: [ view_parse ] --START--
INFO: [ template_filter ] --START--
INFO: Run Behavior\ContentReplaceBehavior [ RunTime:0.000000s ]
INFO: [ template_filter ] --END-- [ RunTime:0.000000s ]
INFO: Run Behavior\ParseTemplateBehavior [ RunTime:0.016001s ]
INFO: [ view_parse ] --END-- [ RunTime:0.016001s ]
INFO: [ view_filter ] --START--
INFO: Run Behavior\WriteHtmlCacheBehavior [ RunTime:0.001000s ]
INFO: [ view_filter ] --END-- [ RunTime:0.001000s ]
INFO: [ app_end ] --START--
INFO: Run Behavior\ShowPageTraceBehavior [ RunTime:0.001000s ]
INFO: [ app_end ] --END-- [ RunTime:0.001000s ]

[ 2018-05-10T14:12:01+08:00 ] ::1 /qa/index.php?s=/Home/Questions/questionsList.html
INFO: [ app_init ] --START--
INFO: Run Behavior\BuildLiteBehavior [ RunTime:0.000000s ]
INFO: [ app_init ] --END-- [ RunTime:0.000000s ]
INFO: [ app_begin ] --START--
INFO: Run Behavior\ReadHtmlCacheBehavior [ RunTime:0.001001s ]
INFO: [ app_begin ] --END-- [ RunTime:0.001001s ]
SQL: SHOW COLUMNS FROM `qa_question_list` [ RunTime:0.0020s ]
SQL: SELECT COUNT(*) AS tp_count FROM qa_question_list l LEFT JOIN qa_question_answer a ON a.question_id=l.id  LIMIT 1   [ RunTime:0.0020s ]
NOTIC: [8] Undefined variable: prePage E:\phpStudy\PHPTutorial\WWW\QA\ThinkPHP\Library\Org\Util\Page.class.php 第 684 行.
NOTIC: [8] Undefined variable: nextPage E:\phpStudy\PHPTutorial\WWW\QA\ThinkPHP\Library\Org\Util\Page.class.php 第 684 行.
SQL: SELECT l.id,l.question_title,l.consultanter,l.add_time,l.status,l.is_robot_learning,l.admin_id,l.type_id,a.contents FROM qa_question_list l LEFT JOIN qa_question_answer a ON a.question_id=l.id  ORDER BY l.id desc LIMIT 0,20   [ RunTime:0.0040s ]
SQL: SHOW COLUMNS FROM `qa_admin` [ RunTime:0.0010s ]
SQL: SELECT `tname` FROM `qa_admin` WHERE ( id=0 ) LIMIT 1   [ RunTime:0.0010s ]
SQL: SHOW COLUMNS FROM `qa_question_type` [ RunTime:0.0010s ]
SQL: SELECT `type_name` FROM `qa_question_type` WHERE ( id=2839 ) LIMIT 1   [ RunTime:0.0010s ]
SQL: SELECT `tname` FROM `qa_admin` WHERE ( id=0 ) LIMIT 1   [ RunTime:0.0000s ]
SQL: SELECT `type_name` FROM `qa_question_type` WHERE ( id=2839 ) LIMIT 1   [ RunTime:0.0000s ]
SQL: SELECT `tname` FROM `qa_admin` WHERE ( id=0 ) LIMIT 1   [ RunTime:0.0010s ]
SQL: SELECT `type_name` FROM `qa_question_type` WHERE ( id=2839 ) LIMIT 1   [ RunTime:0.0000s ]
SQL: SELECT `tname` FROM `qa_admin` WHERE ( id=0 ) LIMIT 1   [ RunTime:0.0000s ]
SQL: SELECT `type_name` FROM `qa_question_type` WHERE ( id=2839 ) LIMIT 1   [ RunTime:0.0010s ]
SQL: SELECT `tname` FROM `qa_admin` WHERE ( id=0 ) LIMIT 1   [ RunTime:0.0000s ]
SQL: SELECT `type_name` FROM `qa_question_type` WHERE ( id=2837 ) LIMIT 1   [ RunTime:0.0000s ]
SQL: SELECT `tname` FROM `qa_admin` WHERE ( id=0 ) LIMIT 1   [ RunTime:0.0000s ]
SQL: SELECT `type_name` FROM `qa_question_type` WHERE ( id=2839 ) LIMIT 1   [ RunTime:0.0000s ]
SQL: SELECT `tname` FROM `qa_admin` WHERE ( id=0 ) LIMIT 1   [ RunTime:0.0010s ]
SQL: SELECT `type_name` FROM `qa_question_type` WHERE ( id=2839 ) LIMIT 1   [ RunTime:0.0000s ]
SQL: SELECT `tname` FROM `qa_admin` WHERE ( id=0 ) LIMIT 1   [ RunTime:0.0000s ]
SQL: SELECT `type_name` FROM `qa_question_type` WHERE ( id=2837 ) LIMIT 1   [ RunTime:0.0010s ]
SQL: SELECT `tname` FROM `qa_admin` WHERE ( id=0 ) LIMIT 1   [ RunTime:0.0000s ]
SQL: SELECT `type_name` FROM `qa_question_type` WHERE ( id=2839 ) LIMIT 1   [ RunTime:0.0000s ]
SQL: SELECT `tname` FROM `qa_admin` WHERE ( id=0 ) LIMIT 1   [ RunTime:0.0010s ]
SQL: SELECT `type_name` FROM `qa_question_type` WHERE ( id=2837 ) LIMIT 1   [ RunTime:0.0000s ]
SQL: SELECT `tname` FROM `qa_admin` WHERE ( id=0 ) LIMIT 1   [ RunTime:0.0000s ]
SQL: SELECT `type_name` FROM `qa_question_type` WHERE ( id=2837 ) LIMIT 1   [ RunTime:0.0010s ]
SQL: SELECT `tname` FROM `qa_admin` WHERE ( id=0 ) LIMIT 1   [ RunTime:0.0000s ]
SQL: SELECT `type_name` FROM `qa_question_type` WHERE ( id=2837 ) LIMIT 1   [ RunTime:0.0000s ]
SQL: SELECT `tname` FROM `qa_admin` WHERE ( id=0 ) LIMIT 1   [ RunTime:0.0010s ]
SQL: SELECT `type_name` FROM `qa_question_type` WHERE ( id=2837 ) LIMIT 1   [ RunTime:0.0000s ]
SQL: SELECT `tname` FROM `qa_admin` WHERE ( id=0 ) LIMIT 1   [ RunTime:0.0000s ]
SQL: SELECT `type_name` FROM `qa_question_type` WHERE ( id=2837 ) LIMIT 1   [ RunTime:0.0010s ]
SQL: SELECT `tname` FROM `qa_admin` WHERE ( id=0 ) LIMIT 1   [ RunTime:0.0000s ]
SQL: SELECT `type_name` FROM `qa_question_type` WHERE ( id=2839 ) LIMIT 1   [ RunTime:0.0000s ]
SQL: SELECT `tname` FROM `qa_admin` WHERE ( id=0 ) LIMIT 1   [ RunTime:0.0010s ]
SQL: SELECT `type_name` FROM `qa_question_type` WHERE ( id=2837 ) LIMIT 1   [ RunTime:0.0000s ]
SQL: SELECT `tname` FROM `qa_admin` WHERE ( id=0 ) LIMIT 1   [ RunTime:0.0000s ]
SQL: SELECT `type_name` FROM `qa_question_type` WHERE ( id=2839 ) LIMIT 1   [ RunTime:0.0010s ]
SQL: SELECT `tname` FROM `qa_admin` WHERE ( id=0 ) LIMIT 1   [ RunTime:0.0000s ]
SQL: SELECT `type_name` FROM `qa_question_type` WHERE ( id=2839 ) LIMIT 1   [ RunTime:0.0000s ]
SQL: SELECT `tname` FROM `qa_admin` WHERE ( id=0 ) LIMIT 1   [ RunTime:0.0010s ]
SQL: SELECT `type_name` FROM `qa_question_type` WHERE ( id=2837 ) LIMIT 1   [ RunTime:0.0000s ]
SQL: SELECT `tname` FROM `qa_admin` WHERE ( id=0 ) LIMIT 1   [ RunTime:0.0000s ]
SQL: SELECT `type_name` FROM `qa_question_type` WHERE ( id=2837 ) LIMIT 1   [ RunTime:0.0010s ]
INFO: [ view_parse ] --START--
INFO: [ template_filter ] --START--
INFO: Run Behavior\ContentReplaceBehavior [ RunTime:0.000000s ]
INFO: [ template_filter ] --END-- [ RunTime:0.000000s ]
INFO: Run Behavior\ParseTemplateBehavior [ RunTime:0.015001s ]
INFO: [ view_parse ] --END-- [ RunTime:0.015001s ]
INFO: [ view_filter ] --START--
INFO: Run Behavior\WriteHtmlCacheBehavior [ RunTime:0.000000s ]
INFO: [ view_filter ] --END-- [ RunTime:0.000000s ]
INFO: [ app_end ] --START--
INFO: Run Behavior\ShowPageTraceBehavior [ RunTime:0.001000s ]
INFO: [ app_end ] --END-- [ RunTime:0.001000s ]

[ 2018-05-10T14:12:02+08:00 ] ::1 /qa/index.php?s=/Home/Questions/questionsList.html
INFO: [ app_init ] --START--
INFO: Run Behavior\BuildLiteBehavior [ RunTime:0.000000s ]
INFO: [ app_init ] --END-- [ RunTime:0.001000s ]
INFO: [ app_begin ] --START--
INFO: Run Behavior\ReadHtmlCacheBehavior [ RunTime:0.001000s ]
INFO: [ app_begin ] --END-- [ RunTime:0.001000s ]
SQL: SHOW COLUMNS FROM `qa_question_list` [ RunTime:0.0020s ]
SQL: SELECT COUNT(*) AS tp_count FROM qa_question_list l LEFT JOIN qa_question_answer a ON a.question_id=l.id  LIMIT 1   [ RunTime:0.0010s ]
NOTIC: [8] Undefined variable: prePage E:\phpStudy\PHPTutorial\WWW\QA\ThinkPHP\Library\Org\Util\Page.class.php 第 684 行.
NOTIC: [8] Undefined variable: nextPage E:\phpStudy\PHPTutorial\WWW\QA\ThinkPHP\Library\Org\Util\Page.class.php 第 684 行.
SQL: SELECT l.id,l.question_title,l.consultanter,l.add_time,l.status,l.is_robot_learning,l.admin_id,l.type_id,a.contents FROM qa_question_list l LEFT JOIN qa_question_answer a ON a.question_id=l.id  ORDER BY l.id desc LIMIT 0,20   [ RunTime:0.0050s ]
SQL: SHOW COLUMNS FROM `qa_admin` [ RunTime:0.0020s ]
SQL: SELECT `tname` FROM `qa_admin` WHERE ( id=0 ) LIMIT 1   [ RunTime:0.0000s ]
SQL: SHOW COLUMNS FROM `qa_question_type` [ RunTime:0.0020s ]
SQL: SELECT `type_name` FROM `qa_question_type` WHERE ( id=2839 ) LIMIT 1   [ RunTime:0.0000s ]
SQL: SELECT `tname` FROM `qa_admin` WHERE ( id=0 ) LIMIT 1   [ RunTime:0.0010s ]
SQL: SELECT `type_name` FROM `qa_question_type` WHERE ( id=2839 ) LIMIT 1   [ RunTime:0.0000s ]
SQL: SELECT `tname` FROM `qa_admin` WHERE ( id=0 ) LIMIT 1   [ RunTime:0.0000s ]
SQL: SELECT `type_name` FROM `qa_question_type` WHERE ( id=2839 ) LIMIT 1   [ RunTime:0.0010s ]
SQL: SELECT `tname` FROM `qa_admin` WHERE ( id=0 ) LIMIT 1   [ RunTime:0.0000s ]
SQL: SELECT `type_name` FROM `qa_question_type` WHERE ( id=2839 ) LIMIT 1   [ RunTime:0.0000s ]
SQL: SELECT `tname` FROM `qa_admin` WHERE ( id=0 ) LIMIT 1   [ RunTime:0.0000s ]
SQL: SELECT `type_name` FROM `qa_question_type` WHERE ( id=2837 ) LIMIT 1   [ RunTime:0.0000s ]
SQL: SELECT `tname` FROM `qa_admin` WHERE ( id=0 ) LIMIT 1   [ RunTime:0.0000s ]
SQL: SELECT `type_name` FROM `qa_question_type` WHERE ( id=2839 ) LIMIT 1   [ RunTime:0.0000s ]
SQL: SELECT `tname` FROM `qa_admin` WHERE ( id=0 ) LIMIT 1   [ RunTime:0.0000s ]
SQL: SELECT `type_name` FROM `qa_question_type` WHERE ( id=2839 ) LIMIT 1   [ RunTime:0.0010s ]
SQL: SELECT `tname` FROM `qa_admin` WHERE ( id=0 ) LIMIT 1   [ RunTime:0.0000s ]
SQL: SELECT `type_name` FROM `qa_question_type` WHERE ( id=2837 ) LIMIT 1   [ RunTime:0.0000s ]
SQL: SELECT `tname` FROM `qa_admin` WHERE ( id=0 ) LIMIT 1   [ RunTime:0.0000s ]
SQL: SELECT `type_name` FROM `qa_question_type` WHERE ( id=2839 ) LIMIT 1   [ RunTime:0.0000s ]
SQL: SELECT `tname` FROM `qa_admin` WHERE ( id=0 ) LIMIT 1   [ RunTime:0.0010s ]
SQL: SELECT `type_name` FROM `qa_question_type` WHERE ( id=2837 ) LIMIT 1   [ RunTime:0.0000s ]
SQL: SELECT `tname` FROM `qa_admin` WHERE ( id=0 ) LIMIT 1   [ RunTime:0.0000s ]
SQL: SELECT `type_name` FROM `qa_question_type` WHERE ( id=2837 ) LIMIT 1   [ RunTime:0.0010s ]
SQL: SELECT `tname` FROM `qa_admin` WHERE ( id=0 ) LIMIT 1   [ RunTime:0.0000s ]
SQL: SELECT `type_name` FROM `qa_question_type` WHERE ( id=2837 ) LIMIT 1   [ RunTime:0.0000s ]
SQL: SELECT `tname` FROM `qa_admin` WHERE ( id=0 ) LIMIT 1   [ RunTime:0.0010s ]
SQL: SELECT `type_name` FROM `qa_question_type` WHERE ( id=2837 ) LIMIT 1   [ RunTime:0.0000s ]
SQL: SELECT `tname` FROM `qa_admin` WHERE ( id=0 ) LIMIT 1   [ RunTime:0.0000s ]
SQL: SELECT `type_name` FROM `qa_question_type` WHERE ( id=2837 ) LIMIT 1   [ RunTime:0.0000s ]
SQL: SELECT `tname` FROM `qa_admin` WHERE ( id=0 ) LIMIT 1   [ RunTime:0.0000s ]
SQL: SELECT `type_name` FROM `qa_question_type` WHERE ( id=2839 ) LIMIT 1   [ RunTime:0.0010s ]
SQL: SELECT `tname` FROM `qa_admin` WHERE ( id=0 ) LIMIT 1   [ RunTime:0.0000s ]
SQL: SELECT `type_name` FROM `qa_question_type` WHERE ( id=2837 ) LIMIT 1   [ RunTime:0.0000s ]
SQL: SELECT `tname` FROM `qa_admin` WHERE ( id=0 ) LIMIT 1   [ RunTime:0.0010s ]
SQL: SELECT `type_name` FROM `qa_question_type` WHERE ( id=2839 ) LIMIT 1   [ RunTime:0.0000s ]
SQL: SELECT `tname` FROM `qa_admin` WHERE ( id=0 ) LIMIT 1   [ RunTime:0.0000s ]
SQL: SELECT `type_name` FROM `qa_question_type` WHERE ( id=2839 ) LIMIT 1   [ RunTime:0.0000s ]
SQL: SELECT `tname` FROM `qa_admin` WHERE ( id=0 ) LIMIT 1   [ RunTime:0.0000s ]
SQL: SELECT `type_name` FROM `qa_question_type` WHERE ( id=2837 ) LIMIT 1   [ RunTime:0.0010s ]
SQL: SELECT `tname` FROM `qa_admin` WHERE ( id=0 ) LIMIT 1   [ RunTime:0.0000s ]
SQL: SELECT `type_name` FROM `qa_question_type` WHERE ( id=2837 ) LIMIT 1   [ RunTime:0.0000s ]
INFO: [ view_parse ] --START--
INFO: [ template_filter ] --START--
INFO: Run Behavior\ContentReplaceBehavior [ RunTime:0.000000s ]
INFO: [ template_filter ] --END-- [ RunTime:0.000000s ]
INFO: Run Behavior\ParseTemplateBehavior [ RunTime:0.018001s ]
INFO: [ view_parse ] --END-- [ RunTime:0.018001s ]
INFO: [ view_filter ] --START--
INFO: Run Behavior\WriteHtmlCacheBehavior [ RunTime:0.000000s ]
INFO: [ view_filter ] --END-- [ RunTime:0.000000s ]
INFO: [ app_end ] --START--
INFO: Run Behavior\ShowPageTraceBehavior [ RunTime:0.001001s ]
INFO: [ app_end ] --END-- [ RunTime:0.001001s ]

[ 2018-05-10T15:24:23+08:00 ] ::1 /qa/index.php?s=/Home/Robot/studyLog/lid/1.html
INFO: [ app_init ] --START--
INFO: Run Behavior\BuildLiteBehavior [ RunTime:0.000000s ]
INFO: [ app_init ] --END-- [ RunTime:0.001000s ]
INFO: [ app_begin ] --START--
INFO: Run Behavior\ReadHtmlCacheBehavior [ RunTime:0.000000s ]
INFO: [ app_begin ] --END-- [ RunTime:0.000000s ]
SQL: SHOW COLUMNS FROM `qa_robot_study_article_log` [ RunTime:0.0010s ]
SQL: SELECT COUNT(*) AS tp_count FROM `qa_robot_study_article_log` LIMIT 1   [ RunTime:0.0000s ]
NOTIC: [8] Undefined variable: prePage E:\phpStudy\PHPTutorial\WWW\QA\ThinkPHP\Library\Org\Util\Page.class.php 第 684 行.
NOTIC: [8] Undefined variable: nextPage E:\phpStudy\PHPTutorial\WWW\QA\ThinkPHP\Library\Org\Util\Page.class.php 第 684 行.
SQL: SELECT * FROM `qa_robot_study_article_log` ORDER BY id desc LIMIT 0,30   [ RunTime:0.0010s ]
INFO: [ view_parse ] --START--
INFO: [ template_filter ] --START--
INFO: Run Behavior\ContentReplaceBehavior [ RunTime:0.000000s ]
INFO: [ template_filter ] --END-- [ RunTime:0.000000s ]
INFO: Run Behavior\ParseTemplateBehavior [ RunTime:0.021002s ]
INFO: [ view_parse ] --END-- [ RunTime:0.021002s ]
INFO: [ view_filter ] --START--
INFO: Run Behavior\WriteHtmlCacheBehavior [ RunTime:0.000000s ]
INFO: [ view_filter ] --END-- [ RunTime:0.000000s ]
INFO: [ app_end ] --START--
INFO: Run Behavior\ShowPageTraceBehavior [ RunTime:0.001000s ]
INFO: [ app_end ] --END-- [ RunTime:0.001000s ]

[ 2018-05-10T15:24:27+08:00 ] ::1 /qa/index.php?s=/Home/Robot/studyLog/lid/1.html
INFO: [ app_init ] --START--
INFO: Run Behavior\BuildLiteBehavior [ RunTime:0.000000s ]
INFO: [ app_init ] --END-- [ RunTime:0.001000s ]
INFO: [ app_begin ] --START--
INFO: Run Behavior\ReadHtmlCacheBehavior [ RunTime:0.001001s ]
INFO: [ app_begin ] --END-- [ RunTime:0.001001s ]
SQL: SHOW COLUMNS FROM `qa_robot_study_article_log` [ RunTime:0.0010s ]
SQL: SELECT COUNT(*) AS tp_count FROM `qa_robot_study_article_log` LIMIT 1   [ RunTime:0.0000s ]
NOTIC: [8] Undefined variable: prePage E:\phpStudy\PHPTutorial\WWW\QA\ThinkPHP\Library\Org\Util\Page.class.php 第 684 行.
NOTIC: [8] Undefined variable: nextPage E:\phpStudy\PHPTutorial\WWW\QA\ThinkPHP\Library\Org\Util\Page.class.php 第 684 行.
SQL: SELECT * FROM `qa_robot_study_article_log` ORDER BY id desc LIMIT 0,30   [ RunTime:0.0010s ]
INFO: [ view_parse ] --START--
INFO: [ template_filter ] --START--
INFO: Run Behavior\ContentReplaceBehavior [ RunTime:0.001000s ]
INFO: [ template_filter ] --END-- [ RunTime:0.001000s ]
INFO: Run Behavior\ParseTemplateBehavior [ RunTime:0.013001s ]
INFO: [ view_parse ] --END-- [ RunTime:0.013001s ]
INFO: [ view_filter ] --START--
INFO: Run Behavior\WriteHtmlCacheBehavior [ RunTime:0.000000s ]
INFO: [ view_filter ] --END-- [ RunTime:0.000000s ]
INFO: [ app_end ] --START--
INFO: Run Behavior\ShowPageTraceBehavior [ RunTime:0.001000s ]
INFO: [ app_end ] --END-- [ RunTime:0.001000s ]

[ 2018-05-10T15:24:28+08:00 ] ::1 /qa/index.php?s=/Home/Robot/studyLog/lid/1.html
INFO: [ app_init ] --START--
INFO: Run Behavior\BuildLiteBehavior [ RunTime:0.000000s ]
INFO: [ app_init ] --END-- [ RunTime:0.001000s ]
INFO: [ app_begin ] --START--
INFO: Run Behavior\ReadHtmlCacheBehavior [ RunTime:0.001000s ]
INFO: [ app_begin ] --END-- [ RunTime:0.001000s ]
SQL: SHOW COLUMNS FROM `qa_robot_study_article_log` [ RunTime:0.0010s ]
SQL: SELECT COUNT(*) AS tp_count FROM `qa_robot_study_article_log` LIMIT 1   [ RunTime:0.0000s ]
NOTIC: [8] Undefined variable: prePage E:\phpStudy\PHPTutorial\WWW\QA\ThinkPHP\Library\Org\Util\Page.class.php 第 684 行.
NOTIC: [8] Undefined variable: nextPage E:\phpStudy\PHPTutorial\WWW\QA\ThinkPHP\Library\Org\Util\Page.class.php 第 684 行.
SQL: SELECT * FROM `qa_robot_study_article_log` ORDER BY id desc LIMIT 0,30   [ RunTime:0.0010s ]
INFO: [ view_parse ] --START--
INFO: [ template_filter ] --START--
INFO: Run Behavior\ContentReplaceBehavior [ RunTime:0.000000s ]
INFO: [ template_filter ] --END-- [ RunTime:0.000000s ]
INFO: Run Behavior\ParseTemplateBehavior [ RunTime:0.012001s ]
INFO: [ view_parse ] --END-- [ RunTime:0.012001s ]
INFO: [ view_filter ] --START--
INFO: Run Behavior\WriteHtmlCacheBehavior [ RunTime:0.001000s ]
INFO: [ view_filter ] --END-- [ RunTime:0.001000s ]
INFO: [ app_end ] --START--
INFO: Run Behavior\ShowPageTraceBehavior [ RunTime:0.001000s ]
INFO: [ app_end ] --END-- [ RunTime:0.001000s ]

[ 2018-05-10T16:04:00+08:00 ] ::1 /qa/index.php?s=/Home/Robot/studyLog/lid/1.html
INFO: [ app_init ] --START--
INFO: Run Behavior\BuildLiteBehavior [ RunTime:0.000000s ]
INFO: [ app_init ] --END-- [ RunTime:0.001000s ]
INFO: [ app_begin ] --START--
INFO: Run Behavior\ReadHtmlCacheBehavior [ RunTime:0.000000s ]
INFO: [ app_begin ] --END-- [ RunTime:0.000000s ]
SQL: SHOW COLUMNS FROM `qa_robot_study_article_log` [ RunTime:0.0020s ]
SQL: SELECT COUNT(*) AS tp_count FROM `qa_robot_study_article_log` LIMIT 1   [ RunTime:0.0000s ]
NOTIC: [8] Undefined variable: prePage E:\phpStudy\PHPTutorial\WWW\QA\ThinkPHP\Library\Org\Util\Page.class.php 第 684 行.
NOTIC: [8] Undefined variable: nextPage E:\phpStudy\PHPTutorial\WWW\QA\ThinkPHP\Library\Org\Util\Page.class.php 第 684 行.
SQL: SELECT * FROM `qa_robot_study_article_log` ORDER BY id desc LIMIT 0,30   [ RunTime:0.0010s ]
INFO: [ view_parse ] --START--
INFO: [ template_filter ] --START--
INFO: Run Behavior\ContentReplaceBehavior [ RunTime:0.000000s ]
INFO: [ template_filter ] --END-- [ RunTime:0.000000s ]
INFO: Run Behavior\ParseTemplateBehavior [ RunTime:0.021001s ]
INFO: [ view_parse ] --END-- [ RunTime:0.021001s ]
INFO: [ view_filter ] --START--
INFO: Run Behavior\WriteHtmlCacheBehavior [ RunTime:0.001000s ]
INFO: [ view_filter ] --END-- [ RunTime:0.001000s ]
INFO: [ app_end ] --START--
INFO: Run Behavior\ShowPageTraceBehavior [ RunTime:0.001000s ]
INFO: [ app_end ] --END-- [ RunTime:0.001000s ]

[ 2018-05-10T16:04:01+08:00 ] ::1 /qa/index.php?s=/Home/Robot/studyLog/lid/1.html
INFO: [ app_init ] --START--
INFO: Run Behavior\BuildLiteBehavior [ RunTime:0.000000s ]
INFO: [ app_init ] --END-- [ RunTime:0.000000s ]
INFO: [ app_begin ] --START--
INFO: Run Behavior\ReadHtmlCacheBehavior [ RunTime:0.000000s ]
INFO: [ app_begin ] --END-- [ RunTime:0.000000s ]
SQL: SHOW COLUMNS FROM `qa_robot_study_article_log` [ RunTime:0.0020s ]
SQL: SELECT COUNT(*) AS tp_count FROM `qa_robot_study_article_log` LIMIT 1   [ RunTime:0.0000s ]
NOTIC: [8] Undefined variable: prePage E:\phpStudy\PHPTutorial\WWW\QA\ThinkPHP\Library\Org\Util\Page.class.php 第 684 行.
NOTIC: [8] Undefined variable: nextPage E:\phpStudy\PHPTutorial\WWW\QA\ThinkPHP\Library\Org\Util\Page.class.php 第 684 行.
SQL: SELECT * FROM `qa_robot_study_article_log` ORDER BY id desc LIMIT 0,30   [ RunTime:0.0010s ]
INFO: [ view_parse ] --START--
INFO: [ template_filter ] --START--
INFO: Run Behavior\ContentReplaceBehavior [ RunTime:0.000000s ]
INFO: [ template_filter ] --END-- [ RunTime:0.000000s ]
INFO: Run Behavior\ParseTemplateBehavior [ RunTime:0.013001s ]
INFO: [ view_parse ] --END-- [ RunTime:0.013001s ]
INFO: [ view_filter ] --START--
INFO: Run Behavior\WriteHtmlCacheBehavior [ RunTime:0.001000s ]
INFO: [ view_filter ] --END-- [ RunTime:0.001000s ]
INFO: [ app_end ] --START--
INFO: Run Behavior\ShowPageTraceBehavior [ RunTime:0.001000s ]
INFO: [ app_end ] --END-- [ RunTime:0.001000s ]

[ 2018-05-10T16:04:02+08:00 ] ::1 /qa/index.php?s=/Home/Robot/studyLog/lid/1.html
INFO: [ app_init ] --START--
INFO: Run Behavior\BuildLiteBehavior [ RunTime:0.000000s ]
INFO: [ app_init ] --END-- [ RunTime:0.001000s ]
INFO: [ app_begin ] --START--
INFO: Run Behavior\ReadHtmlCacheBehavior [ RunTime:0.001000s ]
INFO: [ app_begin ] --END-- [ RunTime:0.001000s ]
SQL: SHOW COLUMNS FROM `qa_robot_study_article_log` [ RunTime:0.0010s ]
SQL: SELECT COUNT(*) AS tp_count FROM `qa_robot_study_article_log` LIMIT 1   [ RunTime:0.0010s ]
NOTIC: [8] Undefined variable: prePage E:\phpStudy\PHPTutorial\WWW\QA\ThinkPHP\Library\Org\Util\Page.class.php 第 684 行.
NOTIC: [8] Undefined variable: nextPage E:\phpStudy\PHPTutorial\WWW\QA\ThinkPHP\Library\Org\Util\Page.class.php 第 684 行.
SQL: SELECT * FROM `qa_robot_study_article_log` ORDER BY id desc LIMIT 0,30   [ RunTime:0.0010s ]
INFO: [ view_parse ] --START--
INFO: [ template_filter ] --START--
INFO: Run Behavior\ContentReplaceBehavior [ RunTime:0.000000s ]
INFO: [ template_filter ] --END-- [ RunTime:0.000000s ]
INFO: Run Behavior\ParseTemplateBehavior [ RunTime:0.014001s ]
INFO: [ view_parse ] --END-- [ RunTime:0.014001s ]
INFO: [ view_filter ] --START--
INFO: Run Behavior\WriteHtmlCacheBehavior [ RunTime:0.000000s ]
INFO: [ view_filter ] --END-- [ RunTime:0.000000s ]
INFO: [ app_end ] --START--
INFO: Run Behavior\ShowPageTraceBehavior [ RunTime:0.001000s ]
INFO: [ app_end ] --END-- [ RunTime:0.001000s ]

[ 2018-05-10T16:04:04+08:00 ] ::1 /qa/index.php?s=/Home/Robot/studyLog/lid/1.html
INFO: [ app_init ] --START--
INFO: Run Behavior\BuildLiteBehavior [ RunTime:0.000000s ]
INFO: [ app_init ] --END-- [ RunTime:0.000000s ]
INFO: [ app_begin ] --START--
INFO: Run Behavior\ReadHtmlCacheBehavior [ RunTime:0.000000s ]
INFO: [ app_begin ] --END-- [ RunTime:0.000000s ]
SQL: SHOW COLUMNS FROM `qa_robot_study_article_log` [ RunTime:0.0020s ]
SQL: SELECT COUNT(*) AS tp_count FROM `qa_robot_study_article_log` LIMIT 1   [ RunTime:0.0000s ]
NOTIC: [8] Undefined variable: prePage E:\phpStudy\PHPTutorial\WWW\QA\ThinkPHP\Library\Org\Util\Page.class.php 第 684 行.
NOTIC: [8] Undefined variable: nextPage E:\phpStudy\PHPTutorial\WWW\QA\ThinkPHP\Library\Org\Util\Page.class.php 第 684 行.
SQL: SELECT * FROM `qa_robot_study_article_log` ORDER BY id desc LIMIT 0,30   [ RunTime:0.0010s ]
INFO: [ view_parse ] --START--
INFO: [ template_filter ] --START--
INFO: Run Behavior\ContentReplaceBehavior [ RunTime:0.001000s ]
INFO: [ template_filter ] --END-- [ RunTime:0.001000s ]
INFO: Run Behavior\ParseTemplateBehavior [ RunTime:0.012000s ]
INFO: [ view_parse ] --END-- [ RunTime:0.012000s ]
INFO: [ view_filter ] --START--
INFO: Run Behavior\WriteHtmlCacheBehavior [ RunTime:0.001000s ]
INFO: [ view_filter ] --END-- [ RunTime:0.001000s ]
INFO: [ app_end ] --START--
INFO: Run Behavior\ShowPageTraceBehavior [ RunTime:0.001000s ]
INFO: [ app_end ] --END-- [ RunTime:0.001000s ]

[ 2018-05-10T16:17:07+08:00 ] ::1 /qa/index.php?s=/Home/Robot/studyLog/lid/1.html
INFO: [ app_init ] --START--
INFO: Run Behavior\BuildLiteBehavior [ RunTime:0.000000s ]
INFO: [ app_init ] --END-- [ RunTime:0.001000s ]
INFO: [ app_begin ] --START--
INFO: Run Behavior\ReadHtmlCacheBehavior [ RunTime:0.001000s ]
INFO: [ app_begin ] --END-- [ RunTime:0.001000s ]
SQL: SHOW COLUMNS FROM `qa_robot_study_article_log` [ RunTime:0.0020s ]
SQL: SELECT COUNT(*) AS tp_count FROM `qa_robot_study_article_log` LIMIT 1   [ RunTime:0.0000s ]
NOTIC: [8] Undefined variable: prePage E:\phpStudy\PHPTutorial\WWW\QA\ThinkPHP\Library\Org\Util\Page.class.php 第 684 行.
NOTIC: [8] Undefined variable: nextPage E:\phpStudy\PHPTutorial\WWW\QA\ThinkPHP\Library\Org\Util\Page.class.php 第 684 行.
SQL: SELECT * FROM `qa_robot_study_article_log` ORDER BY id desc LIMIT 0,30   [ RunTime:0.0010s ]
INFO: [ view_parse ] --START--
INFO: [ template_filter ] --START--
INFO: Run Behavior\ContentReplaceBehavior [ RunTime:0.000000s ]
INFO: [ template_filter ] --END-- [ RunTime:0.000000s ]
INFO: Run Behavior\ParseTemplateBehavior [ RunTime:0.021001s ]
INFO: [ view_parse ] --END-- [ RunTime:0.021001s ]
INFO: [ view_filter ] --START--
INFO: Run Behavior\WriteHtmlCacheBehavior [ RunTime:0.000000s ]
INFO: [ view_filter ] --END-- [ RunTime:0.000000s ]
INFO: [ app_end ] --START--
INFO: Run Behavior\ShowPageTraceBehavior [ RunTime:0.001000s ]
INFO: [ app_end ] --END-- [ RunTime:0.001000s ]

[ 2018-05-10T16:17:14+08:00 ] ::1 /qa/index.php?s=/Home/Robot/studyLog.html
INFO: [ app_init ] --START--
INFO: Run Behavior\BuildLiteBehavior [ RunTime:0.000000s ]
INFO: [ app_init ] --END-- [ RunTime:0.000000s ]
INFO: [ app_begin ] --START--
INFO: Run Behavior\ReadHtmlCacheBehavior [ RunTime:0.000000s ]
INFO: [ app_begin ] --END-- [ RunTime:0.000000s ]
SQL: SHOW COLUMNS FROM `qa_robot_study_log` [ RunTime:0.0300s ]
SQL: SELECT COUNT(*) AS tp_count FROM `qa_robot_study_log` LIMIT 1   [ RunTime:0.0010s ]
NOTIC: [8] Undefined variable: prePage E:\phpStudy\PHPTutorial\WWW\QA\ThinkPHP\Library\Org\Util\Page.class.php 第 684 行.
NOTIC: [8] Undefined variable: nextPage E:\phpStudy\PHPTutorial\WWW\QA\ThinkPHP\Library\Org\Util\Page.class.php 第 684 行.
SQL: SELECT * FROM `qa_robot_study_log` ORDER BY id desc LIMIT 0,30   [ RunTime:0.0010s ]
INFO: [ view_parse ] --START--
INFO: [ template_filter ] --START--
INFO: Run Behavior\ContentReplaceBehavior [ RunTime:0.000000s ]
INFO: [ template_filter ] --END-- [ RunTime:0.000000s ]
INFO: Run Behavior\ParseTemplateBehavior [ RunTime:0.013001s ]
INFO: [ view_parse ] --END-- [ RunTime:0.013001s ]
INFO: [ view_filter ] --START--
INFO: Run Behavior\WriteHtmlCacheBehavior [ RunTime:0.000000s ]
INFO: [ view_filter ] --END-- [ RunTime:0.000000s ]
INFO: [ app_end ] --START--
INFO: Run Behavior\ShowPageTraceBehavior [ RunTime:0.001000s ]
INFO: [ app_end ] --END-- [ RunTime:0.001000s ]

[ 2018-05-10T16:17:21+08:00 ] ::1 /qa/index.php?s=/Home/Robot/studyLog/lid/1.html
INFO: [ app_init ] --START--
INFO: Run Behavior\BuildLiteBehavior [ RunTime:0.000000s ]
INFO: [ app_init ] --END-- [ RunTime:0.001001s ]
INFO: [ app_begin ] --START--
INFO: Run Behavior\ReadHtmlCacheBehavior [ RunTime:0.001000s ]
INFO: [ app_begin ] --END-- [ RunTime:0.001000s ]
SQL: SHOW COLUMNS FROM `qa_robot_study_article_log` [ RunTime:0.0010s ]
SQL: SELECT COUNT(*) AS tp_count FROM `qa_robot_study_article_log` LIMIT 1   [ RunTime:0.0000s ]
NOTIC: [8] Undefined variable: prePage E:\phpStudy\PHPTutorial\WWW\QA\ThinkPHP\Library\Org\Util\Page.class.php 第 684 行.
NOTIC: [8] Undefined variable: nextPage E:\phpStudy\PHPTutorial\WWW\QA\ThinkPHP\Library\Org\Util\Page.class.php 第 684 行.
SQL: SELECT * FROM `qa_robot_study_article_log` ORDER BY id desc LIMIT 0,30   [ RunTime:0.0010s ]
INFO: [ view_parse ] --START--
INFO: [ template_filter ] --START--
INFO: Run Behavior\ContentReplaceBehavior [ RunTime:0.000000s ]
INFO: [ template_filter ] --END-- [ RunTime:0.000000s ]
INFO: Run Behavior\ParseTemplateBehavior [ RunTime:0.012001s ]
INFO: [ view_parse ] --END-- [ RunTime:0.012001s ]
INFO: [ view_filter ] --START--
INFO: Run Behavior\WriteHtmlCacheBehavior [ RunTime:0.001000s ]
INFO: [ view_filter ] --END-- [ RunTime:0.001000s ]
INFO: [ app_end ] --START--
INFO: Run Behavior\ShowPageTraceBehavior [ RunTime:0.001000s ]
INFO: [ app_end ] --END-- [ RunTime:0.001000s ]

[ 2018-05-10T16:17:22+08:00 ] ::1 /qa/index.php?s=/Home/Robot/studyLog/lid/1.html
INFO: [ app_init ] --START--
INFO: Run Behavior\BuildLiteBehavior [ RunTime:0.000000s ]
INFO: [ app_init ] --END-- [ RunTime:0.001000s ]
INFO: [ app_begin ] --START--
INFO: Run Behavior\ReadHtmlCacheBehavior [ RunTime:0.001000s ]
INFO: [ app_begin ] --END-- [ RunTime:0.001000s ]
SQL: SHOW COLUMNS FROM `qa_robot_study_article_log` [ RunTime:0.0010s ]
SQL: SELECT COUNT(*) AS tp_count FROM `qa_robot_study_article_log` LIMIT 1   [ RunTime:0.0010s ]
NOTIC: [8] Undefined variable: prePage E:\phpStudy\PHPTutorial\WWW\QA\ThinkPHP\Library\Org\Util\Page.class.php 第 684 行.
NOTIC: [8] Undefined variable: nextPage E:\phpStudy\PHPTutorial\WWW\QA\ThinkPHP\Library\Org\Util\Page.class.php 第 684 行.
SQL: SELECT * FROM `qa_robot_study_article_log` ORDER BY id desc LIMIT 0,30   [ RunTime:0.0010s ]
INFO: [ view_parse ] --START--
INFO: [ template_filter ] --START--
INFO: Run Behavior\ContentReplaceBehavior [ RunTime:0.000000s ]
INFO: [ template_filter ] --END-- [ RunTime:0.000000s ]
INFO: Run Behavior\ParseTemplateBehavior [ RunTime:0.012001s ]
INFO: [ view_parse ] --END-- [ RunTime:0.012001s ]
INFO: [ view_filter ] --START--
INFO: Run Behavior\WriteHtmlCacheBehavior [ RunTime:0.000000s ]
INFO: [ view_filter ] --END-- [ RunTime:0.000000s ]
INFO: [ app_end ] --START--
INFO: Run Behavior\ShowPageTraceBehavior [ RunTime:0.001000s ]
INFO: [ app_end ] --END-- [ RunTime:0.001000s ]

[ 2018-05-10T16:17:25+08:00 ] ::1 /qa/index.php?s=/Home/Robot/studyLog/lid/1.html
INFO: [ app_init ] --START--
INFO: Run Behavior\BuildLiteBehavior [ RunTime:0.000000s ]
INFO: [ app_init ] --END-- [ RunTime:0.001000s ]
INFO: [ app_begin ] --START--
INFO: Run Behavior\ReadHtmlCacheBehavior [ RunTime:0.001000s ]
INFO: [ app_begin ] --END-- [ RunTime:0.001000s ]
SQL: SHOW COLUMNS FROM `qa_robot_study_article_log` [ RunTime:0.0010s ]
SQL: SELECT COUNT(*) AS tp_count FROM `qa_robot_study_article_log` LIMIT 1   [ RunTime:0.0010s ]
NOTIC: [8] Undefined variable: prePage E:\phpStudy\PHPTutorial\WWW\QA\ThinkPHP\Library\Org\Util\Page.class.php 第 684 行.
NOTIC: [8] Undefined variable: nextPage E:\phpStudy\PHPTutorial\WWW\QA\ThinkPHP\Library\Org\Util\Page.class.php 第 684 行.
SQL: SELECT * FROM `qa_robot_study_article_log` ORDER BY id desc LIMIT 0,30   [ RunTime:0.0010s ]
INFO: [ view_parse ] --START--
INFO: [ template_filter ] --START--
INFO: Run Behavior\ContentReplaceBehavior [ RunTime:0.000000s ]
INFO: [ template_filter ] --END-- [ RunTime:0.000000s ]
INFO: Run Behavior\ParseTemplateBehavior [ RunTime:0.015001s ]
INFO: [ view_parse ] --END-- [ RunTime:0.015001s ]
INFO: [ view_filter ] --START--
INFO: Run Behavior\WriteHtmlCacheBehavior [ RunTime:0.000000s ]
INFO: [ view_filter ] --END-- [ RunTime:0.000000s ]
INFO: [ app_end ] --START--
INFO: Run Behavior\ShowPageTraceBehavior [ RunTime:0.001000s ]
INFO: [ app_end ] --END-- [ RunTime:0.001000s ]

[ 2018-05-10T16:17:28+08:00 ] ::1 /qa/index.php?s=/Home/Robot/studyLog.html
INFO: [ app_init ] --START--
INFO: Run Behavior\BuildLiteBehavior [ RunTime:0.000000s ]
INFO: [ app_init ] --END-- [ RunTime:0.001000s ]
INFO: [ app_begin ] --START--
INFO: Run Behavior\ReadHtmlCacheBehavior [ RunTime:0.000000s ]
INFO: [ app_begin ] --END-- [ RunTime:0.000000s ]
SQL: SHOW COLUMNS FROM `qa_robot_study_log` [ RunTime:0.0020s ]
SQL: SELECT COUNT(*) AS tp_count FROM `qa_robot_study_log` LIMIT 1   [ RunTime:0.0000s ]
NOTIC: [8] Undefined variable: prePage E:\phpStudy\PHPTutorial\WWW\QA\ThinkPHP\Library\Org\Util\Page.class.php 第 684 行.
NOTIC: [8] Undefined variable: nextPage E:\phpStudy\PHPTutorial\WWW\QA\ThinkPHP\Library\Org\Util\Page.class.php 第 684 行.
SQL: SELECT * FROM `qa_robot_study_log` ORDER BY id desc LIMIT 0,30   [ RunTime:0.0000s ]
INFO: [ view_parse ] --START--
INFO: [ template_filter ] --START--
INFO: Run Behavior\ContentReplaceBehavior [ RunTime:0.000000s ]
INFO: [ template_filter ] --END-- [ RunTime:0.000000s ]
INFO: Run Behavior\ParseTemplateBehavior [ RunTime:0.013001s ]
INFO: [ view_parse ] --END-- [ RunTime:0.013001s ]
INFO: [ view_filter ] --START--
INFO: Run Behavior\WriteHtmlCacheBehavior [ RunTime:0.000000s ]
INFO: [ view_filter ] --END-- [ RunTime:0.000000s ]
INFO: [ app_end ] --START--
INFO: Run Behavior\ShowPageTraceBehavior [ RunTime:0.001000s ]
INFO: [ app_end ] --END-- [ RunTime:0.001000s ]

[ 2018-05-10T16:17:29+08:00 ] ::1 /qa/index.php?s=/Home/Robot/studyLog.html
INFO: [ app_init ] --START--
INFO: Run Behavior\BuildLiteBehavior [ RunTime:0.000000s ]
INFO: [ app_init ] --END-- [ RunTime:0.001001s ]
INFO: [ app_begin ] --START--
INFO: Run Behavior\ReadHtmlCacheBehavior [ RunTime:0.001000s ]
INFO: [ app_begin ] --END-- [ RunTime:0.001000s ]
SQL: SHOW COLUMNS FROM `qa_robot_study_log` [ RunTime:0.0020s ]
SQL: SELECT COUNT(*) AS tp_count FROM `qa_robot_study_log` LIMIT 1   [ RunTime:0.0010s ]
NOTIC: [8] Undefined variable: prePage E:\phpStudy\PHPTutorial\WWW\QA\ThinkPHP\Library\Org\Util\Page.class.php 第 684 行.
NOTIC: [8] Undefined variable: nextPage E:\phpStudy\PHPTutorial\WWW\QA\ThinkPHP\Library\Org\Util\Page.class.php 第 684 行.
SQL: SELECT * FROM `qa_robot_study_log` ORDER BY id desc LIMIT 0,30   [ RunTime:0.0020s ]
INFO: [ view_parse ] --START--
INFO: [ template_filter ] --START--
INFO: Run Behavior\ContentReplaceBehavior [ RunTime:0.000000s ]
INFO: [ template_filter ] --END-- [ RunTime:0.000000s ]
INFO: Run Behavior\ParseTemplateBehavior [ RunTime:0.014000s ]
INFO: [ view_parse ] --END-- [ RunTime:0.014000s ]
INFO: [ view_filter ] --START--
INFO: Run Behavior\WriteHtmlCacheBehavior [ RunTime:0.000000s ]
INFO: [ view_filter ] --END-- [ RunTime:0.000000s ]
INFO: [ app_end ] --START--
INFO: Run Behavior\ShowPageTraceBehavior [ RunTime:0.001000s ]
INFO: [ app_end ] --END-- [ RunTime:0.001000s ]

