[ 2018-02-12T16:23:28+08:00 ] 121.8.160.202 /index.php?s=/Home/login
INFO: [ app_init ] --START--
INFO: Run Behavior\BuildLiteBehavior [ RunTime:0.000011s ]
INFO: [ app_init ] --END-- [ RunTime:0.000253s ]
INFO: [ app_begin ] --START--
INFO: Run Behavior\ReadHtmlCacheBehavior [ RunTime:0.000363s ]
INFO: [ app_begin ] --END-- [ RunTime:0.000400s ]
INFO: [ view_parse ] --START--
INFO: [ template_filter ] --START--
INFO: Run Behavior\ContentReplaceBehavior [ RunTime:0.000050s ]
INFO: [ template_filter ] --END-- [ RunTime:0.000083s ]
INFO: Run Behavior\ParseTemplateBehavior [ RunTime:0.005073s ]
INFO: [ view_parse ] --END-- [ RunTime:0.005110s ]
INFO: [ view_filter ] --START--
INFO: Run Behavior\WriteHtmlCacheBehavior [ RunTime:0.000090s ]
INFO: [ view_filter ] --END-- [ RunTime:0.000116s ]
INFO: [ app_end ] --START--
INFO: Run Behavior\ShowPageTraceBehavior [ RunTime:0.000307s ]
INFO: [ app_end ] --END-- [ RunTime:0.000337s ]

[ 2018-02-12T16:23:28+08:00 ] 121.8.160.202 /index.php?m=home&c=login&a=verify
INFO: [ app_init ] --START--
INFO: Run Behavior\BuildLiteBehavior [ RunTime:0.000010s ]
INFO: [ app_init ] --END-- [ RunTime:0.000242s ]
INFO: [ app_begin ] --START--
INFO: Run Behavior\ReadHtmlCacheBehavior [ RunTime:0.000299s ]
INFO: [ app_begin ] --END-- [ RunTime:0.000332s ]
INFO: [ app_end ] --START--
INFO: Run Behavior\ShowPageTraceBehavior [ RunTime:0.000322s ]
INFO: [ app_end ] --END-- [ RunTime:0.000359s ]

[ 2018-02-12T16:23:36+08:00 ] 121.8.160.202 /index.php?s=/Home/Login/checkVerity
INFO: [ app_init ] --START--
INFO: Run Behavior\BuildLiteBehavior [ RunTime:0.000012s ]
INFO: [ app_init ] --END-- [ RunTime:0.000276s ]
INFO: [ app_begin ] --START--
INFO: Run Behavior\ReadHtmlCacheBehavior [ RunTime:0.000359s ]
INFO: [ app_begin ] --END-- [ RunTime:0.000394s ]

[ 2018-02-12T16:23:36+08:00 ] 121.8.160.202 /index.php?m=home&c=login&a=verify&random=0.4452728887952816
INFO: [ app_init ] --START--
INFO: Run Behavior\BuildLiteBehavior [ RunTime:0.000010s ]
INFO: [ app_init ] --END-- [ RunTime:0.000242s ]
INFO: [ app_begin ] --START--
INFO: Run Behavior\ReadHtmlCacheBehavior [ RunTime:0.000355s ]
INFO: [ app_begin ] --END-- [ RunTime:0.000392s ]
INFO: [ app_end ] --START--
INFO: Run Behavior\ShowPageTraceBehavior [ RunTime:0.000313s ]
INFO: [ app_end ] --END-- [ RunTime:0.000354s ]

[ 2018-02-12T16:23:41+08:00 ] 121.8.160.202 /index.php?s=/Home/Login/checkVerity
INFO: [ app_init ] --START--
INFO: Run Behavior\BuildLiteBehavior [ RunTime:0.000010s ]
INFO: [ app_init ] --END-- [ RunTime:0.000227s ]
INFO: [ app_begin ] --START--
INFO: Run Behavior\ReadHtmlCacheBehavior [ RunTime:0.000300s ]
INFO: [ app_begin ] --END-- [ RunTime:0.000330s ]

[ 2018-02-12T16:23:42+08:00 ] 121.8.160.202 /index.php?s=/Home/Login/checkVerity
INFO: [ app_init ] --START--
INFO: Run Behavior\BuildLiteBehavior [ RunTime:0.000011s ]
INFO: [ app_init ] --END-- [ RunTime:0.000257s ]
INFO: [ app_begin ] --START--
INFO: Run Behavior\ReadHtmlCacheBehavior [ RunTime:0.000357s ]
INFO: [ app_begin ] --END-- [ RunTime:0.000392s ]

[ 2018-02-12T16:23:42+08:00 ] 121.8.160.202 /index.php?s=/Home/Login/checkVerity
INFO: [ app_init ] --START--
INFO: Run Behavior\BuildLiteBehavior [ RunTime:0.000012s ]
INFO: [ app_init ] --END-- [ RunTime:0.000247s ]
INFO: [ app_begin ] --START--
INFO: Run Behavior\ReadHtmlCacheBehavior [ RunTime:0.000355s ]
INFO: [ app_begin ] --END-- [ RunTime:0.000416s ]

[ 2018-02-12T16:23:43+08:00 ] 121.8.160.202 /index.php?s=/Home/Login/checkVerity
INFO: [ app_init ] --START--
INFO: Run Behavior\BuildLiteBehavior [ RunTime:0.000011s ]
INFO: [ app_init ] --END-- [ RunTime:0.000283s ]
INFO: [ app_begin ] --START--
INFO: Run Behavior\ReadHtmlCacheBehavior [ RunTime:0.000329s ]
INFO: [ app_begin ] --END-- [ RunTime:0.000364s ]

[ 2018-02-12T16:23:44+08:00 ] 121.8.160.202 /index.php?s=/home/login/checkLogin
INFO: [ app_init ] --START--
INFO: Run Behavior\BuildLiteBehavior [ RunTime:0.000009s ]
INFO: [ app_init ] --END-- [ RunTime:0.000258s ]
INFO: [ app_begin ] --START--
INFO: Run Behavior\ReadHtmlCacheBehavior [ RunTime:0.000297s ]
INFO: [ app_begin ] --END-- [ RunTime:0.000330s ]
SQL: SHOW COLUMNS FROM `qa_admin` [ RunTime:0.0007s ]
SQL: SELECT `id`,`salt`,`pwd`,`uname`,`tname`,`status` FROM `qa_admin` WHERE ( uname = "admin" ) LIMIT 1   [ RunTime:0.0003s ]
SQL: UPDATE `qa_admin` SET `logintime`='1518423824',`loginip`='121.8.160.202' WHERE ( uname = "admin" ) [ RunTime:0.0036s ]

[ 2018-02-12T16:23:44+08:00 ] 121.8.160.202 /index.php?s=/home/
INFO: [ app_init ] --START--
INFO: Run Behavior\BuildLiteBehavior [ RunTime:0.000008s ]
INFO: [ app_init ] --END-- [ RunTime:0.000217s ]
INFO: [ app_begin ] --START--
INFO: Run Behavior\ReadHtmlCacheBehavior [ RunTime:0.000318s ]
INFO: [ app_begin ] --END-- [ RunTime:0.000351s ]
INFO: [ view_parse ] --START--
INFO: [ template_filter ] --START--
INFO: Run Behavior\ContentReplaceBehavior [ RunTime:0.000055s ]
INFO: [ template_filter ] --END-- [ RunTime:0.000089s ]
INFO: Run Behavior\ParseTemplateBehavior [ RunTime:0.005889s ]
INFO: [ view_parse ] --END-- [ RunTime:0.005923s ]
INFO: [ view_filter ] --START--
INFO: Run Behavior\WriteHtmlCacheBehavior [ RunTime:0.000089s ]
INFO: [ view_filter ] --END-- [ RunTime:0.000116s ]
INFO: [ app_end ] --START--
INFO: Run Behavior\ShowPageTraceBehavior [ RunTime:0.000311s ]
INFO: [ app_end ] --END-- [ RunTime:0.000377s ]

[ 2018-02-12T16:23:46+08:00 ] 121.8.160.202 /index.php?s=/Home/Questions/questionsAdd
INFO: [ app_init ] --START--
INFO: Run Behavior\BuildLiteBehavior [ RunTime:0.000012s ]
INFO: [ app_init ] --END-- [ RunTime:0.000302s ]
INFO: [ app_begin ] --START--
INFO: Run Behavior\ReadHtmlCacheBehavior [ RunTime:0.000333s ]
INFO: [ app_begin ] --END-- [ RunTime:0.000369s ]
SQL: SHOW COLUMNS FROM `qa_question_type` [ RunTime:0.0007s ]
SQL: SELECT `id`,`type_name` FROM `qa_question_type` WHERE ( status=1 )  [ RunTime:0.0003s ]
NOTIC: [8] Undefined variable: strings /disk1/www/wenda.dooland.com/Application/Home/Controller/QuestionsController.class.php 第 97 行.
INFO: [ view_parse ] --START--
INFO: [ template_filter ] --START--
INFO: Run Behavior\ContentReplaceBehavior [ RunTime:0.000123s ]
INFO: [ template_filter ] --END-- [ RunTime:0.000160s ]
INFO: Run Behavior\ParseTemplateBehavior [ RunTime:0.007264s ]
INFO: [ view_parse ] --END-- [ RunTime:0.007296s ]
INFO: [ view_filter ] --START--
INFO: Run Behavior\WriteHtmlCacheBehavior [ RunTime:0.000090s ]
INFO: [ view_filter ] --END-- [ RunTime:0.000118s ]
INFO: [ app_end ] --START--
INFO: Run Behavior\ShowPageTraceBehavior [ RunTime:0.000403s ]
INFO: [ app_end ] --END-- [ RunTime:0.000439s ]

[ 2018-02-12T16:23:48+08:00 ] 121.8.160.202 /index.php?s=/Home/Questions/questionsType
INFO: [ app_init ] --START--
INFO: Run Behavior\BuildLiteBehavior [ RunTime:0.000011s ]
INFO: [ app_init ] --END-- [ RunTime:0.000251s ]
INFO: [ app_begin ] --START--
INFO: Run Behavior\ReadHtmlCacheBehavior [ RunTime:0.000376s ]
INFO: [ app_begin ] --END-- [ RunTime:0.000413s ]
INFO: [ view_parse ] --START--
INFO: [ template_filter ] --START--
INFO: Run Behavior\ContentReplaceBehavior [ RunTime:0.000082s ]
INFO: [ template_filter ] --END-- [ RunTime:0.000114s ]
INFO: Run Behavior\ParseTemplateBehavior [ RunTime:0.006882s ]
INFO: [ view_parse ] --END-- [ RunTime:0.006915s ]
INFO: [ view_filter ] --START--
INFO: Run Behavior\WriteHtmlCacheBehavior [ RunTime:0.000102s ]
INFO: [ view_filter ] --END-- [ RunTime:0.000129s ]
INFO: [ app_end ] --START--
INFO: Run Behavior\ShowPageTraceBehavior [ RunTime:0.000306s ]
INFO: [ app_end ] --END-- [ RunTime:0.000345s ]

[ 2018-02-12T16:23:50+08:00 ] 121.8.160.202 /index.php?s=/Home/Questions/typeList
INFO: [ app_init ] --START--
INFO: Run Behavior\BuildLiteBehavior [ RunTime:0.000011s ]
INFO: [ app_init ] --END-- [ RunTime:0.000253s ]
INFO: [ app_begin ] --START--
INFO: Run Behavior\ReadHtmlCacheBehavior [ RunTime:0.000406s ]
INFO: [ app_begin ] --END-- [ RunTime:0.000443s ]
SQL: SHOW COLUMNS FROM `qa_question_type` [ RunTime:0.0007s ]
SQL: SELECT COUNT(*) AS tp_count FROM `qa_question_type` LIMIT 1   [ RunTime:0.0002s ]
NOTIC: [8] Undefined variable: prePage /disk1/www/wenda.dooland.com/ThinkPHP/Library/Org/Util/Page.class.php 第 684 行.
NOTIC: [8] Undefined variable: nextPage /disk1/www/wenda.dooland.com/ThinkPHP/Library/Org/Util/Page.class.php 第 684 行.
SQL: SELECT `id`,`type_name`,`description`,`add_time`,`status`,`is_new`,`admin_id` FROM `qa_question_type` ORDER BY id desc LIMIT 0,20   [ RunTime:0.0002s ]
SQL: SHOW COLUMNS FROM `qa_admin` [ RunTime:0.0004s ]
SQL: SELECT `tname` FROM `qa_admin` WHERE ( id=1 ) LIMIT 1   [ RunTime:0.0002s ]
SQL: SELECT `tname` FROM `qa_admin` WHERE ( id=1 ) LIMIT 1   [ RunTime:0.0002s ]
SQL: SELECT `tname` FROM `qa_admin` WHERE ( id=1 ) LIMIT 1   [ RunTime:0.0002s ]
INFO: [ view_parse ] --START--
INFO: [ template_filter ] --START--
INFO: Run Behavior\ContentReplaceBehavior [ RunTime:0.000061s ]
INFO: [ template_filter ] --END-- [ RunTime:0.000094s ]
INFO: Run Behavior\ParseTemplateBehavior [ RunTime:0.008438s ]
INFO: [ view_parse ] --END-- [ RunTime:0.008477s ]
INFO: [ view_filter ] --START--
INFO: Run Behavior\WriteHtmlCacheBehavior [ RunTime:0.000088s ]
INFO: [ view_filter ] --END-- [ RunTime:0.000115s ]
INFO: [ app_end ] --START--
INFO: Run Behavior\ShowPageTraceBehavior [ RunTime:0.000420s ]
INFO: [ app_end ] --END-- [ RunTime:0.000456s ]

[ 2018-02-12T16:23:51+08:00 ] 121.8.160.202 /index.php?s=/Home/Questions/answerList
INFO: [ app_init ] --START--
INFO: Run Behavior\BuildLiteBehavior [ RunTime:0.000011s ]
INFO: [ app_init ] --END-- [ RunTime:0.000253s ]
INFO: [ app_begin ] --START--
INFO: Run Behavior\ReadHtmlCacheBehavior [ RunTime:0.000359s ]
INFO: [ app_begin ] --END-- [ RunTime:0.000395s ]
ERR: 非法操作:answerList

[ 2018-02-12T16:24:08+08:00 ] 121.8.160.202 /index.php?s=/Home/Questions/typeStatus/id/13
INFO: [ app_init ] --START--
INFO: Run Behavior\BuildLiteBehavior [ RunTime:0.000011s ]
INFO: [ app_init ] --END-- [ RunTime:0.000247s ]
INFO: [ app_begin ] --START--
INFO: Run Behavior\ReadHtmlCacheBehavior [ RunTime:0.000357s ]
INFO: [ app_begin ] --END-- [ RunTime:0.000392s ]
SQL: SHOW COLUMNS FROM `qa_question_type` [ RunTime:0.0007s ]
SQL: SELECT * FROM `qa_question_type` WHERE ( id=13 ) LIMIT 1   [ RunTime:0.0002s ]
SQL: UPDATE `qa_question_type` SET `status`='-1' WHERE ( id=13 ) [ RunTime:0.0044s ]

[ 2018-02-12T16:24:11+08:00 ] 121.8.160.202 /index.php?s=/Home/Questions/typeList
INFO: [ app_init ] --START--
INFO: Run Behavior\BuildLiteBehavior [ RunTime:0.000011s ]
INFO: [ app_init ] --END-- [ RunTime:0.000254s ]
INFO: [ app_begin ] --START--
INFO: Run Behavior\ReadHtmlCacheBehavior [ RunTime:0.000300s ]
INFO: [ app_begin ] --END-- [ RunTime:0.000346s ]
SQL: SHOW COLUMNS FROM `qa_question_type` [ RunTime:0.0007s ]
SQL: SELECT COUNT(*) AS tp_count FROM `qa_question_type` LIMIT 1   [ RunTime:0.0002s ]
NOTIC: [8] Undefined variable: prePage /disk1/www/wenda.dooland.com/ThinkPHP/Library/Org/Util/Page.class.php 第 684 行.
NOTIC: [8] Undefined variable: nextPage /disk1/www/wenda.dooland.com/ThinkPHP/Library/Org/Util/Page.class.php 第 684 行.
SQL: SELECT `id`,`type_name`,`description`,`add_time`,`status`,`is_new`,`admin_id` FROM `qa_question_type` ORDER BY id desc LIMIT 0,20   [ RunTime:0.0002s ]
SQL: SHOW COLUMNS FROM `qa_admin` [ RunTime:0.0004s ]
SQL: SELECT `tname` FROM `qa_admin` WHERE ( id=1 ) LIMIT 1   [ RunTime:0.0002s ]
SQL: SELECT `tname` FROM `qa_admin` WHERE ( id=1 ) LIMIT 1   [ RunTime:0.0002s ]
SQL: SELECT `tname` FROM `qa_admin` WHERE ( id=1 ) LIMIT 1   [ RunTime:0.0002s ]
INFO: [ view_parse ] --START--
INFO: [ template_filter ] --START--
INFO: Run Behavior\ContentReplaceBehavior [ RunTime:0.000061s ]
INFO: [ template_filter ] --END-- [ RunTime:0.000097s ]
INFO: Run Behavior\ParseTemplateBehavior [ RunTime:0.008491s ]
INFO: [ view_parse ] --END-- [ RunTime:0.008529s ]
INFO: [ view_filter ] --START--
INFO: Run Behavior\WriteHtmlCacheBehavior [ RunTime:0.000107s ]
INFO: [ view_filter ] --END-- [ RunTime:0.000136s ]
INFO: [ app_end ] --START--
INFO: Run Behavior\ShowPageTraceBehavior [ RunTime:0.000306s ]
INFO: [ app_end ] --END-- [ RunTime:0.000338s ]

[ 2018-02-12T16:24:12+08:00 ] 121.8.160.202 /index.php?s=/Home/Questions/typeStatus/id/13
INFO: [ app_init ] --START--
INFO: Run Behavior\BuildLiteBehavior [ RunTime:0.000010s ]
INFO: [ app_init ] --END-- [ RunTime:0.000225s ]
INFO: [ app_begin ] --START--
INFO: Run Behavior\ReadHtmlCacheBehavior [ RunTime:0.000316s ]
INFO: [ app_begin ] --END-- [ RunTime:0.000347s ]
SQL: SHOW COLUMNS FROM `qa_question_type` [ RunTime:0.0006s ]
SQL: SELECT * FROM `qa_question_type` WHERE ( id=13 ) LIMIT 1   [ RunTime:0.0003s ]
SQL: UPDATE `qa_question_type` SET `status`='1' WHERE ( id=13 ) [ RunTime:0.0048s ]

[ 2018-02-12T16:24:13+08:00 ] 121.8.160.202 /index.php?s=/Home/Questions/typeEdit/id/13
INFO: [ app_init ] --START--
INFO: Run Behavior\BuildLiteBehavior [ RunTime:0.000011s ]
INFO: [ app_init ] --END-- [ RunTime:0.000259s ]
INFO: [ app_begin ] --START--
INFO: Run Behavior\ReadHtmlCacheBehavior [ RunTime:0.000320s ]
INFO: [ app_begin ] --END-- [ RunTime:0.000354s ]
SQL: SHOW COLUMNS FROM `qa_question_type` [ RunTime:0.0007s ]
SQL: SELECT * FROM `qa_question_type` WHERE ( id=13 ) LIMIT 1   [ RunTime:0.0003s ]
INFO: [ view_parse ] --START--
INFO: [ template_filter ] --START--
INFO: Run Behavior\ContentReplaceBehavior [ RunTime:0.000040s ]
INFO: [ template_filter ] --END-- [ RunTime:0.000076s ]
INFO: Run Behavior\ParseTemplateBehavior [ RunTime:0.004269s ]
INFO: [ view_parse ] --END-- [ RunTime:0.004310s ]
INFO: [ view_filter ] --START--
INFO: Run Behavior\WriteHtmlCacheBehavior [ RunTime:0.000087s ]
INFO: [ view_filter ] --END-- [ RunTime:0.000115s ]
INFO: [ app_end ] --START--
INFO: Run Behavior\ShowPageTraceBehavior [ RunTime:0.000343s ]
INFO: [ app_end ] --END-- [ RunTime:0.000376s ]

[ 2018-02-12T16:24:15+08:00 ] 121.8.160.202 /index.php?s=/Home/Questions/typeList
INFO: [ app_init ] --START--
INFO: Run Behavior\BuildLiteBehavior [ RunTime:0.000011s ]
INFO: [ app_init ] --END-- [ RunTime:0.000277s ]
INFO: [ app_begin ] --START--
INFO: Run Behavior\ReadHtmlCacheBehavior [ RunTime:0.000355s ]
INFO: [ app_begin ] --END-- [ RunTime:0.000392s ]
SQL: SHOW COLUMNS FROM `qa_question_type` [ RunTime:0.0007s ]
SQL: SELECT COUNT(*) AS tp_count FROM `qa_question_type` LIMIT 1   [ RunTime:0.0002s ]
NOTIC: [8] Undefined variable: prePage /disk1/www/wenda.dooland.com/ThinkPHP/Library/Org/Util/Page.class.php 第 684 行.
NOTIC: [8] Undefined variable: nextPage /disk1/www/wenda.dooland.com/ThinkPHP/Library/Org/Util/Page.class.php 第 684 行.
SQL: SELECT `id`,`type_name`,`description`,`add_time`,`status`,`is_new`,`admin_id` FROM `qa_question_type` ORDER BY id desc LIMIT 0,20   [ RunTime:0.0002s ]
SQL: SHOW COLUMNS FROM `qa_admin` [ RunTime:0.0004s ]
SQL: SELECT `tname` FROM `qa_admin` WHERE ( id=1 ) LIMIT 1   [ RunTime:0.0002s ]
SQL: SELECT `tname` FROM `qa_admin` WHERE ( id=1 ) LIMIT 1   [ RunTime:0.0002s ]
SQL: SELECT `tname` FROM `qa_admin` WHERE ( id=1 ) LIMIT 1   [ RunTime:0.0002s ]
INFO: [ view_parse ] --START--
INFO: [ template_filter ] --START--
INFO: Run Behavior\ContentReplaceBehavior [ RunTime:0.000060s ]
INFO: [ template_filter ] --END-- [ RunTime:0.000094s ]
INFO: Run Behavior\ParseTemplateBehavior [ RunTime:0.008460s ]
INFO: [ view_parse ] --END-- [ RunTime:0.008498s ]
INFO: [ view_filter ] --START--
INFO: Run Behavior\WriteHtmlCacheBehavior [ RunTime:0.000089s ]
INFO: [ view_filter ] --END-- [ RunTime:0.000115s ]
INFO: [ app_end ] --START--
INFO: Run Behavior\ShowPageTraceBehavior [ RunTime:0.000348s ]
INFO: [ app_end ] --END-- [ RunTime:0.000385s ]

[ 2018-02-12T16:24:18+08:00 ] 121.8.160.202 /index.php?s=/Home/Questions/questionsAdd
INFO: [ app_init ] --START--
INFO: Run Behavior\BuildLiteBehavior [ RunTime:0.000011s ]
INFO: [ app_init ] --END-- [ RunTime:0.000282s ]
INFO: [ app_begin ] --START--
INFO: Run Behavior\ReadHtmlCacheBehavior [ RunTime:0.000350s ]
INFO: [ app_begin ] --END-- [ RunTime:0.000386s ]
SQL: SHOW COLUMNS FROM `qa_question_type` [ RunTime:0.0007s ]
SQL: SELECT `id`,`type_name` FROM `qa_question_type` WHERE ( status=1 )  [ RunTime:0.0002s ]
NOTIC: [8] Undefined variable: strings /disk1/www/wenda.dooland.com/Application/Home/Controller/QuestionsController.class.php 第 97 行.
INFO: [ view_parse ] --START--
INFO: [ template_filter ] --START--
INFO: Run Behavior\ContentReplaceBehavior [ RunTime:0.000091s ]
INFO: [ template_filter ] --END-- [ RunTime:0.000124s ]
INFO: Run Behavior\ParseTemplateBehavior [ RunTime:0.007281s ]
INFO: [ view_parse ] --END-- [ RunTime:0.007315s ]
INFO: [ view_filter ] --START--
INFO: Run Behavior\WriteHtmlCacheBehavior [ RunTime:0.000093s ]
INFO: [ view_filter ] --END-- [ RunTime:0.000120s ]
INFO: [ app_end ] --START--
INFO: Run Behavior\ShowPageTraceBehavior [ RunTime:0.000341s ]
INFO: [ app_end ] --END-- [ RunTime:0.000378s ]

[ 2018-02-12T16:24:19+08:00 ] 121.8.160.202 /index.php?s=/Home/Questions/questionsList
INFO: [ app_init ] --START--
INFO: Run Behavior\BuildLiteBehavior [ RunTime:0.000011s ]
INFO: [ app_init ] --END-- [ RunTime:0.000283s ]
INFO: [ app_begin ] --START--
INFO: Run Behavior\ReadHtmlCacheBehavior [ RunTime:0.000339s ]
INFO: [ app_begin ] --END-- [ RunTime:0.000391s ]
SQL: SHOW COLUMNS FROM `qa_question_list` [ RunTime:0.0007s ]
SQL: SELECT COUNT(*) AS tp_count FROM `qa_question_list` LIMIT 1   [ RunTime:0.0002s ]
NOTIC: [8] Undefined variable: prePage /disk1/www/wenda.dooland.com/ThinkPHP/Library/Org/Util/Page.class.php 第 684 行.
NOTIC: [8] Undefined variable: nextPage /disk1/www/wenda.dooland.com/ThinkPHP/Library/Org/Util/Page.class.php 第 684 行.
SQL: SELECT `id`,`question_title`,`description`,`add_time`,`status`,`is_new`,`admin_id` FROM `qa_question_list` ORDER BY id desc LIMIT 0,20   [ RunTime:0.0002s ]
SQL: SHOW COLUMNS FROM `qa_admin` [ RunTime:0.0004s ]
SQL: SELECT `tname` FROM `qa_admin` WHERE ( id=1 ) LIMIT 1   [ RunTime:0.0002s ]
SQL: SELECT `tname` FROM `qa_admin` WHERE ( id=1 ) LIMIT 1   [ RunTime:0.0002s ]
INFO: [ view_parse ] --START--
INFO: [ template_filter ] --START--
INFO: Run Behavior\ContentReplaceBehavior [ RunTime:0.000074s ]
INFO: [ template_filter ] --END-- [ RunTime:0.000110s ]
INFO: Run Behavior\ParseTemplateBehavior [ RunTime:0.008588s ]
INFO: [ view_parse ] --END-- [ RunTime:0.008626s ]
INFO: [ view_filter ] --START--
INFO: Run Behavior\WriteHtmlCacheBehavior [ RunTime:0.000105s ]
INFO: [ view_filter ] --END-- [ RunTime:0.000133s ]
INFO: [ app_end ] --START--
INFO: Run Behavior\ShowPageTraceBehavior [ RunTime:0.000365s ]
INFO: [ app_end ] --END-- [ RunTime:0.000402s ]

[ 2018-02-12T16:24:21+08:00 ] 121.8.160.202 /index.php?s=/Home/Questions/questionsType
INFO: [ app_init ] --START--
INFO: Run Behavior\BuildLiteBehavior [ RunTime:0.000012s ]
INFO: [ app_init ] --END-- [ RunTime:0.000276s ]
INFO: [ app_begin ] --START--
INFO: Run Behavior\ReadHtmlCacheBehavior [ RunTime:0.000410s ]
INFO: [ app_begin ] --END-- [ RunTime:0.000446s ]
INFO: [ view_parse ] --START--
INFO: [ template_filter ] --START--
INFO: Run Behavior\ContentReplaceBehavior [ RunTime:0.000082s ]
INFO: [ template_filter ] --END-- [ RunTime:0.000116s ]
INFO: Run Behavior\ParseTemplateBehavior [ RunTime:0.006872s ]
INFO: [ view_parse ] --END-- [ RunTime:0.006906s ]
INFO: [ view_filter ] --START--
INFO: Run Behavior\WriteHtmlCacheBehavior [ RunTime:0.000094s ]
INFO: [ view_filter ] --END-- [ RunTime:0.000143s ]
INFO: [ app_end ] --START--
INFO: Run Behavior\ShowPageTraceBehavior [ RunTime:0.000373s ]
INFO: [ app_end ] --END-- [ RunTime:0.000409s ]

[ 2018-02-12T16:24:22+08:00 ] 121.8.160.202 /index.php?s=/Home/Questions/typeList
INFO: [ app_init ] --START--
INFO: Run Behavior\BuildLiteBehavior [ RunTime:0.000010s ]
INFO: [ app_init ] --END-- [ RunTime:0.000251s ]
INFO: [ app_begin ] --START--
INFO: Run Behavior\ReadHtmlCacheBehavior [ RunTime:0.000298s ]
INFO: [ app_begin ] --END-- [ RunTime:0.000330s ]
SQL: SHOW COLUMNS FROM `qa_question_type` [ RunTime:0.0007s ]
SQL: SELECT COUNT(*) AS tp_count FROM `qa_question_type` LIMIT 1   [ RunTime:0.0002s ]
NOTIC: [8] Undefined variable: prePage /disk1/www/wenda.dooland.com/ThinkPHP/Library/Org/Util/Page.class.php 第 684 行.
NOTIC: [8] Undefined variable: nextPage /disk1/www/wenda.dooland.com/ThinkPHP/Library/Org/Util/Page.class.php 第 684 行.
SQL: SELECT `id`,`type_name`,`description`,`add_time`,`status`,`is_new`,`admin_id` FROM `qa_question_type` ORDER BY id desc LIMIT 0,20   [ RunTime:0.0002s ]
SQL: SHOW COLUMNS FROM `qa_admin` [ RunTime:0.0005s ]
SQL: SELECT `tname` FROM `qa_admin` WHERE ( id=1 ) LIMIT 1   [ RunTime:0.0002s ]
SQL: SELECT `tname` FROM `qa_admin` WHERE ( id=1 ) LIMIT 1   [ RunTime:0.0002s ]
SQL: SELECT `tname` FROM `qa_admin` WHERE ( id=1 ) LIMIT 1   [ RunTime:0.0002s ]
INFO: [ view_parse ] --START--
INFO: [ template_filter ] --START--
INFO: Run Behavior\ContentReplaceBehavior [ RunTime:0.000061s ]
INFO: [ template_filter ] --END-- [ RunTime:0.000118s ]
INFO: Run Behavior\ParseTemplateBehavior [ RunTime:0.008421s ]
INFO: [ view_parse ] --END-- [ RunTime:0.008454s ]
INFO: [ view_filter ] --START--
INFO: Run Behavior\WriteHtmlCacheBehavior [ RunTime:0.000113s ]
INFO: [ view_filter ] --END-- [ RunTime:0.000141s ]
INFO: [ app_end ] --START--
INFO: Run Behavior\ShowPageTraceBehavior [ RunTime:0.000385s ]
INFO: [ app_end ] --END-- [ RunTime:0.000422s ]

[ 2018-02-12T16:24:54+08:00 ] 121.8.160.202 /index.php?s=/Home/Questions/questionsType
INFO: [ app_init ] --START--
INFO: Run Behavior\BuildLiteBehavior [ RunTime:0.000012s ]
INFO: [ app_init ] --END-- [ RunTime:0.000257s ]
INFO: [ app_begin ] --START--
INFO: Run Behavior\ReadHtmlCacheBehavior [ RunTime:0.000379s ]
INFO: [ app_begin ] --END-- [ RunTime:0.000417s ]
INFO: [ view_parse ] --START--
INFO: [ template_filter ] --START--
INFO: Run Behavior\ContentReplaceBehavior [ RunTime:0.000094s ]
INFO: [ template_filter ] --END-- [ RunTime:0.000150s ]
INFO: Run Behavior\ParseTemplateBehavior [ RunTime:0.007392s ]
INFO: [ view_parse ] --END-- [ RunTime:0.007427s ]
INFO: [ view_filter ] --START--
INFO: Run Behavior\WriteHtmlCacheBehavior [ RunTime:0.000089s ]
INFO: [ view_filter ] --END-- [ RunTime:0.000115s ]
INFO: [ app_end ] --START--
INFO: Run Behavior\ShowPageTraceBehavior [ RunTime:0.000348s ]
INFO: [ app_end ] --END-- [ RunTime:0.000383s ]

[ 2018-02-12T16:24:55+08:00 ] 121.8.160.202 /index.php?s=/Home/Questions/questionsList
INFO: [ app_init ] --START--
INFO: Run Behavior\BuildLiteBehavior [ RunTime:0.000011s ]
INFO: [ app_init ] --END-- [ RunTime:0.000285s ]
INFO: [ app_begin ] --START--
INFO: Run Behavior\ReadHtmlCacheBehavior [ RunTime:0.000336s ]
INFO: [ app_begin ] --END-- [ RunTime:0.000373s ]
SQL: SHOW COLUMNS FROM `qa_question_list` [ RunTime:0.0007s ]
SQL: SELECT COUNT(*) AS tp_count FROM `qa_question_list` LIMIT 1   [ RunTime:0.0002s ]
NOTIC: [8] Undefined variable: prePage /disk1/www/wenda.dooland.com/ThinkPHP/Library/Org/Util/Page.class.php 第 684 行.
NOTIC: [8] Undefined variable: nextPage /disk1/www/wenda.dooland.com/ThinkPHP/Library/Org/Util/Page.class.php 第 684 行.
SQL: SELECT `id`,`question_title`,`description`,`add_time`,`status`,`is_new`,`admin_id` FROM `qa_question_list` ORDER BY id desc LIMIT 0,20   [ RunTime:0.0002s ]
SQL: SHOW COLUMNS FROM `qa_admin` [ RunTime:0.0004s ]
SQL: SELECT `tname` FROM `qa_admin` WHERE ( id=1 ) LIMIT 1   [ RunTime:0.0002s ]
SQL: SELECT `tname` FROM `qa_admin` WHERE ( id=1 ) LIMIT 1   [ RunTime:0.0002s ]
INFO: [ view_parse ] --START--
INFO: [ template_filter ] --START--
INFO: Run Behavior\ContentReplaceBehavior [ RunTime:0.000060s ]
INFO: [ template_filter ] --END-- [ RunTime:0.000094s ]
INFO: Run Behavior\ParseTemplateBehavior [ RunTime:0.008516s ]
INFO: [ view_parse ] --END-- [ RunTime:0.008555s ]
INFO: [ view_filter ] --START--
INFO: Run Behavior\WriteHtmlCacheBehavior [ RunTime:0.000087s ]
INFO: [ view_filter ] --END-- [ RunTime:0.000113s ]
INFO: [ app_end ] --START--
INFO: Run Behavior\ShowPageTraceBehavior [ RunTime:0.000362s ]
INFO: [ app_end ] --END-- [ RunTime:0.000399s ]

[ 2018-02-12T16:24:59+08:00 ] 121.8.160.202 /index.php?s=/Home/Questions/questionsEdit/id/2
INFO: [ app_init ] --START--
INFO: Run Behavior\BuildLiteBehavior [ RunTime:0.000012s ]
INFO: [ app_init ] --END-- [ RunTime:0.000248s ]
INFO: [ app_begin ] --START--
INFO: Run Behavior\ReadHtmlCacheBehavior [ RunTime:0.000359s ]
INFO: [ app_begin ] --END-- [ RunTime:0.000395s ]
ERR: 非法操作:questionsEdit

[ 2018-02-12T16:25:01+08:00 ] 121.8.160.202 /index.php?s=/Home/Questions/questionsEdit/id/1
INFO: [ app_init ] --START--
INFO: Run Behavior\BuildLiteBehavior [ RunTime:0.000011s ]
INFO: [ app_init ] --END-- [ RunTime:0.000279s ]
INFO: [ app_begin ] --START--
INFO: Run Behavior\ReadHtmlCacheBehavior [ RunTime:0.000355s ]
INFO: [ app_begin ] --END-- [ RunTime:0.000390s ]
ERR: 非法操作:questionsEdit

[ 2018-02-12T16:25:04+08:00 ] 121.8.160.202 /index.php?s=/Home/Questions/questionsType
INFO: [ app_init ] --START--
INFO: Run Behavior\BuildLiteBehavior [ RunTime:0.000011s ]
INFO: [ app_init ] --END-- [ RunTime:0.000250s ]
INFO: [ app_begin ] --START--
INFO: Run Behavior\ReadHtmlCacheBehavior [ RunTime:0.000298s ]
INFO: [ app_begin ] --END-- [ RunTime:0.000331s ]
INFO: [ view_parse ] --START--
INFO: [ template_filter ] --START--
INFO: Run Behavior\ContentReplaceBehavior [ RunTime:0.000093s ]
INFO: [ template_filter ] --END-- [ RunTime:0.000129s ]
INFO: Run Behavior\ParseTemplateBehavior [ RunTime:0.007060s ]
INFO: [ view_parse ] --END-- [ RunTime:0.007093s ]
INFO: [ view_filter ] --START--
INFO: Run Behavior\WriteHtmlCacheBehavior [ RunTime:0.000088s ]
INFO: [ view_filter ] --END-- [ RunTime:0.000113s ]
INFO: [ app_end ] --START--
INFO: Run Behavior\ShowPageTraceBehavior [ RunTime:0.000391s ]
INFO: [ app_end ] --END-- [ RunTime:0.000430s ]

[ 2018-02-12T16:25:06+08:00 ] 121.8.160.202 /index.php?s=/Home/Questions/typeList
INFO: [ app_init ] --START--
INFO: Run Behavior\BuildLiteBehavior [ RunTime:0.000011s ]
INFO: [ app_init ] --END-- [ RunTime:0.000269s ]
INFO: [ app_begin ] --START--
INFO: Run Behavior\ReadHtmlCacheBehavior [ RunTime:0.000367s ]
INFO: [ app_begin ] --END-- [ RunTime:0.000403s ]
SQL: SHOW COLUMNS FROM `qa_question_type` [ RunTime:0.0007s ]
SQL: SELECT COUNT(*) AS tp_count FROM `qa_question_type` LIMIT 1   [ RunTime:0.0002s ]
NOTIC: [8] Undefined variable: prePage /disk1/www/wenda.dooland.com/ThinkPHP/Library/Org/Util/Page.class.php 第 684 行.
NOTIC: [8] Undefined variable: nextPage /disk1/www/wenda.dooland.com/ThinkPHP/Library/Org/Util/Page.class.php 第 684 行.
SQL: SELECT `id`,`type_name`,`description`,`add_time`,`status`,`is_new`,`admin_id` FROM `qa_question_type` ORDER BY id desc LIMIT 0,20   [ RunTime:0.0002s ]
SQL: SHOW COLUMNS FROM `qa_admin` [ RunTime:0.0005s ]
SQL: SELECT `tname` FROM `qa_admin` WHERE ( id=1 ) LIMIT 1   [ RunTime:0.0002s ]
SQL: SELECT `tname` FROM `qa_admin` WHERE ( id=1 ) LIMIT 1   [ RunTime:0.0002s ]
SQL: SELECT `tname` FROM `qa_admin` WHERE ( id=1 ) LIMIT 1   [ RunTime:0.0002s ]
INFO: [ view_parse ] --START--
INFO: [ template_filter ] --START--
INFO: Run Behavior\ContentReplaceBehavior [ RunTime:0.000059s ]
INFO: [ template_filter ] --END-- [ RunTime:0.000093s ]
INFO: Run Behavior\ParseTemplateBehavior [ RunTime:0.008563s ]
INFO: [ view_parse ] --END-- [ RunTime:0.008603s ]
INFO: [ view_filter ] --START--
INFO: Run Behavior\WriteHtmlCacheBehavior [ RunTime:0.000088s ]
INFO: [ view_filter ] --END-- [ RunTime:0.000114s ]
INFO: [ app_end ] --START--
INFO: Run Behavior\ShowPageTraceBehavior [ RunTime:0.000409s ]
INFO: [ app_end ] --END-- [ RunTime:0.000451s ]

[ 2018-02-12T16:25:07+08:00 ] 121.8.160.202 /index.php?s=/Home/Questions/typeEdit/id/13
INFO: [ app_init ] --START--
INFO: Run Behavior\BuildLiteBehavior [ RunTime:0.000010s ]
INFO: [ app_init ] --END-- [ RunTime:0.000223s ]
INFO: [ app_begin ] --START--
INFO: Run Behavior\ReadHtmlCacheBehavior [ RunTime:0.000312s ]
INFO: [ app_begin ] --END-- [ RunTime:0.000346s ]
SQL: SHOW COLUMNS FROM `qa_question_type` [ RunTime:0.0007s ]
SQL: SELECT * FROM `qa_question_type` WHERE ( id=13 ) LIMIT 1   [ RunTime:0.0003s ]
INFO: [ view_parse ] --START--
INFO: [ template_filter ] --START--
INFO: Run Behavior\ContentReplaceBehavior [ RunTime:0.000038s ]
INFO: [ template_filter ] --END-- [ RunTime:0.000072s ]
INFO: Run Behavior\ParseTemplateBehavior [ RunTime:0.004300s ]
INFO: [ view_parse ] --END-- [ RunTime:0.004342s ]
INFO: [ view_filter ] --START--
INFO: Run Behavior\WriteHtmlCacheBehavior [ RunTime:0.000124s ]
INFO: [ view_filter ] --END-- [ RunTime:0.000151s ]
INFO: [ app_end ] --START--
INFO: Run Behavior\ShowPageTraceBehavior [ RunTime:0.000328s ]
INFO: [ app_end ] --END-- [ RunTime:0.000361s ]

[ 2018-02-12T16:25:09+08:00 ] 121.8.160.202 /index.php?s=/Home/Questions/typeEdit
INFO: [ app_init ] --START--
INFO: Run Behavior\BuildLiteBehavior [ RunTime:0.000012s ]
INFO: [ app_init ] --END-- [ RunTime:0.000272s ]
INFO: [ app_begin ] --START--
INFO: Run Behavior\ReadHtmlCacheBehavior [ RunTime:0.000364s ]
INFO: [ app_begin ] --END-- [ RunTime:0.000398s ]
SQL: SHOW COLUMNS FROM `qa_question_type` [ RunTime:0.0006s ]
SQL: UPDATE `qa_question_type` SET `type_name`='分类5',`description`='分类5',`is_new`='1',`status`='1' WHERE ( id = 13 ) [ RunTime:0.0040s ]

[ 2018-02-12T16:25:10+08:00 ] 121.8.160.202 /index.php?s=/Home/Questions/typeEdit
INFO: [ app_init ] --START--
INFO: Run Behavior\BuildLiteBehavior [ RunTime:0.000009s ]
INFO: [ app_init ] --END-- [ RunTime:0.000288s ]
INFO: [ app_begin ] --START--
INFO: Run Behavior\ReadHtmlCacheBehavior [ RunTime:0.000293s ]
INFO: [ app_begin ] --END-- [ RunTime:0.000323s ]
SQL: SHOW COLUMNS FROM `qa_question_type` [ RunTime:0.0007s ]
SQL: UPDATE `qa_question_type` SET `type_name`='分类5',`description`='分类5',`is_new`='1',`status`='1' WHERE ( id = 13 ) [ RunTime:0.0036s ]

[ 2018-02-12T16:25:15+08:00 ] 121.8.160.202 /index.php?s=/Home/Questions/answerList
INFO: [ app_init ] --START--
INFO: Run Behavior\BuildLiteBehavior [ RunTime:0.000011s ]
INFO: [ app_init ] --END-- [ RunTime:0.000283s ]
INFO: [ app_begin ] --START--
INFO: Run Behavior\ReadHtmlCacheBehavior [ RunTime:0.000338s ]
INFO: [ app_begin ] --END-- [ RunTime:0.000375s ]
ERR: 非法操作:answerList

[ 2018-02-12T16:25:19+08:00 ] 121.8.160.202 /index.php?s=/Home/Questions/questionsList
INFO: [ app_init ] --START--
INFO: Run Behavior\BuildLiteBehavior [ RunTime:0.000012s ]
INFO: [ app_init ] --END-- [ RunTime:0.000279s ]
INFO: [ app_begin ] --START--
INFO: Run Behavior\ReadHtmlCacheBehavior [ RunTime:0.000335s ]
INFO: [ app_begin ] --END-- [ RunTime:0.000372s ]
SQL: SHOW COLUMNS FROM `qa_question_list` [ RunTime:0.0007s ]
SQL: SELECT COUNT(*) AS tp_count FROM `qa_question_list` LIMIT 1   [ RunTime:0.0002s ]
NOTIC: [8] Undefined variable: prePage /disk1/www/wenda.dooland.com/ThinkPHP/Library/Org/Util/Page.class.php 第 684 行.
NOTIC: [8] Undefined variable: nextPage /disk1/www/wenda.dooland.com/ThinkPHP/Library/Org/Util/Page.class.php 第 684 行.
SQL: SELECT `id`,`question_title`,`description`,`add_time`,`status`,`is_new`,`admin_id` FROM `qa_question_list` ORDER BY id desc LIMIT 0,20   [ RunTime:0.0002s ]
SQL: SHOW COLUMNS FROM `qa_admin` [ RunTime:0.0004s ]
SQL: SELECT `tname` FROM `qa_admin` WHERE ( id=1 ) LIMIT 1   [ RunTime:0.0002s ]
SQL: SELECT `tname` FROM `qa_admin` WHERE ( id=1 ) LIMIT 1   [ RunTime:0.0002s ]
INFO: [ view_parse ] --START--
INFO: [ template_filter ] --START--
INFO: Run Behavior\ContentReplaceBehavior [ RunTime:0.000060s ]
INFO: [ template_filter ] --END-- [ RunTime:0.000094s ]
INFO: Run Behavior\ParseTemplateBehavior [ RunTime:0.008478s ]
INFO: [ view_parse ] --END-- [ RunTime:0.008532s ]
INFO: [ view_filter ] --START--
INFO: Run Behavior\WriteHtmlCacheBehavior [ RunTime:0.000091s ]
INFO: [ view_filter ] --END-- [ RunTime:0.000118s ]
INFO: [ app_end ] --START--
INFO: Run Behavior\ShowPageTraceBehavior [ RunTime:0.000357s ]
INFO: [ app_end ] --END-- [ RunTime:0.000398s ]

[ 2018-02-12T16:25:21+08:00 ] 121.8.160.202 /index.php?s=/Home/Questions/questionsAdd
INFO: [ app_init ] --START--
INFO: Run Behavior\BuildLiteBehavior [ RunTime:0.000012s ]
INFO: [ app_init ] --END-- [ RunTime:0.000286s ]
INFO: [ app_begin ] --START--
INFO: Run Behavior\ReadHtmlCacheBehavior [ RunTime:0.000337s ]
INFO: [ app_begin ] --END-- [ RunTime:0.000375s ]
SQL: SHOW COLUMNS FROM `qa_question_type` [ RunTime:0.0007s ]
SQL: SELECT `id`,`type_name` FROM `qa_question_type` WHERE ( status=1 )  [ RunTime:0.0002s ]
NOTIC: [8] Undefined variable: strings /disk1/www/wenda.dooland.com/Application/Home/Controller/QuestionsController.class.php 第 97 行.
INFO: [ view_parse ] --START--
INFO: [ template_filter ] --START--
INFO: Run Behavior\ContentReplaceBehavior [ RunTime:0.000091s ]
INFO: [ template_filter ] --END-- [ RunTime:0.000124s ]
INFO: Run Behavior\ParseTemplateBehavior [ RunTime:0.007243s ]
INFO: [ view_parse ] --END-- [ RunTime:0.007275s ]
INFO: [ view_filter ] --START--
INFO: Run Behavior\WriteHtmlCacheBehavior [ RunTime:0.000091s ]
INFO: [ view_filter ] --END-- [ RunTime:0.000118s ]
INFO: [ app_end ] --START--
INFO: Run Behavior\ShowPageTraceBehavior [ RunTime:0.000338s ]
INFO: [ app_end ] --END-- [ RunTime:0.000374s ]

