[ 2018-04-02T15:35:45+08:00 ] 127.0.0.1 /qa/Public/img/syncfusion-icons-white.png
INFO: [ app_init ] --START--
INFO: Run Behavior\BuildLiteBehavior [ RunTime:0.000000s ]
INFO: [ app_init ] --END-- [ RunTime:0.000000s ]
ERR: 无法加载模块:Qa

[ 2018-04-02T15:35:45+08:00 ] 127.0.0.1 /qa/favicon.ico
INFO: [ app_init ] --START--
INFO: Run Behavior\BuildLiteBehavior [ RunTime:0.000000s ]
INFO: [ app_init ] --END-- [ RunTime:0.000000s ]
ERR: 无法加载模块:Qa

[ 2018-04-02T15:35:55+08:00 ] 127.0.0.1 /qa/__FAVICON__
INFO: [ app_init ] --START--
INFO: Run Behavior\BuildLiteBehavior [ RunTime:0.000000s ]
INFO: [ app_init ] --END-- [ RunTime:0.000000s ]
ERR: 无法加载模块:Qa

[ 2018-04-02T17:44:36+08:00 ] 127.0.0.1 /qa/Public/img/sidebar-menu-arrow.png
INFO: [ app_init ] --START--
INFO: Run Behavior\BuildLiteBehavior [ RunTime:0.000000s ]
INFO: [ app_init ] --END-- [ RunTime:0.001000s ]
ERR: 无法加载模块:Qa

[ 2018-04-02T17:44:40+08:00 ] 127.0.0.1 /qa/Public/img/sidebar-menu-arrow.png
INFO: [ app_init ] --START--
INFO: Run Behavior\BuildLiteBehavior [ RunTime:0.000000s ]
INFO: [ app_init ] --END-- [ RunTime:0.000000s ]
ERR: 无法加载模块:Qa

