[ 2018-03-26T11:42:46+08:00 ] ::1 /QA/Public/img/syncfusion-icons-white.png
INFO: [ app_init ] --START--
INFO: Run Behavior\BuildLiteBehavior [ RunTime:0.000000s ]
INFO: [ app_init ] --END-- [ RunTime:0.001001s ]
ERR: 无法加载模块:QA

[ 2018-03-26T11:42:46+08:00 ] ::1 /QA/favicon.ico
INFO: [ app_init ] --START--
INFO: Run Behavior\BuildLiteBehavior [ RunTime:0.000000s ]
INFO: [ app_init ] --END-- [ RunTime:0.000000s ]
ERR: 无法加载模块:QA

[ 2018-03-26T11:43:40+08:00 ] 127.0.0.1 /QA/Public/img/syncfusion-icons-white.png
INFO: [ app_init ] --START--
INFO: Run Behavior\BuildLiteBehavior [ RunTime:0.000000s ]
INFO: [ app_init ] --END-- [ RunTime:0.000000s ]
ERR: 无法加载模块:QA

[ 2018-03-26T11:44:01+08:00 ] 127.0.0.1 /QA/Public/img/syncfusion-icons-white.png
INFO: [ app_init ] --START--
INFO: Run Behavior\BuildLiteBehavior [ RunTime:0.000000s ]
INFO: [ app_init ] --END-- [ RunTime:0.000000s ]
ERR: 无法加载模块:QA

[ 2018-03-26T11:44:44+08:00 ] 127.0.0.1 /QA/Public/img/syncfusion-icons-white.png
INFO: [ app_init ] --START--
INFO: Run Behavior\BuildLiteBehavior [ RunTime:0.001000s ]
INFO: [ app_init ] --END-- [ RunTime:0.001000s ]
ERR: 无法加载模块:QA

[ 2018-03-26T11:45:04+08:00 ] 127.0.0.1 /QA/Public/img/syncfusion-icons-white.png
INFO: [ app_init ] --START--
INFO: Run Behavior\BuildLiteBehavior [ RunTime:0.000000s ]
INFO: [ app_init ] --END-- [ RunTime:0.000000s ]
ERR: 无法加载模块:QA

[ 2018-03-26T11:47:16+08:00 ] 127.0.0.1 /QA/Public/img/sidebar-menu-arrow.png
INFO: [ app_init ] --START--
INFO: Run Behavior\BuildLiteBehavior [ RunTime:0.000000s ]
INFO: [ app_init ] --END-- [ RunTime:0.001000s ]
ERR: 无法加载模块:QA

