[ 2018-05-18T11:05:42+08:00 ] ::1 /qa/index.php?s=/Questions/questionsList/oid/8
INFO: [ app_init ] --START--
INFO: Run Behavior\BuildLiteBehavior [ RunTime:0.000000s ]
INFO: [ app_init ] --END-- [ RunTime:0.001000s ]
ERR: 无法加载模块:Questions

[ 2018-05-18T11:06:09+08:00 ] ::1 /qa/index.php?s=/Questions/questionsList/oid/8
INFO: [ app_init ] --START--
INFO: Run Behavior\BuildLiteBehavior [ RunTime:0.000000s ]
INFO: [ app_init ] --END-- [ RunTime:0.001000s ]
ERR: 无法加载模块:Questions

[ 2018-05-18T11:06:45+08:00 ] ::1 /qa/index.php?s=/Questions/questionsList/oid/8.html
INFO: [ app_init ] --START--
INFO: Run Behavior\BuildLiteBehavior [ RunTime:0.000000s ]
INFO: [ app_init ] --END-- [ RunTime:0.000000s ]
ERR: 无法加载模块:Questions

[ 2018-05-18T11:08:49+08:00 ] ::1 /qa/index.php?s=/Questions/questionsList/oid/8.html
INFO: [ app_init ] --START--
INFO: Run Behavior\BuildLiteBehavior [ RunTime:0.000000s ]
INFO: [ app_init ] --END-- [ RunTime:0.000000s ]
ERR: 无法加载模块:Questions

[ 2018-05-18T11:09:09+08:00 ] ::1 /qa/index.php?s=/Questions/questionsList/oid/8.html
INFO: [ app_init ] --START--
INFO: Run Behavior\BuildLiteBehavior [ RunTime:0.000000s ]
INFO: [ app_init ] --END-- [ RunTime:0.001000s ]
ERR: 无法加载模块:Questions

[ 2018-05-18T11:09:23+08:00 ] ::1 /qa/index.php?s=/Questions/questionsList/oid/8.html
INFO: [ app_init ] --START--
INFO: Run Behavior\BuildLiteBehavior [ RunTime:0.000000s ]
INFO: [ app_init ] --END-- [ RunTime:0.001000s ]
ERR: 无法加载模块:Questions

[ 2018-05-18T11:09:25+08:00 ] ::1 /qa/index.php?s=/Questions/questionsList/oid/8.html
INFO: [ app_init ] --START--
INFO: Run Behavior\BuildLiteBehavior [ RunTime:0.000000s ]
INFO: [ app_init ] --END-- [ RunTime:0.001000s ]
ERR: 无法加载模块:Questions

