[ 2018-03-29T10:27:18+08:00 ] ::1 /qa/Public/img/sidebar-menu-arrow.png
INFO: [ app_init ] --START--
INFO: Run Behavior\BuildLiteBehavior [ RunTime:0.000000s ]
INFO: [ app_init ] --END-- [ RunTime:0.000000s ]
ERR: 无法加载模块:Qa

[ 2018-03-29T10:27:36+08:00 ] ::1 /qa/Public/img/sidebar-menu-arrow.png
INFO: [ app_init ] --START--
INFO: Run Behavior\BuildLiteBehavior [ RunTime:0.000000s ]
INFO: [ app_init ] --END-- [ RunTime:0.001000s ]
ERR: 无法加载模块:Qa

[ 2018-03-29T10:30:33+08:00 ] ::1 /qa/Public/img/sidebar-menu-arrow.png
INFO: [ app_init ] --START--
INFO: Run Behavior\BuildLiteBehavior [ RunTime:0.000000s ]
INFO: [ app_init ] --END-- [ RunTime:0.001000s ]
ERR: 无法加载模块:Qa

[ 2018-03-29T11:34:21+08:00 ] 127.0.0.1 /qa/Public/img/sidebar-menu-arrow.png
INFO: [ app_init ] --START--
INFO: Run Behavior\BuildLiteBehavior [ RunTime:0.000000s ]
INFO: [ app_init ] --END-- [ RunTime:0.000000s ]
ERR: 无法加载模块:Qa

