[ 2018-04-04T11:27:11+08:00 ] 127.0.0.1 /qa/Public/img/sidebar-menu-arrow.png
INFO: [ app_init ] --START--
INFO: Run Behavior\BuildLiteBehavior [ RunTime:0.000000s ]
INFO: [ app_init ] --END-- [ RunTime:0.001000s ]
ERR: 无法加载模块:Qa

[ 2018-04-04T11:32:37+08:00 ] 127.0.0.1 /qa/search-form2.js
INFO: [ app_init ] --START--
INFO: Run Behavior\BuildLiteBehavior [ RunTime:0.000000s ]
INFO: [ app_init ] --END-- [ RunTime:0.000000s ]
ERR: 无法加载模块:Qa

[ 2018-04-04T11:32:38+08:00 ] 127.0.0.1 /qa/Public/img/sidebar-menu-arrow.png
INFO: [ app_init ] --START--
INFO: Run Behavior\BuildLiteBehavior [ RunTime:0.000000s ]
INFO: [ app_init ] --END-- [ RunTime:0.001000s ]
ERR: 无法加载模块:Qa

[ 2018-04-04T11:33:11+08:00 ] 127.0.0.1 /qa/search-form2.js
INFO: [ app_init ] --START--
INFO: Run Behavior\BuildLiteBehavior [ RunTime:0.000000s ]
INFO: [ app_init ] --END-- [ RunTime:0.001000s ]
ERR: 无法加载模块:Qa

[ 2018-04-04T11:33:11+08:00 ] 127.0.0.1 /qa/Public/img/sidebar-menu-arrow.png
INFO: [ app_init ] --START--
INFO: Run Behavior\BuildLiteBehavior [ RunTime:0.000000s ]
INFO: [ app_init ] --END-- [ RunTime:0.001000s ]
ERR: 无法加载模块:Qa

[ 2018-04-04T11:33:44+08:00 ] 127.0.0.1 /qa/Public/img/sidebar-menu-arrow.png
INFO: [ app_init ] --START--
INFO: Run Behavior\BuildLiteBehavior [ RunTime:0.000000s ]
INFO: [ app_init ] --END-- [ RunTime:0.001000s ]
ERR: 无法加载模块:Qa

[ 2018-04-04T11:39:49+08:00 ] 127.0.0.1 /qa/Public/img/sidebar-menu-arrow.png
INFO: [ app_init ] --START--
INFO: Run Behavior\BuildLiteBehavior [ RunTime:0.001000s ]
INFO: [ app_init ] --END-- [ RunTime:0.001000s ]
ERR: 无法加载模块:Qa

[ 2018-04-04T11:40:14+08:00 ] 127.0.0.1 /qa/Public/img/sidebar-menu-arrow.png
INFO: [ app_init ] --START--
INFO: Run Behavior\BuildLiteBehavior [ RunTime:0.000000s ]
INFO: [ app_init ] --END-- [ RunTime:0.002000s ]
ERR: 无法加载模块:Qa

[ 2018-04-04T11:41:21+08:00 ] 127.0.0.1 /qa/Public/img/sidebar-menu-arrow.png
INFO: [ app_init ] --START--
INFO: Run Behavior\BuildLiteBehavior [ RunTime:0.000000s ]
INFO: [ app_init ] --END-- [ RunTime:0.000000s ]
ERR: 无法加载模块:Qa

[ 2018-04-04T11:43:29+08:00 ] 127.0.0.1 /qa/Public/img/sidebar-menu-arrow.png
INFO: [ app_init ] --START--
INFO: Run Behavior\BuildLiteBehavior [ RunTime:0.000000s ]
INFO: [ app_init ] --END-- [ RunTime:0.000000s ]
ERR: 无法加载模块:Qa

[ 2018-04-04T11:44:10+08:00 ] 127.0.0.1 /qa/Public/img/sidebar-menu-arrow.png
INFO: [ app_init ] --START--
INFO: Run Behavior\BuildLiteBehavior [ RunTime:0.000000s ]
INFO: [ app_init ] --END-- [ RunTime:0.002001s ]
ERR: 无法加载模块:Qa

[ 2018-04-04T11:44:34+08:00 ] 127.0.0.1 /qa/Public/img/sidebar-menu-arrow.png
INFO: [ app_init ] --START--
INFO: Run Behavior\BuildLiteBehavior [ RunTime:0.000000s ]
INFO: [ app_init ] --END-- [ RunTime:0.001000s ]
ERR: 无法加载模块:Qa

[ 2018-04-04T11:44:54+08:00 ] 127.0.0.1 /qa/Public/img/sidebar-menu-arrow.png
INFO: [ app_init ] --START--
INFO: Run Behavior\BuildLiteBehavior [ RunTime:0.000000s ]
INFO: [ app_init ] --END-- [ RunTime:0.001000s ]
ERR: 无法加载模块:Qa

[ 2018-04-04T11:45:01+08:00 ] 127.0.0.1 /qa/Public/img/sidebar-menu-arrow.png
INFO: [ app_init ] --START--
INFO: Run Behavior\BuildLiteBehavior [ RunTime:0.000000s ]
INFO: [ app_init ] --END-- [ RunTime:0.001000s ]
ERR: 无法加载模块:Qa

[ 2018-04-04T11:46:45+08:00 ] 127.0.0.1 /qa/Public/img/sidebar-menu-arrow.png
INFO: [ app_init ] --START--
INFO: Run Behavior\BuildLiteBehavior [ RunTime:0.000000s ]
INFO: [ app_init ] --END-- [ RunTime:0.000000s ]
ERR: 无法加载模块:Qa

[ 2018-04-04T11:48:18+08:00 ] 127.0.0.1 /qa/Public/img/sidebar-menu-arrow.png
INFO: [ app_init ] --START--
INFO: Run Behavior\BuildLiteBehavior [ RunTime:0.000000s ]
INFO: [ app_init ] --END-- [ RunTime:0.001000s ]
ERR: 无法加载模块:Qa

[ 2018-04-04T11:48:35+08:00 ] 127.0.0.1 /qa/Public/img/sidebar-menu-arrow.png
INFO: [ app_init ] --START--
INFO: Run Behavior\BuildLiteBehavior [ RunTime:0.000000s ]
INFO: [ app_init ] --END-- [ RunTime:0.001000s ]
ERR: 无法加载模块:Qa

[ 2018-04-04T11:50:45+08:00 ] 127.0.0.1 /qa/Public/img/sidebar-menu-arrow.png
INFO: [ app_init ] --START--
INFO: Run Behavior\BuildLiteBehavior [ RunTime:0.000000s ]
INFO: [ app_init ] --END-- [ RunTime:0.001000s ]
ERR: 无法加载模块:Qa

[ 2018-04-04T11:51:03+08:00 ] 127.0.0.1 /qa/Public/img/sidebar-menu-arrow.png
INFO: [ app_init ] --START--
INFO: Run Behavior\BuildLiteBehavior [ RunTime:0.000000s ]
INFO: [ app_init ] --END-- [ RunTime:0.001000s ]
ERR: 无法加载模块:Qa

[ 2018-04-04T11:51:27+08:00 ] 127.0.0.1 /qa/Public/img/sidebar-menu-arrow.png
INFO: [ app_init ] --START--
INFO: Run Behavior\BuildLiteBehavior [ RunTime:0.000000s ]
INFO: [ app_init ] --END-- [ RunTime:0.000000s ]
ERR: 无法加载模块:Qa

[ 2018-04-04T11:52:03+08:00 ] 127.0.0.1 /qa/Public/img/sidebar-menu-arrow.png
INFO: [ app_init ] --START--
INFO: Run Behavior\BuildLiteBehavior [ RunTime:0.000000s ]
INFO: [ app_init ] --END-- [ RunTime:0.000000s ]
ERR: 无法加载模块:Qa

[ 2018-04-04T11:52:07+08:00 ] 127.0.0.1 /qa/Public/img/sidebar-menu-arrow.png
INFO: [ app_init ] --START--
INFO: Run Behavior\BuildLiteBehavior [ RunTime:0.000000s ]
INFO: [ app_init ] --END-- [ RunTime:0.001000s ]
ERR: 无法加载模块:Qa

[ 2018-04-04T11:52:18+08:00 ] 127.0.0.1 /qa/Public/img/sidebar-menu-arrow.png
INFO: [ app_init ] --START--
INFO: Run Behavior\BuildLiteBehavior [ RunTime:0.000000s ]
INFO: [ app_init ] --END-- [ RunTime:0.001000s ]
ERR: 无法加载模块:Qa

[ 2018-04-04T11:52:32+08:00 ] 127.0.0.1 /qa/Public/img/sidebar-menu-arrow.png
INFO: [ app_init ] --START--
INFO: Run Behavior\BuildLiteBehavior [ RunTime:0.000000s ]
INFO: [ app_init ] --END-- [ RunTime:0.001000s ]
ERR: 无法加载模块:Qa

[ 2018-04-04T11:52:37+08:00 ] 127.0.0.1 /qa/Public/img/sidebar-menu-arrow.png
INFO: [ app_init ] --START--
INFO: Run Behavior\BuildLiteBehavior [ RunTime:0.000000s ]
INFO: [ app_init ] --END-- [ RunTime:0.000000s ]
ERR: 无法加载模块:Qa

[ 2018-04-04T11:53:20+08:00 ] 127.0.0.1 /qa/Public/img/sidebar-menu-arrow.png
INFO: [ app_init ] --START--
INFO: Run Behavior\BuildLiteBehavior [ RunTime:0.000000s ]
INFO: [ app_init ] --END-- [ RunTime:0.001001s ]
ERR: 无法加载模块:Qa

[ 2018-04-04T11:53:21+08:00 ] 127.0.0.1 /qa/Public/img/sidebar-menu-arrow.png
INFO: [ app_init ] --START--
INFO: Run Behavior\BuildLiteBehavior [ RunTime:0.000000s ]
INFO: [ app_init ] --END-- [ RunTime:0.000000s ]
ERR: 无法加载模块:Qa

[ 2018-04-04T11:57:17+08:00 ] 127.0.0.1 /qa/Public/img/sidebar-menu-arrow.png
INFO: [ app_init ] --START--
INFO: Run Behavior\BuildLiteBehavior [ RunTime:0.000000s ]
INFO: [ app_init ] --END-- [ RunTime:0.001000s ]
ERR: 无法加载模块:Qa

[ 2018-04-04T11:58:31+08:00 ] 127.0.0.1 /qa/Public/img/sidebar-menu-arrow.png
INFO: [ app_init ] --START--
INFO: Run Behavior\BuildLiteBehavior [ RunTime:0.000000s ]
INFO: [ app_init ] --END-- [ RunTime:0.001000s ]
ERR: 无法加载模块:Qa

[ 2018-04-04T11:58:32+08:00 ] 127.0.0.1 /qa/Public/img/sidebar-menu-arrow.png
INFO: [ app_init ] --START--
INFO: Run Behavior\BuildLiteBehavior [ RunTime:0.000000s ]
INFO: [ app_init ] --END-- [ RunTime:0.001000s ]
ERR: 无法加载模块:Qa

[ 2018-04-04T11:58:34+08:00 ] 127.0.0.1 /qa/Public/img/sidebar-menu-arrow.png
INFO: [ app_init ] --START--
INFO: Run Behavior\BuildLiteBehavior [ RunTime:0.000000s ]
INFO: [ app_init ] --END-- [ RunTime:0.001000s ]
ERR: 无法加载模块:Qa

[ 2018-04-04T11:58:35+08:00 ] 127.0.0.1 /qa/Public/img/sidebar-menu-arrow.png
INFO: [ app_init ] --START--
INFO: Run Behavior\BuildLiteBehavior [ RunTime:0.000000s ]
INFO: [ app_init ] --END-- [ RunTime:0.001000s ]
ERR: 无法加载模块:Qa

[ 2018-04-04T12:02:42+08:00 ] 127.0.0.1 /qa/Public/img/sidebar-menu-arrow.png
INFO: [ app_init ] --START--
INFO: Run Behavior\BuildLiteBehavior [ RunTime:0.000000s ]
INFO: [ app_init ] --END-- [ RunTime:0.000000s ]
ERR: 无法加载模块:Qa

[ 2018-04-04T12:03:14+08:00 ] 127.0.0.1 /qa/Public/img/sidebar-menu-arrow.png
INFO: [ app_init ] --START--
INFO: Run Behavior\BuildLiteBehavior [ RunTime:0.000000s ]
INFO: [ app_init ] --END-- [ RunTime:0.001000s ]
ERR: 无法加载模块:Qa

[ 2018-04-04T12:03:37+08:00 ] 127.0.0.1 /qa/Public/img/sidebar-menu-arrow.png
INFO: [ app_init ] --START--
INFO: Run Behavior\BuildLiteBehavior [ RunTime:0.000000s ]
INFO: [ app_init ] --END-- [ RunTime:0.000000s ]
ERR: 无法加载模块:Qa

[ 2018-04-04T12:03:41+08:00 ] 127.0.0.1 /qa/Public/img/sidebar-menu-arrow.png
INFO: [ app_init ] --START--
INFO: Run Behavior\BuildLiteBehavior [ RunTime:0.000000s ]
INFO: [ app_init ] --END-- [ RunTime:0.000000s ]
ERR: 无法加载模块:Qa

[ 2018-04-04T12:03:43+08:00 ] 127.0.0.1 /qa/Public/img/sidebar-menu-arrow.png
INFO: [ app_init ] --START--
INFO: Run Behavior\BuildLiteBehavior [ RunTime:0.000000s ]
INFO: [ app_init ] --END-- [ RunTime:0.001000s ]
ERR: 无法加载模块:Qa

[ 2018-04-04T12:04:14+08:00 ] 127.0.0.1 /qa/Public/img/sidebar-menu-arrow.png
INFO: [ app_init ] --START--
INFO: Run Behavior\BuildLiteBehavior [ RunTime:0.000000s ]
INFO: [ app_init ] --END-- [ RunTime:0.000000s ]
ERR: 无法加载模块:Qa

[ 2018-04-04T12:04:23+08:00 ] 127.0.0.1 /qa/Public/img/sidebar-menu-arrow.png
INFO: [ app_init ] --START--
INFO: Run Behavior\BuildLiteBehavior [ RunTime:0.000000s ]
INFO: [ app_init ] --END-- [ RunTime:0.000000s ]
ERR: 无法加载模块:Qa

[ 2018-04-04T12:05:03+08:00 ] 127.0.0.1 /qa/Public/img/sidebar-menu-arrow.png
INFO: [ app_init ] --START--
INFO: Run Behavior\BuildLiteBehavior [ RunTime:0.000000s ]
INFO: [ app_init ] --END-- [ RunTime:0.001000s ]
ERR: 无法加载模块:Qa

[ 2018-04-04T12:06:03+08:00 ] 127.0.0.1 /qa/Public/img/sidebar-menu-arrow.png
INFO: [ app_init ] --START--
INFO: Run Behavior\BuildLiteBehavior [ RunTime:0.000000s ]
INFO: [ app_init ] --END-- [ RunTime:0.001000s ]
ERR: 无法加载模块:Qa

[ 2018-04-04T12:06:22+08:00 ] 127.0.0.1 /qa/Public/img/sidebar-menu-arrow.png
INFO: [ app_init ] --START--
INFO: Run Behavior\BuildLiteBehavior [ RunTime:0.001000s ]
INFO: [ app_init ] --END-- [ RunTime:0.001000s ]
ERR: 无法加载模块:Qa

[ 2018-04-04T12:06:28+08:00 ] 127.0.0.1 /qa/Public/img/sidebar-menu-arrow.png
INFO: [ app_init ] --START--
INFO: Run Behavior\BuildLiteBehavior [ RunTime:0.000000s ]
INFO: [ app_init ] --END-- [ RunTime:0.001000s ]
ERR: 无法加载模块:Qa

[ 2018-04-04T13:34:13+08:00 ] 127.0.0.1 /qa/Public/img/sidebar-menu-arrow.png
INFO: [ app_init ] --START--
INFO: Run Behavior\BuildLiteBehavior [ RunTime:0.000000s ]
INFO: [ app_init ] --END-- [ RunTime:0.000000s ]
ERR: 无法加载模块:Qa

[ 2018-04-04T15:48:06+08:00 ] 127.0.0.1 /qa/favicon.ico
INFO: [ app_init ] --START--
INFO: Run Behavior\BuildLiteBehavior [ RunTime:0.000000s ]
INFO: [ app_init ] --END-- [ RunTime:0.001000s ]
ERR: 无法加载模块:Qa

[ 2018-04-04T15:48:07+08:00 ] 127.0.0.1 /qa/Public/img/syncfusion-icons-white.png
INFO: [ app_init ] --START--
INFO: Run Behavior\BuildLiteBehavior [ RunTime:0.000000s ]
INFO: [ app_init ] --END-- [ RunTime:0.000000s ]
ERR: 无法加载模块:Qa

[ 2018-04-04T15:48:09+08:00 ] 127.0.0.1 /qa/Public/img/syncfusion-icons-white.png
INFO: [ app_init ] --START--
INFO: Run Behavior\BuildLiteBehavior [ RunTime:0.000000s ]
INFO: [ app_init ] --END-- [ RunTime:0.001000s ]
ERR: 无法加载模块:Qa

[ 2018-04-04T18:39:45+08:00 ] 127.0.0.1 /qa/Public/img/sidebar-menu-arrow.png
INFO: [ app_init ] --START--
INFO: Run Behavior\BuildLiteBehavior [ RunTime:0.000000s ]
INFO: [ app_init ] --END-- [ RunTime:0.002000s ]
ERR: 无法加载模块:Qa

[ 2018-04-04T19:12:12+08:00 ] 127.0.0.1 /qa/Public/img/syncfusion-icons-white.png
INFO: [ app_init ] --START--
INFO: Run Behavior\BuildLiteBehavior [ RunTime:0.000000s ]
INFO: [ app_init ] --END-- [ RunTime:0.000000s ]
ERR: 无法加载模块:Qa

